2025-07-30 17:04:04,655 - INFO - Démarrage du programme
2025-07-30 17:04:04,655 - INFO - nettoyage du dossier 'out' : C:\Users\nicol\Documents\ABEILLES\logiciel\blackBeeID\out
2025-07-30 17:04:04,656 - INFO - suppression du fichier C:\Users\nicol\Documents\ABEILLES\logiciel\blackBeeID\out\0_histogramme_RUTTNER_mellifera.png
2025-07-30 17:04:04,661 - INFO - suppression du fichier C:\Users\nicol\Documents\ABEILLES\logiciel\blackBeeID\out\10_out.jpg
2025-07-30 17:04:04,662 - INFO - suppression du fichier C:\Users\nicol\Documents\ABEILLES\logiciel\blackBeeID\out\11_out.jpg
2025-07-30 17:04:04,662 - INFO - suppression du fichier C:\Users\nicol\Documents\ABEILLES\logiciel\blackBeeID\out\12_out.jpg
2025-07-30 17:04:04,662 - INFO - suppression du fichier C:\Users\nicol\Documents\ABEILLES\logiciel\blackBeeID\out\13_out.jpg
2025-07-30 17:04:04,664 - INFO - suppression du fichier C:\Users\nicol\Documents\ABEILLES\logiciel\blackBeeID\out\14_out.jpg
2025-07-30 17:04:04,664 - INFO - suppression du fichier C:\Users\nicol\Documents\ABEILLES\logiciel\blackBeeID\out\15_out.jpg
2025-07-30 17:04:04,665 - INFO - suppression du fichier C:\Users\nicol\Documents\ABEILLES\logiciel\blackBeeID\out\16_out.jpg
2025-07-30 17:04:04,666 - INFO - suppression du fichier C:\Users\nicol\Documents\ABEILLES\logiciel\blackBeeID\out\17_out.jpg
2025-07-30 17:04:04,667 - INFO - suppression du fichier C:\Users\nicol\Documents\ABEILLES\logiciel\blackBeeID\out\18_out.jpg
2025-07-30 17:04:04,667 - INFO - suppression du fichier C:\Users\nicol\Documents\ABEILLES\logiciel\blackBeeID\out\19_out.jpg
2025-07-30 17:04:04,668 - INFO - suppression du fichier C:\Users\nicol\Documents\ABEILLES\logiciel\blackBeeID\out\1_histogramme_RUTTNER_caucasica.png
2025-07-30 17:04:04,669 - INFO - suppression du fichier C:\Users\nicol\Documents\ABEILLES\logiciel\blackBeeID\out\1_out.jpg
2025-07-30 17:04:04,670 - INFO - suppression du fichier C:\Users\nicol\Documents\ABEILLES\logiciel\blackBeeID\out\20_out.jpg
2025-07-30 17:04:04,670 - INFO - suppression du fichier C:\Users\nicol\Documents\ABEILLES\logiciel\blackBeeID\out\21_out.jpg
2025-07-30 17:04:04,671 - INFO - suppression du fichier C:\Users\nicol\Documents\ABEILLES\logiciel\blackBeeID\out\22_out.jpg
2025-07-30 17:04:04,671 - INFO - suppression du fichier C:\Users\nicol\Documents\ABEILLES\logiciel\blackBeeID\out\23_out.jpg
2025-07-30 17:04:04,671 - INFO - suppression du fichier C:\Users\nicol\Documents\ABEILLES\logiciel\blackBeeID\out\24_out.jpg
2025-07-30 17:04:04,672 - INFO - suppression du fichier C:\Users\nicol\Documents\ABEILLES\logiciel\blackBeeID\out\25_out.jpg
2025-07-30 17:04:04,672 - INFO - suppression du fichier C:\Users\nicol\Documents\ABEILLES\logiciel\blackBeeID\out\26_out.jpg
2025-07-30 17:04:04,672 - INFO - suppression du fichier C:\Users\nicol\Documents\ABEILLES\logiciel\blackBeeID\out\27_out.jpg
2025-07-30 17:04:04,672 - INFO - suppression du fichier C:\Users\nicol\Documents\ABEILLES\logiciel\blackBeeID\out\28_out.jpg
2025-07-30 17:04:04,673 - INFO - suppression du fichier C:\Users\nicol\Documents\ABEILLES\logiciel\blackBeeID\out\29_out.jpg
2025-07-30 17:04:04,673 - INFO - suppression du fichier C:\Users\nicol\Documents\ABEILLES\logiciel\blackBeeID\out\2_histogramme_RUTTNER_ligustica.png
2025-07-30 17:04:04,673 - INFO - suppression du fichier C:\Users\nicol\Documents\ABEILLES\logiciel\blackBeeID\out\2_out.jpg
2025-07-30 17:04:04,673 - INFO - suppression du fichier C:\Users\nicol\Documents\ABEILLES\logiciel\blackBeeID\out\30_out.jpg
2025-07-30 17:04:04,674 - INFO - suppression du fichier C:\Users\nicol\Documents\ABEILLES\logiciel\blackBeeID\out\31_out.jpg
2025-07-30 17:04:04,675 - INFO - suppression du fichier C:\Users\nicol\Documents\ABEILLES\logiciel\blackBeeID\out\32_out.jpg
2025-07-30 17:04:04,676 - INFO - suppression du fichier C:\Users\nicol\Documents\ABEILLES\logiciel\blackBeeID\out\33_out.jpg
2025-07-30 17:04:04,676 - INFO - suppression du fichier C:\Users\nicol\Documents\ABEILLES\logiciel\blackBeeID\out\34_out.jpg
2025-07-30 17:04:04,677 - INFO - suppression du fichier C:\Users\nicol\Documents\ABEILLES\logiciel\blackBeeID\out\35_out.jpg
2025-07-30 17:04:04,677 - INFO - suppression du fichier C:\Users\nicol\Documents\ABEILLES\logiciel\blackBeeID\out\36_out.jpg
2025-07-30 17:04:04,677 - INFO - suppression du fichier C:\Users\nicol\Documents\ABEILLES\logiciel\blackBeeID\out\37_out.jpg
2025-07-30 17:04:04,678 - INFO - suppression du fichier C:\Users\nicol\Documents\ABEILLES\logiciel\blackBeeID\out\38_out.jpg
2025-07-30 17:04:04,678 - INFO - suppression du fichier C:\Users\nicol\Documents\ABEILLES\logiciel\blackBeeID\out\39_out.jpg
2025-07-30 17:04:04,679 - INFO - suppression du fichier C:\Users\nicol\Documents\ABEILLES\logiciel\blackBeeID\out\3_histogramme_RUTTNER_carnica.png
2025-07-30 17:04:04,679 - INFO - suppression du fichier C:\Users\nicol\Documents\ABEILLES\logiciel\blackBeeID\out\3_out.jpg
2025-07-30 17:04:04,680 - INFO - suppression du fichier C:\Users\nicol\Documents\ABEILLES\logiciel\blackBeeID\out\40_out.jpg
2025-07-30 17:04:04,680 - INFO - suppression du fichier C:\Users\nicol\Documents\ABEILLES\logiciel\blackBeeID\out\41_out.jpg
2025-07-30 17:04:04,681 - INFO - suppression du fichier C:\Users\nicol\Documents\ABEILLES\logiciel\blackBeeID\out\42_out.jpg
2025-07-30 17:04:04,681 - INFO - suppression du fichier C:\Users\nicol\Documents\ABEILLES\logiciel\blackBeeID\out\43_out.jpg
2025-07-30 17:04:04,681 - INFO - suppression du fichier C:\Users\nicol\Documents\ABEILLES\logiciel\blackBeeID\out\44_out.jpg
2025-07-30 17:04:04,682 - INFO - suppression du fichier C:\Users\nicol\Documents\ABEILLES\logiciel\blackBeeID\out\45_out.jpg
2025-07-30 17:04:04,683 - INFO - suppression du fichier C:\Users\nicol\Documents\ABEILLES\logiciel\blackBeeID\out\46_out.jpg
2025-07-30 17:04:04,683 - INFO - suppression du fichier C:\Users\nicol\Documents\ABEILLES\logiciel\blackBeeID\out\47_out.jpg
2025-07-30 17:04:04,683 - INFO - suppression du fichier C:\Users\nicol\Documents\ABEILLES\logiciel\blackBeeID\out\48_out.jpg
2025-07-30 17:04:04,684 - INFO - suppression du fichier C:\Users\nicol\Documents\ABEILLES\logiciel\blackBeeID\out\49_out.jpg
2025-07-30 17:04:04,684 - INFO - suppression du fichier C:\Users\nicol\Documents\ABEILLES\logiciel\blackBeeID\out\4_out.jpg
2025-07-30 17:04:04,684 - INFO - suppression du fichier C:\Users\nicol\Documents\ABEILLES\logiciel\blackBeeID\out\50_out.jpg
2025-07-30 17:04:04,685 - INFO - suppression du fichier C:\Users\nicol\Documents\ABEILLES\logiciel\blackBeeID\out\51_out.jpg
2025-07-30 17:04:04,685 - INFO - suppression du fichier C:\Users\nicol\Documents\ABEILLES\logiciel\blackBeeID\out\52_out.jpg
2025-07-30 17:04:04,685 - INFO - suppression du fichier C:\Users\nicol\Documents\ABEILLES\logiciel\blackBeeID\out\53_out.jpg
2025-07-30 17:04:04,686 - INFO - suppression du fichier C:\Users\nicol\Documents\ABEILLES\logiciel\blackBeeID\out\54_out.jpg
2025-07-30 17:04:04,686 - INFO - suppression du fichier C:\Users\nicol\Documents\ABEILLES\logiciel\blackBeeID\out\55_out.jpg
2025-07-30 17:04:04,686 - INFO - suppression du fichier C:\Users\nicol\Documents\ABEILLES\logiciel\blackBeeID\out\56_out.jpg
2025-07-30 17:04:04,687 - INFO - suppression du fichier C:\Users\nicol\Documents\ABEILLES\logiciel\blackBeeID\out\57_out.jpg
2025-07-30 17:04:04,687 - INFO - suppression du fichier C:\Users\nicol\Documents\ABEILLES\logiciel\blackBeeID\out\58_out.jpg
2025-07-30 17:04:04,687 - INFO - suppression du fichier C:\Users\nicol\Documents\ABEILLES\logiciel\blackBeeID\out\59_out.jpg
2025-07-30 17:04:04,688 - INFO - suppression du fichier C:\Users\nicol\Documents\ABEILLES\logiciel\blackBeeID\out\5_out.jpg
2025-07-30 17:04:04,688 - INFO - suppression du fichier C:\Users\nicol\Documents\ABEILLES\logiciel\blackBeeID\out\60_out.jpg
2025-07-30 17:04:04,688 - INFO - suppression du fichier C:\Users\nicol\Documents\ABEILLES\logiciel\blackBeeID\out\61_out.jpg
2025-07-30 17:04:04,689 - INFO - suppression du fichier C:\Users\nicol\Documents\ABEILLES\logiciel\blackBeeID\out\62_out.jpg
2025-07-30 17:04:04,689 - INFO - suppression du fichier C:\Users\nicol\Documents\ABEILLES\logiciel\blackBeeID\out\63_out.jpg
2025-07-30 17:04:04,689 - INFO - suppression du fichier C:\Users\nicol\Documents\ABEILLES\logiciel\blackBeeID\out\64_out.jpg
2025-07-30 17:04:04,689 - INFO - suppression du fichier C:\Users\nicol\Documents\ABEILLES\logiciel\blackBeeID\out\65_out.jpg
2025-07-30 17:04:04,690 - INFO - suppression du fichier C:\Users\nicol\Documents\ABEILLES\logiciel\blackBeeID\out\6_out.jpg
2025-07-30 17:04:04,690 - INFO - suppression du fichier C:\Users\nicol\Documents\ABEILLES\logiciel\blackBeeID\out\7_out.jpg
2025-07-30 17:04:04,691 - INFO - suppression du fichier C:\Users\nicol\Documents\ABEILLES\logiciel\blackBeeID\out\8_out.jpg
2025-07-30 17:04:04,691 - INFO - suppression du fichier C:\Users\nicol\Documents\ABEILLES\logiciel\blackBeeID\out\9_out.jpg
2025-07-30 17:04:04,692 - INFO - suppression du fichier C:\Users\nicol\Documents\ABEILLES\logiciel\blackBeeID\out\abacus_RUTTNER.txt
2025-07-30 17:04:04,692 - INFO - suppression du fichier C:\Users\nicol\Documents\ABEILLES\logiciel\blackBeeID\out\results.txt
2025-07-30 17:04:04,693 - INFO - suppression du fichier C:\Users\nicol\Documents\ABEILLES\logiciel\blackBeeID\out\scatter_plot.png
2025-07-30 17:04:04,693 - INFO - nettoyage du dossier 'in' : C:\Users\nicol\Documents\ABEILLES\logiciel\blackBeeID\in
2025-07-30 17:04:04,693 - INFO - suppression du fichier C:\Users\nicol\Documents\ABEILLES\logiciel\blackBeeID\in\10_in.jpg
2025-07-30 17:04:04,693 - INFO - suppression du fichier C:\Users\nicol\Documents\ABEILLES\logiciel\blackBeeID\in\11_in.jpg
2025-07-30 17:04:04,694 - INFO - suppression du fichier C:\Users\nicol\Documents\ABEILLES\logiciel\blackBeeID\in\12_in.jpg
2025-07-30 17:04:04,694 - INFO - suppression du fichier C:\Users\nicol\Documents\ABEILLES\logiciel\blackBeeID\in\13_in.jpg
2025-07-30 17:04:04,694 - INFO - suppression du fichier C:\Users\nicol\Documents\ABEILLES\logiciel\blackBeeID\in\14_in.jpg
2025-07-30 17:04:04,695 - INFO - suppression du fichier C:\Users\nicol\Documents\ABEILLES\logiciel\blackBeeID\in\15_in.jpg
2025-07-30 17:04:04,695 - INFO - suppression du fichier C:\Users\nicol\Documents\ABEILLES\logiciel\blackBeeID\in\16_in.jpg
2025-07-30 17:04:04,696 - INFO - suppression du fichier C:\Users\nicol\Documents\ABEILLES\logiciel\blackBeeID\in\17_in.jpg
2025-07-30 17:04:04,696 - INFO - suppression du fichier C:\Users\nicol\Documents\ABEILLES\logiciel\blackBeeID\in\18_in.jpg
2025-07-30 17:04:04,697 - INFO - suppression du fichier C:\Users\nicol\Documents\ABEILLES\logiciel\blackBeeID\in\19_in.jpg
2025-07-30 17:04:04,697 - INFO - suppression du fichier C:\Users\nicol\Documents\ABEILLES\logiciel\blackBeeID\in\1_in.jpg
2025-07-30 17:04:04,698 - INFO - suppression du fichier C:\Users\nicol\Documents\ABEILLES\logiciel\blackBeeID\in\20_in.jpg
2025-07-30 17:04:04,698 - INFO - suppression du fichier C:\Users\nicol\Documents\ABEILLES\logiciel\blackBeeID\in\21_in.jpg
2025-07-30 17:04:04,698 - INFO - suppression du fichier C:\Users\nicol\Documents\ABEILLES\logiciel\blackBeeID\in\22_in.jpg
2025-07-30 17:04:04,699 - INFO - suppression du fichier C:\Users\nicol\Documents\ABEILLES\logiciel\blackBeeID\in\23_in.jpg
2025-07-30 17:04:04,699 - INFO - suppression du fichier C:\Users\nicol\Documents\ABEILLES\logiciel\blackBeeID\in\24_in.jpg
2025-07-30 17:04:04,700 - INFO - suppression du fichier C:\Users\nicol\Documents\ABEILLES\logiciel\blackBeeID\in\25_in.jpg
2025-07-30 17:04:04,701 - INFO - suppression du fichier C:\Users\nicol\Documents\ABEILLES\logiciel\blackBeeID\in\26_in.jpg
2025-07-30 17:04:04,701 - INFO - suppression du fichier C:\Users\nicol\Documents\ABEILLES\logiciel\blackBeeID\in\27_in.jpg
2025-07-30 17:04:04,702 - INFO - suppression du fichier C:\Users\nicol\Documents\ABEILLES\logiciel\blackBeeID\in\28_in.jpg
2025-07-30 17:04:04,702 - INFO - suppression du fichier C:\Users\nicol\Documents\ABEILLES\logiciel\blackBeeID\in\29_in.jpg
2025-07-30 17:04:04,702 - INFO - suppression du fichier C:\Users\nicol\Documents\ABEILLES\logiciel\blackBeeID\in\2_in.jpg
2025-07-30 17:04:04,703 - INFO - suppression du fichier C:\Users\nicol\Documents\ABEILLES\logiciel\blackBeeID\in\30_in.jpg
2025-07-30 17:04:04,703 - INFO - suppression du fichier C:\Users\nicol\Documents\ABEILLES\logiciel\blackBeeID\in\31_in.jpg
2025-07-30 17:04:04,704 - INFO - suppression du fichier C:\Users\nicol\Documents\ABEILLES\logiciel\blackBeeID\in\32_in.jpg
2025-07-30 17:04:04,704 - INFO - suppression du fichier C:\Users\nicol\Documents\ABEILLES\logiciel\blackBeeID\in\33_in.jpg
2025-07-30 17:04:04,704 - INFO - suppression du fichier C:\Users\nicol\Documents\ABEILLES\logiciel\blackBeeID\in\34_in.jpg
2025-07-30 17:04:04,705 - INFO - suppression du fichier C:\Users\nicol\Documents\ABEILLES\logiciel\blackBeeID\in\35_in.jpg
2025-07-30 17:04:04,705 - INFO - suppression du fichier C:\Users\nicol\Documents\ABEILLES\logiciel\blackBeeID\in\36_in.jpg
2025-07-30 17:04:04,706 - INFO - suppression du fichier C:\Users\nicol\Documents\ABEILLES\logiciel\blackBeeID\in\37_in.jpg
2025-07-30 17:04:04,706 - INFO - suppression du fichier C:\Users\nicol\Documents\ABEILLES\logiciel\blackBeeID\in\38_in.jpg
2025-07-30 17:04:04,707 - INFO - suppression du fichier C:\Users\nicol\Documents\ABEILLES\logiciel\blackBeeID\in\39_in.jpg
2025-07-30 17:04:04,707 - INFO - suppression du fichier C:\Users\nicol\Documents\ABEILLES\logiciel\blackBeeID\in\3_in.jpg
2025-07-30 17:04:04,708 - INFO - suppression du fichier C:\Users\nicol\Documents\ABEILLES\logiciel\blackBeeID\in\40_in.jpg
2025-07-30 17:04:04,708 - INFO - suppression du fichier C:\Users\nicol\Documents\ABEILLES\logiciel\blackBeeID\in\41_in.jpg
2025-07-30 17:04:04,709 - INFO - suppression du fichier C:\Users\nicol\Documents\ABEILLES\logiciel\blackBeeID\in\42_in.jpg
2025-07-30 17:04:04,709 - INFO - suppression du fichier C:\Users\nicol\Documents\ABEILLES\logiciel\blackBeeID\in\43_in.jpg
2025-07-30 17:04:04,709 - INFO - suppression du fichier C:\Users\nicol\Documents\ABEILLES\logiciel\blackBeeID\in\44_in.jpg
2025-07-30 17:04:04,710 - INFO - suppression du fichier C:\Users\nicol\Documents\ABEILLES\logiciel\blackBeeID\in\45_in.jpg
2025-07-30 17:04:04,710 - INFO - suppression du fichier C:\Users\nicol\Documents\ABEILLES\logiciel\blackBeeID\in\46_in.jpg
2025-07-30 17:04:04,710 - INFO - suppression du fichier C:\Users\nicol\Documents\ABEILLES\logiciel\blackBeeID\in\47_in.jpg
2025-07-30 17:04:04,711 - INFO - suppression du fichier C:\Users\nicol\Documents\ABEILLES\logiciel\blackBeeID\in\48_in.jpg
2025-07-30 17:04:04,711 - INFO - suppression du fichier C:\Users\nicol\Documents\ABEILLES\logiciel\blackBeeID\in\49_in.jpg
2025-07-30 17:04:04,712 - INFO - suppression du fichier C:\Users\nicol\Documents\ABEILLES\logiciel\blackBeeID\in\4_in.jpg
2025-07-30 17:04:04,712 - INFO - suppression du fichier C:\Users\nicol\Documents\ABEILLES\logiciel\blackBeeID\in\50_in.jpg
2025-07-30 17:04:04,712 - INFO - suppression du fichier C:\Users\nicol\Documents\ABEILLES\logiciel\blackBeeID\in\51_in.jpg
2025-07-30 17:04:04,713 - INFO - suppression du fichier C:\Users\nicol\Documents\ABEILLES\logiciel\blackBeeID\in\52_in.jpg
2025-07-30 17:04:04,713 - INFO - suppression du fichier C:\Users\nicol\Documents\ABEILLES\logiciel\blackBeeID\in\53_in.jpg
2025-07-30 17:04:04,713 - INFO - suppression du fichier C:\Users\nicol\Documents\ABEILLES\logiciel\blackBeeID\in\54_in.jpg
2025-07-30 17:04:04,714 - INFO - suppression du fichier C:\Users\nicol\Documents\ABEILLES\logiciel\blackBeeID\in\55_in.jpg
2025-07-30 17:04:04,714 - INFO - suppression du fichier C:\Users\nicol\Documents\ABEILLES\logiciel\blackBeeID\in\56_in.jpg
2025-07-30 17:04:04,715 - INFO - suppression du fichier C:\Users\nicol\Documents\ABEILLES\logiciel\blackBeeID\in\57_in.jpg
2025-07-30 17:04:04,715 - INFO - suppression du fichier C:\Users\nicol\Documents\ABEILLES\logiciel\blackBeeID\in\58_in.jpg
2025-07-30 17:04:04,715 - INFO - suppression du fichier C:\Users\nicol\Documents\ABEILLES\logiciel\blackBeeID\in\59_in.jpg
2025-07-30 17:04:04,716 - INFO - suppression du fichier C:\Users\nicol\Documents\ABEILLES\logiciel\blackBeeID\in\5_in.jpg
2025-07-30 17:04:04,716 - INFO - suppression du fichier C:\Users\nicol\Documents\ABEILLES\logiciel\blackBeeID\in\60_in.jpg
2025-07-30 17:04:04,717 - INFO - suppression du fichier C:\Users\nicol\Documents\ABEILLES\logiciel\blackBeeID\in\61_in.jpg
2025-07-30 17:04:04,717 - INFO - suppression du fichier C:\Users\nicol\Documents\ABEILLES\logiciel\blackBeeID\in\62_in.jpg
2025-07-30 17:04:04,717 - INFO - suppression du fichier C:\Users\nicol\Documents\ABEILLES\logiciel\blackBeeID\in\63_in.jpg
2025-07-30 17:04:04,718 - INFO - suppression du fichier C:\Users\nicol\Documents\ABEILLES\logiciel\blackBeeID\in\64_in.jpg
2025-07-30 17:04:04,718 - INFO - suppression du fichier C:\Users\nicol\Documents\ABEILLES\logiciel\blackBeeID\in\65_in.jpg
2025-07-30 17:04:04,719 - INFO - suppression du fichier C:\Users\nicol\Documents\ABEILLES\logiciel\blackBeeID\in\6_in.jpg
2025-07-30 17:04:04,719 - INFO - suppression du fichier C:\Users\nicol\Documents\ABEILLES\logiciel\blackBeeID\in\7_in.jpg
2025-07-30 17:04:04,719 - INFO - suppression du fichier C:\Users\nicol\Documents\ABEILLES\logiciel\blackBeeID\in\8_in.jpg
2025-07-30 17:04:04,720 - INFO - suppression du fichier C:\Users\nicol\Documents\ABEILLES\logiciel\blackBeeID\in\9_in.jpg
2025-07-30 17:04:04,720 - INFO - nettoyage du dossier 'tmp' : C:\Users\nicol\Documents\ABEILLES\logiciel\blackBeeID\tmp
2025-07-30 17:04:04,723 - INFO - suppression du fichier C:\Users\nicol\Documents\ABEILLES\logiciel\blackBeeID\tmp\66
2025-07-30 17:04:04,726 - INFO - suppression du fichier C:\Users\nicol\Documents\ABEILLES\logiciel\blackBeeID\tmp\67
2025-07-30 17:04:04,727 - INFO - suppression du fichier C:\Users\nicol\Documents\ABEILLES\logiciel\blackBeeID\tmp\68
2025-07-30 17:04:04,728 - INFO - suppression du fichier C:\Users\nicol\Documents\ABEILLES\logiciel\blackBeeID\tmp\69
2025-07-30 17:04:04,736 - INFO - suppression du fichier C:\Users\nicol\Documents\ABEILLES\logiciel\blackBeeID\tmp\in
2025-07-30 17:04:04,738 - INFO - suppression du fichier C:\Users\nicol\Documents\ABEILLES\logiciel\blackBeeID\tmp\logs
2025-07-30 17:04:04,748 - INFO - suppression du fichier C:\Users\nicol\Documents\ABEILLES\logiciel\blackBeeID\tmp\out
2025-07-30 17:04:04,749 - INFO - Génération du fichier de résultats C:\Users\nicol\Documents\ABEILLES\logiciel\blackBeeID\out\results.txt
2025-07-30 17:04:14,308 - INFO - Chargement du projet 'C:/Users/nicol/Documents/ABEILLES/etudes/ma_ruche_v1_65.zip'
2025-07-30 17:04:15,271 - INFO - Affichage dans l'IHM des valeurs Ci et Ds
2025-07-30 17:04:15,272 - INFO - Abeille n°1
2025-07-30 17:04:15,272 - INFO - Ci : 1.77, Ds : +3.88°
2025-07-30 17:04:15,272 - INFO - Abeille n°2
2025-07-30 17:04:15,272 - INFO - Ci : 2.38, Ds : +1.05°
2025-07-30 17:04:15,274 - INFO - Abeille n°3
2025-07-30 17:04:15,274 - INFO - Ci : 2.91, Ds : +0.26°
2025-07-30 17:04:15,274 - INFO - Abeille n°4
2025-07-30 17:04:15,274 - INFO - Ci : 2.56, Ds : -2.08°
2025-07-30 17:04:15,275 - INFO - Abeille n°5
2025-07-30 17:04:15,275 - INFO - Ci : 2.07, Ds : +2.16°
2025-07-30 17:04:15,275 - INFO - Abeille n°6
2025-07-30 17:04:15,276 - INFO - Ci : 2.29, Ds : -1.51°
2025-07-30 17:04:15,276 - INFO - Abeille n°7
2025-07-30 17:04:15,276 - INFO - Ci : 2.48, Ds : +4.39°
2025-07-30 17:04:15,277 - INFO - Abeille n°8
2025-07-30 17:04:15,277 - INFO - Ci : 2.13, Ds : +2.5°
2025-07-30 17:04:15,279 - INFO - Abeille n°9
2025-07-30 17:04:15,279 - INFO - Ci : 2.16, Ds : +0.97°
2025-07-30 17:04:15,279 - INFO - Abeille n°10
2025-07-30 17:04:15,279 - INFO - Ci : 2.21, Ds : +4.0°
2025-07-30 17:04:15,280 - INFO - Abeille n°11
2025-07-30 17:04:15,280 - INFO - Ci : 1.99, Ds : +4.34°
2025-07-30 17:04:15,280 - INFO - Abeille n°12
2025-07-30 17:04:15,280 - INFO - Ci : 1.65, Ds : +2.03°
2025-07-30 17:04:15,280 - INFO - Abeille n°13
2025-07-30 17:04:15,281 - INFO - Ci : 2.97, Ds : +5.75°
2025-07-30 17:04:15,281 - INFO - Abeille n°14
2025-07-30 17:04:15,281 - INFO - Ci : 2.42, Ds : -2.05°
2025-07-30 17:04:15,281 - INFO - Abeille n°15
2025-07-30 17:04:15,281 - INFO - Ci : 2.75, Ds : +1.32°
2025-07-30 17:04:15,282 - INFO - Abeille n°16
2025-07-30 17:04:15,282 - INFO - Ci : 2.72, Ds : +3.06°
2025-07-30 17:04:15,282 - INFO - Abeille n°17
2025-07-30 17:04:15,282 - INFO - Ci : 1.96, Ds : -1.93°
2025-07-30 17:04:15,283 - INFO - Abeille n°18
2025-07-30 17:04:15,283 - INFO - Ci : 2.03, Ds : +0.07°
2025-07-30 17:04:15,283 - INFO - Abeille n°19
2025-07-30 17:04:15,283 - INFO - Ci : 2.91, Ds : -0.5°
2025-07-30 17:04:15,284 - INFO - Abeille n°20
2025-07-30 17:04:15,284 - INFO - Ci : 2.27, Ds : +0.06°
2025-07-30 17:04:15,284 - INFO - Abeille n°21
2025-07-30 17:04:15,284 - INFO - Ci : 2.82, Ds : +5.07°
2025-07-30 17:04:15,284 - INFO - Abeille n°22
2025-07-30 17:04:15,284 - INFO - Ci : 0.64, Ds : +3.17°
2025-07-30 17:04:15,284 - INFO - Abeille n°23
2025-07-30 17:04:15,284 - INFO - Ci : 1.85, Ds : +2.2°
2025-07-30 17:04:15,285 - INFO - Abeille n°24
2025-07-30 17:04:15,285 - INFO - Ci : 2.77, Ds : +8.26°
2025-07-30 17:04:15,285 - INFO - Abeille n°25
2025-07-30 17:04:15,285 - INFO - Ci : 2.35, Ds : -1.28°
2025-07-30 17:04:15,285 - INFO - Abeille n°26
2025-07-30 17:04:15,285 - INFO - Ci : 2.06, Ds : +0.0°
2025-07-30 17:04:15,286 - INFO - Abeille n°27
2025-07-30 17:04:15,286 - INFO - Ci : 2.47, Ds : -1.63°
2025-07-30 17:04:15,286 - INFO - Abeille n°28
2025-07-30 17:04:15,286 - INFO - Ci : 1.69, Ds : +3.34°
2025-07-30 17:04:15,286 - INFO - Abeille n°29
2025-07-30 17:04:15,286 - INFO - Ci : 1.7, Ds : +2.44°
2025-07-30 17:04:15,286 - INFO - Abeille n°30
2025-07-30 17:04:15,286 - INFO - Ci : 1.77, Ds : +1.65°
2025-07-30 17:04:15,287 - INFO - Abeille n°31
2025-07-30 17:04:15,287 - INFO - Ci : 2.28, Ds : +2.6°
2025-07-30 17:04:15,287 - INFO - Abeille n°32
2025-07-30 17:04:15,287 - INFO - Ci : 2.03, Ds : +1.84°
2025-07-30 17:04:15,287 - INFO - Abeille n°33
2025-07-30 17:04:15,287 - INFO - Ci : 2.35, Ds : -1.92°
2025-07-30 17:04:15,287 - INFO - Abeille n°34
2025-07-30 17:04:15,287 - INFO - Ci : 1.71, Ds : +1.17°
2025-07-30 17:04:15,288 - INFO - Abeille n°35
2025-07-30 17:04:15,288 - INFO - Ci : 1.69, Ds : +2.81°
2025-07-30 17:04:15,289 - INFO - Abeille n°36
2025-07-30 17:04:15,289 - INFO - Ci : 2.3, Ds : -1.58°
2025-07-30 17:04:15,289 - INFO - Abeille n°37
2025-07-30 17:04:15,289 - INFO - Ci : 2.38, Ds : -0.94°
2025-07-30 17:04:15,290 - INFO - Abeille n°38
2025-07-30 17:04:15,290 - INFO - Ci : 1.98, Ds : +1.74°
2025-07-30 17:04:15,290 - INFO - Abeille n°39
2025-07-30 17:04:15,290 - INFO - Ci : 1.7, Ds : +3.24°
2025-07-30 17:04:15,291 - INFO - Abeille n°40
2025-07-30 17:04:15,291 - INFO - Ci : 2.47, Ds : +5.56°
2025-07-30 17:04:15,292 - INFO - Abeille n°41
2025-07-30 17:04:15,292 - INFO - Ci : 1.95, Ds : +4.9°
2025-07-30 17:04:15,293 - INFO - Abeille n°42
2025-07-30 17:04:15,293 - INFO - Ci : 2.86, Ds : +5.54°
2025-07-30 17:04:15,294 - INFO - Abeille n°43
2025-07-30 17:04:15,294 - INFO - Ci : 2.04, Ds : +1.07°
2025-07-30 17:04:15,294 - INFO - Abeille n°44
2025-07-30 17:04:15,294 - INFO - Ci : 2.5, Ds : -0.5°
2025-07-30 17:04:15,295 - INFO - Abeille n°45
2025-07-30 17:04:15,295 - INFO - Ci : 1.85, Ds : +3.88°
2025-07-30 17:04:15,295 - INFO - Abeille n°46
2025-07-30 17:04:15,295 - INFO - Ci : 2.17, Ds : -2.52°
2025-07-30 17:04:15,296 - INFO - Abeille n°47
2025-07-30 17:04:15,296 - INFO - Ci : 2.78, Ds : +0.84°
2025-07-30 17:04:15,296 - INFO - Abeille n°48
2025-07-30 17:04:15,296 - INFO - Ci : 2.76, Ds : +6.19°
2025-07-30 17:04:15,296 - INFO - Abeille n°49
2025-07-30 17:04:15,296 - INFO - Ci : 2.18, Ds : -3.04°
2025-07-30 17:04:15,297 - INFO - Abeille n°50
2025-07-30 17:04:15,297 - INFO - Ci : 2.8, Ds : +2.7°
2025-07-30 17:04:15,297 - INFO - Abeille n°51
2025-07-30 17:04:15,297 - INFO - Ci : 2.09, Ds : -1.83°
2025-07-30 17:04:15,297 - INFO - Abeille n°52
2025-07-30 17:04:15,297 - INFO - Ci : 2.38, Ds : -1.5°
2025-07-30 17:04:15,298 - INFO - Abeille n°53
2025-07-30 17:04:15,298 - INFO - Ci : 2.18, Ds : +0.04°
2025-07-30 17:04:15,300 - INFO - Abeille n°54
2025-07-30 17:04:15,300 - INFO - Ci : 2.56, Ds : +2.99°
2025-07-30 17:04:15,300 - INFO - Abeille n°55
2025-07-30 17:04:15,300 - INFO - Ci : 2.21, Ds : -0.3°
2025-07-30 17:04:15,301 - INFO - Abeille n°56
2025-07-30 17:04:15,301 - INFO - Ci : 2.22, Ds : -4.1°
2025-07-30 17:04:15,301 - INFO - Abeille n°57
2025-07-30 17:04:15,301 - INFO - Ci : 2.31, Ds : +6.08°
2025-07-30 17:04:15,301 - INFO - Abeille n°58
2025-07-30 17:04:15,301 - INFO - Ci : 2.18, Ds : +1.09°
2025-07-30 17:04:15,302 - INFO - Abeille n°59
2025-07-30 17:04:15,302 - INFO - Ci : 2.62, Ds : +0.4°
2025-07-30 17:04:15,302 - INFO - Abeille n°60
2025-07-30 17:04:15,302 - INFO - Ci : 2.0, Ds : +5.55°
2025-07-30 17:04:15,302 - INFO - Abeille n°61
2025-07-30 17:04:15,302 - INFO - Ci : 2.8, Ds : +6.58°
2025-07-30 17:04:15,303 - INFO - Abeille n°62
2025-07-30 17:04:15,303 - INFO - Ci : 1.34, Ds : +1.0°
2025-07-30 17:04:15,304 - INFO - Abeille n°63
2025-07-30 17:04:15,304 - INFO - Ci : 2.14, Ds : +2.75°
2025-07-30 17:04:15,304 - INFO - Abeille n°64
2025-07-30 17:04:15,304 - INFO - Ci : 2.56, Ds : +4.53°
2025-07-30 17:04:15,304 - INFO - Abeille n°65
2025-07-30 17:04:15,304 - INFO - Ci : 2.11, Ds : +0.52°
2025-07-30 17:04:38,656 - ERROR - Exception non gérée :
Traceback (most recent call last):
  File "C:\Users\nicol\Documents\ABEILLES\logiciel\blackBeeID\.venv\Lib\site-packages\PIL\Image.py", line 3511, in open
    fp.seek(0)
    ^^^^^^^
AttributeError: 'str' object has no attribute 'seek'

During handling of the above exception, another exception occurred:

Traceback (most recent call last):
  File "c:\Users\nicol\Documents\ABEILLES\logiciel\blackBeeID\modules\buttons_browse.py", line 989, in browseFile66
    save_image(TAB.fileName66, TAB.in_, 66)
  File "c:\Users\nicol\Documents\ABEILLES\logiciel\blackBeeID\modules\buttons_browse.py", line 1060, in save_image
    img = Image.open(nameFile)
          ^^^^^^^^^^^^^^^^^^^^
  File "C:\Users\nicol\Documents\ABEILLES\logiciel\blackBeeID\.venv\Lib\site-packages\PIL\Image.py", line 3513, in open
    fp = io.BytesIO(fp.read())
                    ^^^^^^^
AttributeError: 'str' object has no attribute 'read'
2025-07-30 17:14:55,127 - INFO - Image n°66 : C:\Users\nicol\Documents\ABEILLES\logiciel\blackBeeID\in\66_in.jpg
2025-07-30 17:14:55,948 - INFO - Edition de l'image : 66_in.jpg
2025-07-30 17:14:55,948 - INFO - Création du répertoire : C:\Users\nicol\Documents\ABEILLES\logiciel\blackBeeID\\tmp\66\
2025-07-30 17:14:55,955 - INFO - Copie du fichier : C:\Users\nicol\Documents\ABEILLES\logiciel\blackBeeID\\in\66_in.jpg >> C:\Users\nicol\Documents\ABEILLES\logiciel\blackBeeID\\tmp\66\66_in___30_07_2025___17_14_55.jpg
2025-07-30 17:14:56,017 - INFO - Edition de l'image n°66
2025-07-30 17:14:56,018 - INFO - ----------------------
2025-07-30 17:15:35,432 - INFO - Point Ci n°1 : (i,j)=(441, 1687)
2025-07-30 17:15:35,433 - INFO - Point Ci n°2 : (i,j)=(485, 1805)
2025-07-30 17:15:35,433 - INFO - Point Ci n°3 : (i,j)=(475, 1847)
2025-07-30 17:15:35,433 - INFO - ----------------------
2025-07-30 17:15:35,433 - INFO - Point Ds n°1 : (i,j)=(273, 1368)
2025-07-30 17:15:35,433 - INFO - Point Ds n°2 : (i,j)=(314, 1660)
2025-07-30 17:15:35,433 - INFO - Point Ds n°3 : (i,j)=(263, 2116)
2025-07-30 17:15:35,433 - INFO - Point Ds n°4 : (i,j)=(649, 1683)
2025-07-30 17:15:35,479 - INFO - Indice cubital Abeille #66) : 2.916947666823511
2025-07-30 17:15:35,480 - INFO - Shift discoidal Abeille #66) : 3.15335646°
2025-07-30 17:15:35,504 - INFO - Image sauvegardée : C:\Users\nicol\Documents\ABEILLES\logiciel\blackBeeID\\out\66_out.jpg
2025-07-30 17:15:35,532 - INFO - Les infos ont été ajoutées sur l'image.
2025-07-30 17:15:45,330 - INFO - Image n°67 : C:\Users\nicol\Documents\ABEILLES\logiciel\blackBeeID\in\67_in.jpg
2025-07-30 17:15:46,431 - INFO - Edition de l'image : 67_in.jpg
2025-07-30 17:15:46,432 - INFO - Création du répertoire : C:\Users\nicol\Documents\ABEILLES\logiciel\blackBeeID\\tmp\67\
2025-07-30 17:15:46,441 - INFO - Copie du fichier : C:\Users\nicol\Documents\ABEILLES\logiciel\blackBeeID\\in\67_in.jpg >> C:\Users\nicol\Documents\ABEILLES\logiciel\blackBeeID\\tmp\67\67_in___30_07_2025___17_15_46.jpg
2025-07-30 17:15:46,475 - INFO - Edition de l'image n°67
2025-07-30 17:15:46,475 - INFO - ----------------------
2025-07-30 17:16:27,801 - INFO - Point Ci n°1 : (i,j)=(459, 1660)
2025-07-30 17:16:27,801 - INFO - Point Ci n°2 : (i,j)=(491, 1763)
2025-07-30 17:16:27,801 - INFO - Point Ci n°3 : (i,j)=(475, 1831)
2025-07-30 17:16:27,801 - INFO - ----------------------
2025-07-30 17:16:27,801 - INFO - Point Ds n°1 : (i,j)=(337, 1325)
2025-07-30 17:16:27,801 - INFO - Point Ds n°2 : (i,j)=(332, 1618)
2025-07-30 17:16:27,801 - INFO - Point Ds n°3 : (i,j)=(244, 2043)
2025-07-30 17:16:27,801 - INFO - Point Ds n°4 : (i,j)=(654, 1684)
2025-07-30 17:16:27,850 - INFO - Indice cubital Abeille #67) : 1.5439596741527404
2025-07-30 17:16:27,850 - INFO - Shift discoidal Abeille #67) : 4.19015413°
2025-07-30 17:16:27,879 - INFO - Image sauvegardée : C:\Users\nicol\Documents\ABEILLES\logiciel\blackBeeID\\out\67_out.jpg
2025-07-30 17:16:27,900 - INFO - Les infos ont été ajoutées sur l'image.
2025-07-30 17:17:35,849 - INFO - Lancement de l'analyse : calcul de l'histogramme des indices + scatter plots DS vs CI
2025-07-30 17:17:35,850 - INFO - calcul de l'histogramme de l'indice cubital
2025-07-30 17:21:11,072 - INFO - L'analyse 'ma_ruche_v1_67' a bien été enregistrée dans C:/Users/nicol/Documents/ABEILLES/etudes
2025-07-30 17:22:13,813 - INFO - Image n°68 : C:\Users\nicol\Documents\ABEILLES\logiciel\blackBeeID\in\68_in.jpg
2025-07-30 17:22:18,484 - INFO - Lancement de l'analyse : calcul de l'histogramme des indices + scatter plots DS vs CI
2025-07-30 17:22:18,484 - INFO - calcul de l'histogramme de l'indice cubital
2025-07-30 17:22:30,332 - INFO - Image n°69 : C:\Users\nicol\Documents\ABEILLES\logiciel\blackBeeID\in\69_in.jpg
2025-07-30 17:22:31,122 - INFO - Edition de l'image : 69_in.jpg
2025-07-30 17:22:31,122 - INFO - Création du répertoire : C:\Users\nicol\Documents\ABEILLES\logiciel\blackBeeID\\tmp\69\
2025-07-30 17:22:31,131 - INFO - Copie du fichier : C:\Users\nicol\Documents\ABEILLES\logiciel\blackBeeID\\in\69_in.jpg >> C:\Users\nicol\Documents\ABEILLES\logiciel\blackBeeID\\tmp\69\69_in___30_07_2025___17_22_31.jpg
2025-07-30 17:22:31,168 - INFO - Edition de l'image n°69
2025-07-30 17:22:31,168 - INFO - ----------------------
2025-07-30 17:26:21,120 - INFO - Edition de l'image : 69_in.jpg
2025-07-30 17:26:21,120 - INFO - Copie du fichier : C:\Users\nicol\Documents\ABEILLES\logiciel\blackBeeID\\in\69_in.jpg >> C:\Users\nicol\Documents\ABEILLES\logiciel\blackBeeID\\tmp\69\69_in___30_07_2025___17_26_21.jpg
2025-07-30 17:26:21,158 - INFO - Edition de l'image n°69
2025-07-30 17:26:21,158 - INFO - ----------------------
2025-07-30 17:28:41,634 - INFO - Point Ci n°1 : (i,j)=(378, 1844)
2025-07-30 17:28:41,634 - INFO - Point Ci n°2 : (i,j)=(416, 1964)
2025-07-30 17:28:41,634 - INFO - Point Ci n°3 : (i,j)=(402, 2018)
2025-07-30 17:28:41,634 - INFO - ----------------------
2025-07-30 17:28:41,634 - INFO - Point Ds n°1 : (i,j)=(232, 1514)
2025-07-30 17:28:41,634 - INFO - Point Ds n°2 : (i,j)=(255, 1847)
2025-07-30 17:28:41,634 - INFO - Point Ds n°3 : (i,j)=(188, 2275)
2025-07-30 17:28:41,634 - INFO - Point Ds n°4 : (i,j)=(581, 1855)
2025-07-30 17:28:41,679 - INFO - Indice cubital Abeille #69) : 2.2563819800961955
2025-07-30 17:28:41,680 - INFO - Shift discoidal Abeille #69) : -1.89974078°
2025-07-30 17:28:41,702 - INFO - Image sauvegardée : C:\Users\nicol\Documents\ABEILLES\logiciel\blackBeeID\\out\69_out.jpg
2025-07-30 17:28:41,722 - INFO - Les infos ont été ajoutées sur l'image.
2025-07-30 17:28:50,249 - INFO - Lancement de l'analyse : calcul de l'histogramme des indices + scatter plots DS vs CI
2025-07-30 17:28:50,249 - INFO - calcul de l'histogramme de l'indice cubital
2025-07-30 17:30:48,752 - INFO - Image n°70 : C:\Users\nicol\Documents\ABEILLES\logiciel\blackBeeID\in\70_in.jpg
2025-07-30 17:38:51,359 - INFO - Edition de l'image : 70_in.jpg
2025-07-30 17:38:51,359 - INFO - Création du répertoire : C:\Users\nicol\Documents\ABEILLES\logiciel\blackBeeID\\tmp\70\
2025-07-30 17:38:51,370 - INFO - Copie du fichier : C:\Users\nicol\Documents\ABEILLES\logiciel\blackBeeID\\in\70_in.jpg >> C:\Users\nicol\Documents\ABEILLES\logiciel\blackBeeID\\tmp\70\70_in___30_07_2025___17_38_51.jpg
2025-07-30 17:38:51,409 - INFO - Edition de l'image n°70
2025-07-30 17:38:51,409 - INFO - ----------------------
2025-07-30 17:39:33,323 - INFO - Point Ci n°1 : (i,j)=(513, 1659)
2025-07-30 17:39:33,323 - INFO - Point Ci n°2 : (i,j)=(549, 1770)
2025-07-30 17:39:33,323 - INFO - Point Ci n°3 : (i,j)=(543, 1832)
2025-07-30 17:39:33,323 - INFO - ----------------------
2025-07-30 17:39:33,323 - INFO - Point Ds n°1 : (i,j)=(357, 1339)
2025-07-30 17:39:33,323 - INFO - Point Ds n°2 : (i,j)=(376, 1665)
2025-07-30 17:39:33,323 - INFO - Point Ds n°3 : (i,j)=(336, 2085)
2025-07-30 17:39:33,323 - INFO - Point Ds n°4 : (i,j)=(704, 1655)
2025-07-30 17:39:33,371 - INFO - Indice cubital Abeille #70) : 1.873375585000036
2025-07-30 17:39:33,371 - INFO - Shift discoidal Abeille #70) : -3.33742189°
2025-07-30 17:39:33,398 - INFO - Image sauvegardée : C:\Users\nicol\Documents\ABEILLES\logiciel\blackBeeID\\out\70_out.jpg
2025-07-30 17:39:33,420 - INFO - Les infos ont été ajoutées sur l'image.
2025-07-30 17:39:54,131 - INFO - Lancement de l'analyse : calcul de l'histogramme des indices + scatter plots DS vs CI
2025-07-30 17:39:54,132 - INFO - calcul de l'histogramme de l'indice cubital
