2025-07-26 21:37:19,474 - INFO - Démarrage du programme
2025-07-26 21:37:19,474 - INFO - nettoyage du dossier 'out' : C:\Users\nicol\Documents\ABEILLES\logiciel\blackBeeID\out
2025-07-26 21:37:19,474 - INFO - suppression du fichier C:\Users\nicol\Documents\ABEILLES\logiciel\blackBeeID\out\0_histogramme_RUTTNER_mellifera.png
2025-07-26 21:37:19,474 - INFO - suppression du fichier C:\Users\nicol\Documents\ABEILLES\logiciel\blackBeeID\out\10_out.jpg
2025-07-26 21:37:19,475 - INFO - suppression du fichier C:\Users\nicol\Documents\ABEILLES\logiciel\blackBeeID\out\11_out.jpg
2025-07-26 21:37:19,475 - INFO - suppression du fichier C:\Users\nicol\Documents\ABEILLES\logiciel\blackBeeID\out\12_out.jpg
2025-07-26 21:37:19,476 - INFO - suppression du fichier C:\Users\nicol\Documents\ABEILLES\logiciel\blackBeeID\out\13_out.jpg
2025-07-26 21:37:19,476 - INFO - suppression du fichier C:\Users\nicol\Documents\ABEILLES\logiciel\blackBeeID\out\14_out.jpg
2025-07-26 21:37:19,476 - INFO - suppression du fichier C:\Users\nicol\Documents\ABEILLES\logiciel\blackBeeID\out\15_out.jpg
2025-07-26 21:37:19,476 - INFO - suppression du fichier C:\Users\nicol\Documents\ABEILLE2025-07-26 22:09:32,672 - INFO - Affichage dans l'IHM des valeurs Ci et Ds
2025-07-26 22:09:32,672 - INFO - Abeille n°1
2025-07-26 22:09:32,672 - INFO - Ci : 1.77, Ds : +3.88°
2025-07-26 22:09:32,672 - INFO - Abeille n°2
2025-07-26 22:09:32,672 - INFO - Ci : 2.38, Ds : +1.05°
2025-07-26 22:09:32,672 - INFO - Abeille n°3
2025-07-26 22:09:32,672 - INFO - Ci : 2.91, Ds : +0.26°
2025-07-26 22:09:32,672 - INFO - Abeille n°4
2025-07-26 22:09:32,672 - INFO - Ci : 2.56, Ds : -2.08°
2025-07-26 22:09:32,672 - INFO - Abeille n°5
2025-07-26 22:09:32,672 - INFO - Ci : 2.07, Ds : +2.16°
2025-07-26 22:09:32,672 - INFO - Abeille n°6
2025-07-26 22:09:32,672 - INFO - Ci : 2.29, Ds : -1.51°
2025-07-26 22:09:32,672 - INFO - Abeille n°7
2025-07-26 22:09:32,672 - INFO - Ci : 2.48, Ds : +4.39°
2025-07-26 22:09:32,672 - INFO - Abeille n°8
2025-07-26 22:09:32,672 - INFO - Ci : 2.13, Ds : +2.5°
2025-07-26 22:09:32,672 - INFO - Abeille n°9
2025-07-26 22:09:32,672 - INFO - Ci : 2.16, Ds : +0.97°
2025-07-26 22:09:32,672 - INFO - Abeille n°10
2025-07-26 22:09:32,672 - INFO - Ci : 2.21, Ds : +4.0°
2025-07-26 22:09:32,672 - INFO - Abeille n°11
2025-07-26 22:09:32,672 - INFO - Ci : 1.99, Ds : +4.34°
2025-07-26 22:09:32,672 - INFO - Abeille n°12
2025-07-26 22:09:32,672 - INFO - Ci : 1.65, Ds : +2.03°
2025-07-26 22:09:32,672 - INFO - Abeille n°13
2025-07-26 22:09:32,672 - INFO - Ci : 2.97, Ds : +5.75°
2025-07-26 22:09:32,672 - INFO - Abeille n°14
2025-07-26 22:09:32,672 - INFO - Ci : 2.42, Ds : -2.05°
2025-07-26 22:09:32,672 - INFO - Abeille n°15
2025-07-26 22:09:32,672 - INFO - Ci : 2.75, Ds : +1.32°
2025-07-26 22:09:32,672 - INFO - Abeille n°16
2025-07-26 22:09:32,672 - INFO - Ci : 2.72, Ds : +3.06°
2025-07-26 22:09:32,672 - INFO - Abeille n°17
2025-07-26 22:09:32,672 - INFO - Ci : 1.96, Ds : -1.93°
2025-07-26 22:09:32,672 - INFO - Abeille n°18
2025-07-26 22:09:32,672 - INFO - Ci : 2.03, Ds : +0.07°
2025-07-26 22:09:32,672 - INFO - Abeille n°19
2025-07-26 22:09:32,672 - INFO - Ci : 2.91, Ds : -0.5°
2025-07-26 22:09:32,672 - INFO - Abeille n°20
2025-07-26 22:09:32,672 - INFO - Ci : 2.27, Ds : +0.06°
2025-07-26 22:09:32,678 - INFO - Abeille n°21
2025-07-26 22:09:32,678 - INFO - Ci : 2.82, Ds : +5.07°
2025-07-26 22:09:32,678 - INFO - Abeille n°22
2025-07-26 22:09:32,678 - INFO - Ci : 0.64, Ds : +3.17°
2025-07-26 22:09:32,678 - INFO - Abeille n°23
2025-07-26 22:09:32,678 - INFO - Ci : 1.85, Ds : +2.2°
2025-07-26 22:09:32,678 - INFO - Abeille n°24
2025-07-26 22:09:32,678 - INFO - Ci : 2.77, Ds : +8.26°
2025-07-26 22:09:32,678 - INFO - Abeille n°25
2025-07-26 22:09:32,678 - INFO - Ci : 2.35, Ds : -1.28°
2025-07-26 22:09:32,678 - INFO - Abeille n°26
2025-07-26 22:09:32,678 - INFO - Ci : 2.06, Ds : +0.0°
2025-07-26 22:09:32,678 - INFO - Abeille n°27
2025-07-26 22:09:32,678 - INFO - Ci : 2.47, Ds : -1.63°
2025-07-26 22:09:32,678 - INFO - Abeille n°28
2025-07-26 22:09:32,678 - INFO - Ci : 1.69, Ds : +3.34°
2025-07-26 22:09:32,678 - INFO - Abeille n°29
2025-07-26 22:09:32,678 - INFO - Ci : 1.7, Ds : +2.44°
2025-07-26 22:09:32,678 - INFO - Abeille n°30
2025-07-26 22:09:32,678 - INFO - Ci : 1.77, Ds : +1.65°
2025-07-26 22:09:32,678 - INFO - Abeille n°31
2025-07-26 22:09:32,678 - INFO - Ci : 2.28, Ds : +2.6°
2025-07-26 22:09:32,678 - INFO - Abeille n°32
2025-07-26 22:09:32,678 - INFO - Ci : 2.03, Ds : +1.84°
2025-07-26 22:09:32,678 - INFO - Abeille n°33
2025-07-26 22:09:32,678 - INFO - Ci : 2.35, Ds : -1.92°
2025-07-26 22:09:32,678 - INFO - Abeille n°34
2025-07-26 22:09:32,678 - INFO - Ci : 1.71, Ds : +1.17°
2025-07-26 22:09:32,678 - INFO - Abeille n°35
2025-07-26 22:09:32,678 - INFO - Ci : 1.69, Ds : +2.81°
2025-07-26 22:09:32,678 - INFO - Abeille n°36
2025-07-26 22:09:32,678 - INFO - Ci : 2.3, Ds : -1.58°
2025-07-26 22:09:32,678 - INFO - Abeille n°37
2025-07-26 22:09:32,678 - INFO - Ci : 2.38, Ds : -0.94°
2025-07-26 22:09:32,678 - INFO - Abeille n°38
2025-07-26 22:09:32,678 - INFO - Ci : 1.98, Ds : +1.74°
2025-07-26 22:09:32,678 - INFO - Abeille n°39
2025-07-26 22:09:32,678 - INFO - Ci : 1.7, Ds : +3.24°
2025-07-26 22:09:32,678 - INFO - Abeille n°40
2025-07-26 22:09:32,678 - INFO - Ci : 2.47, Ds : +5.56°
2025-07-26 22:09:32,678 - INFO - Abeille n°41
2025-07-26 22:09:32,678 - INFO - Ci : 1.95, Ds : +4.9°
2025-07-26 22:09:32,678 - INFO - Abeille n°42
2025-07-26 22:09:32,678 - INFO - Ci : 2.86, Ds : +5.54°
2025-07-26 22:09:32,678 - INFO - Abeille n°43
2025-07-26 22:09:32,678 - INFO - Ci : 2.04, Ds : +1.07°
2025-07-26 22:09:32,678 - INFO - Abeille n°44
2025-07-26 22:09:32,678 - INFO - Ci : 2.5, Ds : -0.5°
2025-07-26 22:09:32,678 - INFO - Abeille n°45
2025-07-26 22:09:32,678 - INFO - Ci : 1.85, Ds : +3.88°
2025-07-26 22:09:32,678 - INFO - Abeille n°46
2025-07-26 22:09:32,678 - INFO - Ci : 2.17, Ds : -2.52°
2025-07-26 22:09:32,678 - INFO - Abeille n°47
2025-07-26 22:09:32,678 - INFO - Ci : 2.78, Ds : +0.84°
2025-07-26 22:09:32,678 - INFO - Abeille n°48
2025-07-26 22:09:32,678 - INFO - Ci : 2.76, Ds : +6.19°
2025-07-26 22:09:32,678 - INFO - Abeille n°49
2025-07-26 22:09:32,678 - INFO - Ci : 2.18, Ds : -3.04°
2025-07-26 22:09:32,678 - INFO - Abeille n°50
2025-07-26 22:09:32,678 - INFO - Ci : 2.8, Ds : +2.7°
2025-07-26 22:09:32,678 - INFO - Abeille n°51
2025-07-26 22:09:32,687 - INFO - Ci : 2.09, Ds : -1.83°
2025-07-26 22:09:32,687 - INFO - Abeille n°52
2025-07-26 22:09:32,687 - INFO - Ci : 2.38, Ds : -1.5°
2025-07-26 22:09:32,687 - INFO - Abeille n°53
2025-07-26 22:09:32,687 - INFO - Ci : 2.18, Ds : +0.04°
2025-07-26 22:09:32,687 - INFO - Abeille n°54
2025-07-26 22:09:32,687 - INFO - Ci : 2.56, Ds : +2.99°
2025-07-26 22:09:32,687 - INFO - Abeille n°55
2025-07-26 22:09:32,687 - INFO - Ci : 2.21, Ds : -0.3°
2025-07-26 22:09:48,932 - INFO - Image n°56 : C:\Users\nicol\Documents\ABEILLES\logiciel\blackBeeID\in\56_in.jpg
2025-07-26 22:09:49,732 - INFO - Edition de l'image : 56_in.jpg
2025-07-26 22:09:49,733 - INFO - Création du répertoire : C:\Users\nicol\Documents\ABEILLES\logiciel\blackBeeID\\tmp\56\
2025-07-26 22:09:49,740 - INFO - Copie du fichier : C:\Users\nicol\Documents\ABEILLES\logiciel\blackBeeID\\in\56_in.jpg >> C:\Users\nicol\Documents\ABEILLES\logiciel\blackBeeID\\tmp\56\56_in___26_07_2025___22_09_49.jpg
2025-07-26 22:09:49,771 - INFO - Edition de l'image n°56
2025-07-26 22:09:49,771 - INFO - ----------------------
2025-07-26 22:10:33,019 - INFO - Point Ci n°1 : (i,j)=(286, 1415)
2025-07-26 22:10:33,019 - INFO - Point Ci n°2 : (i,j)=(308, 1514)
2025-07-26 22:10:33,019 - INFO - Point Ci n°3 : (i,j)=(293, 1557)
2025-07-26 22:10:33,019 - INFO - ----------------------
2025-07-26 22:10:33,019 - INFO - Point Ds n°1 : (i,j)=(182, 1100)
2025-07-26 22:10:33,019 - INFO - Point Ds n°2 : (i,j)=(171, 1405)
2025-07-26 22:10:33,019 - INFO - Point Ds n°3 : (i,j)=(92, 1758)
2025-07-26 22:10:33,020 - INFO - Point Ds n°4 : (i,j)=(468, 1424)
2025-07-26 22:10:33,053 - INFO - Indice cubital Abeille #56) : 2.226884907992019
2025-07-26 22:10:33,054 - INFO - Shift discoidal Abeille #56) : -4.10476747°
2025-07-26 22:10:33,066 - INFO - Image sauvegardée : C:\Users\nicol\Documents\ABEILLES\logiciel\blackBeeID\\out\56_out.jpg
2025-07-26 22:10:33,079 - INFO - Les infos ont été ajoutées sur l'image.
2025-07-26 22:10:38,500 - INFO - Image n°57 : C:\Users\nicol\Documents\ABEILLES\logiciel\blackBeeID\in\57_in.jpg
2025-07-26 22:10:39,222 - INFO - Edition de l'image : 57_in.jpg
2025-07-26 22:10:39,222 - INFO - Création du répertoire : C:\Users\nicol\Documents\ABEILLES\logiciel\blackBeeID\\tmp\57\
2025-07-26 22:10:39,231 - INFO - Copie du fichier : C:\Users\nicol\Documents\ABEILLES\logiciel\blackBeeID\\in\57_in.jpg >> C:\Users\nicol\Documents\ABEILLES\logiciel\blackBeeID\\tmp\57\57_in___26_07_2025___22_10_39.jpg
2025-07-26 22:10:39,259 - INFO - Edition de l'image n°57
2025-07-26 22:10:39,259 - INFO - ----------------------
2025-07-26 22:11:08,486 - INFO - Point Ci n°1 : (i,j)=(282, 1404)
2025-07-26 22:11:08,486 - INFO - Point Ci n°2 : (i,j)=(306, 1497)
2025-07-26 22:11:08,486 - INFO - Point Ci n°3 : (i,j)=(292, 1536)
2025-07-26 22:11:08,486 - INFO - ----------------------
2025-07-26 22:11:08,486 - INFO - Point Ds n°1 : (i,j)=(162, 1108)
2025-07-26 22:11:08,487 - INFO - Point Ds n°2 : (i,j)=(167, 1350)
2025-07-26 22:11:08,487 - INFO - Point Ds n°3 : (i,j)=(75, 1739)
2025-07-26 22:11:08,487 - INFO - Point Ds n°4 : (i,j)=(457, 1422)
2025-07-26 22:11:08,521 - INFO - Indice cubital Abeille #57) : 2.317917849421892
2025-07-26 22:11:08,521 - INFO - Shift discoidal Abeille #57) : 6.08226951°
2025-07-26 22:11:08,534 - INFO - Image sauvegardée : C:\Users\nicol\Documents\ABEILLES\logiciel\blackBeeID\\out\57_out.jpg
2025-07-26 22:11:08,548 - INFO - Les infos ont été ajoutées sur l'image.
2025-07-26 22:11:19,334 - INFO - Image n°58 : C:\Users\nicol\Documents\ABEILLES\logiciel\blackBeeID\in\58_in.jpg
2025-07-26 22:11:20,033 - INFO - Edition de l'image : 58_in.jpg
2025-07-26 22:11:20,034 - INFO - Création du répertoire : C:\Users\nicol\Documents\ABEILLES\logiciel\blackBeeID\\tmp\58\
2025-07-26 22:11:20,041 - INFO - Copie du fichier : C:\Users\nicol\Documents\ABEILLES\logiciel\blackBeeID\\in\58_in.jpg >> C:\Users\nicol\Documents\ABEILLES\logiciel\blackBeeID\\tmp\58\58_in___26_07_2025___22_11_20.jpg
2025-07-26 22:11:20,069 - INFO - Edition de l'image n°58
2025-07-26 22:11:20,069 - INFO - ----------------------
2025-07-26 22:11:49,248 - INFO - Point Ci n°1 : (i,j)=(283, 1388)
2025-07-26 22:11:49,248 - INFO - Point Ci n°2 : (i,j)=(308, 1490)
2025-07-26 22:11:49,248 - INFO - Point Ci n°3 : (i,j)=(294, 1536)
2025-07-26 22:11:49,248 - INFO - ----------------------
2025-07-26 22:11:49,248 - INFO - Point Ds n°1 : (i,j)=(177, 1102)
2025-07-26 22:11:49,248 - INFO - Point Ds n°2 : (i,j)=(169, 1373)
2025-07-26 22:11:49,248 - INFO - Point Ds n°3 : (i,j)=(83, 1735)
2025-07-26 22:11:49,248 - INFO - Point Ds n°4 : (i,j)=(443, 1419)
2025-07-26 22:11:49,282 - INFO - Indice cubital Abeille #58) : 2.1841082206985956
2025-07-26 22:11:49,282 - INFO - Shift discoidal Abeille #58) : 1.09905512°
2025-07-26 22:11:49,296 - INFO - Image sauvegardée : C:\Users\nicol\Documents\ABEILLES\logiciel\blackBeeID\\out\58_out.jpg
2025-07-26 22:11:49,309 - INFO - Les infos ont été ajoutées sur l'image.
2025-07-26 22:12:04,782 - INFO - Image n°59 : C:\Users\nicol\Documents\ABEILLES\logiciel\blackBeeID\in\59_in.jpg
2025-07-26 22:12:05,637 - INFO - Edition de l'image : 59_in.jpg
2025-07-26 22:12:05,639 - INFO - Création du répertoire : C:\Users\nicol\Documents\ABEILLES\logiciel\blackBeeID\\tmp\59\
2025-07-26 22:12:05,646 - INFO - Copie du fichier : C:\Users\nicol\Documents\ABEILLES\logiciel\blackBeeID\\in\59_in.jpg >> C:\Users\nicol\Documents\ABEILLES\logiciel\blackBeeID\\tmp\59\59_in___26_07_2025___22_12_05.jpg
2025-07-26 22:12:05,673 - INFO - Edition de l'image n°59
2025-07-26 22:12:05,673 - INFO - ----------------------
2025-07-26 22:12:38,885 - INFO - Point Ci n°1 : (i,j)=(305, 1391)
2025-07-26 22:12:38,885 - INFO - Point Ci n°2 : (i,j)=(330, 1501)
2025-07-26 22:12:38,885 - INFO - Point Ci n°3 : (i,j)=(317, 1542)
2025-07-26 22:12:38,885 - INFO - ----------------------
2025-07-26 22:12:38,885 - INFO - Point Ds n°1 : (i,j)=(188, 1098)
2025-07-26 22:12:38,885 - INFO - Point Ds n°2 : (i,j)=(189, 1372)
2025-07-26 22:12:38,885 - INFO - Point Ds n°3 : (i,j)=(107, 1745)
2025-07-26 22:12:38,885 - INFO - Point Ds n°4 : (i,j)=(484, 1411)
2025-07-26 22:12:38,919 - INFO - Indice cubital Abeille #59) : 2.622666272780122
2025-07-26 22:12:38,920 - INFO - Shift discoidal Abeille #59) : 0.40600748°
2025-07-26 22:12:38,934 - INFO - Image sauvegardée : C:\Users\nicol\Documents\ABEILLES\logiciel\blackBeeID\\out\59_out.jpg
2025-07-26 22:12:38,948 - INFO - Les infos ont été ajoutées sur l'image.
2025-07-26 22:12:53,055 - INFO - Image n°60 : C:\Users\nicol\Documents\ABEILLES\logiciel\blackBeeID\in\60_in.jpg
2025-07-26 22:12:54,024 - INFO - Edition de l'image : 60_in.jpg
2025-07-26 22:12:54,025 - INFO - Création du répertoire : C:\Users\nicol\Documents\ABEILLES\logiciel\blackBeeID\\tmp\60\
2025-07-26 22:12:54,034 - INFO - Copie du fichier : C:\Users\nicol\Documents\ABEILLES\logiciel\blackBeeID\\in\60_in.jpg >> C:\Users\nicol\Documents\ABEILLES\logiciel\blackBeeID\\tmp\60\60_in___26_07_2025___22_12_54.jpg
2025-07-26 22:12:54,061 - INFO - Edition de l'image n°60
2025-07-26 22:12:54,061 - INFO - ----------------------
2025-07-26 22:13:23,942 - INFO - Point Ci n°1 : (i,j)=(327, 1390)
2025-07-26 22:13:23,942 - INFO - Point Ci n°2 : (i,j)=(344, 1492)
2025-07-26 22:13:23,942 - INFO - Point Ci n°3 : (i,j)=(325, 1540)
2025-07-26 22:13:23,942 - INFO - ----------------------
2025-07-26 22:13:23,943 - INFO - Point Ds n°1 : (i,j)=(228, 1079)
2025-07-26 22:13:23,943 - INFO - Point Ds n°2 : (i,j)=(210, 1342)
2025-07-26 22:13:23,943 - INFO - Point Ds n°3 : (i,j)=(104, 1742)
2025-07-26 22:13:23,943 - INFO - Point Ds n°4 : (i,j)=(503, 1427)
2025-07-26 22:13:23,978 - INFO - Indice cubital Abeille #60) : 2.0030932926880882
2025-07-26 22:13:23,978 - INFO - Shift discoidal Abeille #60) : 5.55791496°
2025-07-26 22:13:23,993 - INFO - Image sauvegardée : C:\Users\nicol\Documents\ABEILLES\logiciel\blackBeeID\\out\60_out.jpg
2025-07-26 22:13:24,008 - INFO - Les infos ont été ajoutées sur l'image.
INFO - suppression du fichier C:\Users\nicol\Documents\ABEILLES\logiciel\blackBeeID\tmp\logs
2025-07-26 21:37:19,525 - INFO - suppression du fichier C:\Users\nicol\Documents\ABEILLES\logiciel\blackBeeID\tmp\out
2025-07-26 21:37:19,525 - INFO - Génération du fichier de résultats C:\Users\nicol\Documents\ABEILLES\logiciel\blackBeeID\out\results.txt
2025-07-26 21:37:27,050 - INFO - Chargement du projet 'C:/Users/nicol/Documents/ABEILLES/etudes/ma_ruche_v1_52.zip'
2025-07-26 21:37:27,794 - INFO - Affichage dans l'IHM des valeurs Ci et Ds
2025-07-26 21:37:27,794 - INFO - Abeille n°1
2025-07-26 21:37:27,794 - INFO - Ci : 1.77, Ds : +3.88°
2025-07-26 21:37:27,794 - INFO - Abeille n°2
2025-07-26 21:37:27,794 - INFO - Ci : 2.38, Ds : +1.05°
2025-07-26 21:37:27,794 - INFO - Abeille n°3
2025-07-26 21:37:27,794 - INFO - Ci : 2.91, Ds : +0.26°
2025-07-26 21:37:27,794 - INFO - Abeille n°4
2025-07-26 21:37:27,794 - INFO - Ci : 2.56, Ds : -2.08°
2025-07-26 21:37:27,794 - INFO - Abeille n°5
2025-07-26 21:37:27,794 - INFO - Ci : 2.07, Ds : +2.16°
2025-07-26 21:37:27,794 - INFO - Abeille n°6
2025-07-26 21:37:27,794 - INFO - Ci : 2.29, Ds : -1.51°
2025-07-26 21:37:27,794 - INFO - Abeille n°7
2025-07-26 21:37:27,794 - INFO - Ci : 2.48, Ds : +4.39°
2025-07-26 21:37:27,794 - INFO - Abeille n°8
2025-07-26 21:37:27,794 - INFO - Ci : 2.13, Ds : +2.5°
2025-07-26 21:37:27,794 - INFO - Abeille n°9
2025-07-26 21:37:27,794 - INFO - Ci : 2.16, Ds : +0.97°
2025-07-26 21:37:27,794 - INFO - Abeille n°10
2025-07-26 21:37:27,794 - INFO - Ci : 2.21, Ds : +4.0°
2025-07-26 21:37:27,794 - INFO - Abeille n°11
2025-07-26 21:37:27,794 - INFO - Ci : 1.99, Ds : +4.34°
2025-07-26 21:37:27,794 - INFO - Abeille n°12
2025-07-26 21:37:27,794 - INFO - Ci : 1.65, Ds : +2.03°
2025-07-26 21:37:27,794 - INFO - Abeille n°13
2025-07-26 21:37:27,794 - INFO - Ci : 2.97, Ds : +5.75°
2025-07-26 21:37:27,794 - INFO - Abeille n°14
2025-07-26 21:37:27,794 - INFO - Ci : 2.42, Ds : -2.05°
2025-07-26 21:37:27,794 - INFO - Abeille n°15
2025-07-26 21:37:27,794 - INFO - Ci : 2.75, Ds : +1.32°
2025-07-26 21:37:27,794 - INFO - Abeille n°16
2025-07-26 21:37:27,794 - INFO - Ci : 2.72, Ds : +3.06°
2025-07-26 21:37:27,794 - INFO - Abeille n°17
2025-07-26 21:37:27,794 - INFO - Ci : 1.96, Ds : -1.93°
2025-07-26 21:37:27,794 - INFO - Abeille n°18
2025-07-26 21:37:27,794 - INFO - Ci : 2.03, Ds : +0.07°
2025-07-26 21:37:27,794 - INFO - Abeille n°19
2025-07-26 21:37:27,794 - INFO - Ci : 2.91, Ds : -0.5°
2025-07-26 21:37:27,794 - INFO - Abeille n°20
2025-07-26 21:37:27,794 - INFO - Ci : 2.27, Ds : +0.06°
2025-07-26 21:37:27,794 - INFO - Abeille n°21
2025-07-26 21:37:27,794 - INFO - Ci : 2.82, Ds : +5.07°
2025-07-26 21:37:27,794 - INFO - Abeille n°22
2025-07-26 21:37:27,794 - INFO - Ci : 0.64, Ds : +3.17°
2025-07-26 21:37:27,794 - INFO - Abeille n°23
2025-07-26 21:37:27,794 - INFO - Ci : 1.85, Ds : +2.2°
2025-07-26 21:37:27,794 - INFO - Abeille n°24
2025-07-26 21:37:27,794 - INFO - Ci : 2.77, Ds : +8.26°
2025-07-26 21:37:27,794 - INFO - Abeille n°25
2025-07-26 21:37:27,794 - INFO - Ci : 2.35, Ds : -1.28°
2025-07-26 21:37:27,794 - INFO - Abeille n°26
2025-07-26 21:37:27,794 - INFO - Ci : 2.06, Ds : +0.0°
2025-07-26 21:37:27,794 - INFO - Abeille n°27
2025-07-26 21:37:27,794 - INFO - Ci : 2.47, Ds : -1.63°
2025-07-26 21:37:27,794 - INFO - Abeille n°28
2025-07-26 21:37:27,794 - INFO - Ci : 1.69, Ds : +3.34°
2025-07-26 21:37:27,794 - INFO - Abeille n°29
2025-07-26 21:37:27,794 - INFO - Ci : 1.7, Ds : +2.44°
2025-07-26 21:37:27,794 - INFO - Abeille n°30
2025-07-26 21:37:27,794 - INFO - Ci : 1.77, Ds : +1.65°
2025-07-26 21:37:27,794 - INFO - Abeille n°31
2025-07-26 21:37:27,794 - INFO - Ci : 2.28, Ds : +2.6°
2025-07-26 21:37:27,794 - INFO - Abeille n°32
2025-07-26 21:37:27,794 - INFO - Ci : 2.03, Ds : +1.84°
2025-07-26 21:37:27,794 - INFO - Abeille n°33
2025-07-26 21:37:27,794 - INFO - Ci : 2.35, Ds : -1.92°
2025-07-26 21:37:27,794 - INFO - Abeille n°34
2025-07-26 21:37:27,794 - INFO - Ci : 1.71, Ds : +1.17°
2025-07-26 21:37:27,794 - INFO - Abeille n°35
2025-07-26 21:37:27,794 - INFO - Ci : 1.69, Ds : +2.81°
2025-07-26 21:37:27,794 - INFO - Abeille n°36
2025-07-26 21:37:27,794 - INFO - Ci : 2.3, Ds : -1.58°
2025-07-26 21:37:27,794 - INFO - Abeille n°37
2025-07-26 21:37:27,794 - INFO - Ci : 2.38, Ds : -0.94°
2025-07-26 21:37:27,794 - INFO - Abeille n°38
2025-07-26 21:37:27,794 - INFO - Ci : 1.98, Ds : +1.74°
2025-07-26 21:37:27,794 - INFO - Abeille n°39
2025-07-26 21:37:27,794 - INFO - Ci : 1.7, Ds : +3.24°
2025-07-26 21:37:27,794 - INFO - Abeille n°40
2025-07-26 21:37:27,794 - INFO - Ci : 2.47, Ds : +5.56°
2025-07-26 21:37:27,794 - INFO - Abeille n°41
2025-07-26 21:37:27,794 - INFO - Ci : 1.95, Ds : +4.9°
2025-07-26 21:37:27,794 - INFO - Abeille n°42
2025-07-26 21:37:27,794 - INFO - Ci : 2.86, Ds : +5.54°
2025-07-26 21:37:27,794 - INFO - Abeille n°43
2025-07-26 21:37:27,794 - INFO - Ci : 2.04, Ds : +1.07°
2025-07-26 21:37:27,794 - INFO - Abeille n°44
2025-07-26 21:37:27,794 - INFO - Ci : 2.5, Ds : -0.5°
2025-07-26 21:37:27,794 - INFO - Abeille n°45
2025-07-26 21:37:27,794 - INFO - Ci : 1.85, Ds : +3.88°
2025-07-26 21:37:27,794 - INFO - Abeille n°46
2025-07-26 21:37:27,794 - INFO - Ci : 2.17, Ds : -2.52°
2025-07-26 21:37:27,794 - INFO - Abeille n°47
2025-07-26 21:37:27,794 - INFO - Ci : 2.78, Ds : +0.84°
2025-07-26 21:37:27,810 - INFO - Abeille n°48
2025-07-26 21:37:27,810 - INFO - Ci : 2.76, Ds : +6.19°
2025-07-26 21:37:27,826 - INFO - Abeille n°49
2025-07-26 21:37:27,826 - INFO - Ci : 2.18, Ds : -3.04°
2025-07-26 21:37:27,826 - INFO - Abeille n°50
2025-07-26 21:37:27,826 - INFO - Ci : 2.8, Ds : +2.7°
2025-07-26 21:37:27,826 - INFO - Abeille n°51
2025-07-26 21:37:27,826 - INFO - Ci : 2.09, Ds : -1.83°
2025-07-26 21:37:27,826 - INFO - Abeille n°52
2025-07-26 21:37:27,826 - INFO - Ci : 2.38, Ds : -1.5°
2025-07-26 21:39:58,189 - INFO - Image n°53 : C:\Users\nicol\Documents\ABEILLES\logiciel\blackBeeID\in\53_in.jpg
2025-07-26 21:39:59,136 - INFO - Edition de l'image : 53_in.jpg
2025-07-26 21:39:59,137 - INFO - Création du répertoire : C:\Users\nicol\Documents\ABEILLES\logiciel\blackBeeID\\tmp\53\
2025-07-26 21:39:59,143 - INFO - Copie du fichier : C:\Users\nicol\Documents\ABEILLES\logiciel\blackBeeID\\in\53_in.jpg >> C:\Users\nicol\Documents\ABEILLES\logiciel\blackBeeID\\tmp\53\53_in___26_07_2025___21_39_59.jpg
2025-07-26 21:39:59,210 - INFO - Edition de l'image n°53
2025-07-26 21:39:59,210 - INFO - ----------------------
2025-07-26 21:40:34,237 - INFO - Point Ci n°1 : (i,j)=(308, 1449)
2025-07-26 21:40:34,237 - INFO - Point Ci n°2 : (i,j)=(327, 1554)
2025-07-26 21:40:34,237 - INFO - Point Ci n°3 : (i,j)=(308, 1599)
2025-07-26 21:40:34,237 - INFO - ----------------------
2025-07-26 21:40:34,237 - INFO - Point Ds n°1 : (i,j)=(217, 1127)
2025-07-26 21:40:34,237 - INFO - Point Ds n°2 : (i,j)=(195, 1417)
2025-07-26 21:40:34,237 - INFO - Point Ds n°3 : (i,j)=(75, 1792)
2025-07-26 21:40:34,237 - INFO - Point Ds n°4 : (i,j)=(489, 1480)
2025-07-26 21:40:34,277 - INFO - Indice cubital Abeille #53) : 2.184491554776962
2025-07-26 21:40:34,277 - INFO - Shift discoidal Abeille #53) : 0.04397219°
2025-07-26 21:40:34,295 - INFO - Image sauvegardée : C:\Users\nicol\Documents\ABEILLES\logiciel\blackBeeID\\out\53_out.jpg
2025-07-26 21:40:34,311 - INFO - Les infos ont été ajoutées sur l'image.
2025-07-26 21:40:46,289 - INFO - Image n°54 : C:\Users\nicol\Documents\ABEILLES\logiciel\blackBeeID\in\54_in.jpg
2025-07-26 21:40:47,626 - INFO - Edition de l'image : 54_in.jpg
2025-07-26 21:40:47,627 - INFO - Création du répertoire : C:\Users\nicol\Documents\ABEILLES\logiciel\blackBeeID\\tmp\54\
2025-07-26 21:40:47,635 - INFO - Copie du fichier : C:\Users\nicol\Documents\ABEILLES\logiciel\blackBeeID\\in\54_in.jpg >> C:\Users\nicol\Documents\ABEILLES\logiciel\blackBeeID\\tmp\54\54_in___26_07_2025___21_40_47.jpg
2025-07-26 21:40:47,662 - INFO - Edition de l'image n°54
2025-07-26 21:40:47,662 - INFO - ----------------------
2025-07-26 21:41:22,416 - INFO - Point Ci n°1 : (i,j)=(291, 1316)
2025-07-26 21:41:22,416 - INFO - Point Ci n°2 : (i,j)=(316, 1417)
2025-07-26 21:41:22,416 - INFO - Point Ci n°3 : (i,j)=(302, 1455)
2025-07-26 21:41:22,416 - INFO - ----------------------
2025-07-26 21:41:22,416 - INFO - Point Ds n°1 : (i,j)=(177, 1019)
2025-07-26 21:41:22,416 - INFO - Point Ds n°2 : (i,j)=(176, 1275)
2025-07-26 21:41:22,416 - INFO - Point Ds n°3 : (i,j)=(79, 1650)
2025-07-26 21:41:22,417 - INFO - Point Ds n°4 : (i,j)=(472, 1337)
2025-07-26 21:41:22,449 - INFO - Indice cubital Abeille #54) : 2.5692838520091783
2025-07-26 21:41:22,449 - INFO - Shift discoidal Abeille #54) : 2.99820468°
2025-07-26 21:41:22,461 - INFO - Image sauvegardée : C:\Users\nicol\Documents\ABEILLES\logiciel\blackBeeID\\out\54_out.jpg
2025-07-26 21:41:22,474 - INFO - Les infos ont été ajoutées sur l'image.
2025-07-26 21:41:36,204 - INFO - Image n°55 : C:\Users\nicol\Documents\ABEILLES\logiciel\blackBeeID\in\55_in.jpg
2025-07-26 21:41:37,256 - INFO - Edition de l'image : 55_in.jpg
2025-07-26 21:41:37,256 - INFO - Création du répertoire : C:\Users\nicol\Documents\ABEILLES\logiciel\blackBeeID\\tmp\55\
2025-07-26 21:41:37,263 - INFO - Copie du fichier : C:\Users\nicol\Documents\ABEILLES\logiciel\blackBeeID\\in\55_in.jpg >> C:\Users\nicol\Documents\ABEILLES\logiciel\blackBeeID\\tmp\55\55_in___26_07_2025___21_41_37.jpg
2025-07-26 21:41:37,289 - INFO - Edition de l'image n°55
2025-07-26 21:41:37,290 - INFO - ----------------------
2025-07-26 21:42:16,740 - INFO - Point Ci n°1 : (i,j)=(282, 1437)
2025-07-26 21:42:16,740 - INFO - Point Ci n°2 : (i,j)=(305, 1534)
2025-07-26 21:42:16,740 - INFO - Point Ci n°3 : (i,j)=(289, 1576)
2025-07-26 21:42:16,740 - INFO - ----------------------
2025-07-26 21:42:16,740 - INFO - Point Ds n°1 : (i,j)=(171, 1136)
2025-07-26 21:42:16,740 - INFO - Point Ds n°2 : (i,j)=(166, 1417)
2025-07-26 21:42:16,740 - INFO - Point Ds n°3 : (i,j)=(78, 1779)
2025-07-26 21:42:16,740 - INFO - Point Ds n°4 : (i,j)=(452, 1457)
2025-07-26 21:42:16,776 - INFO - Indice cubital Abeille #55) : 2.2180626637221095
2025-07-26 21:42:16,776 - INFO - Shift discoidal Abeille #55) : -0.3082107°
2025-07-26 21:42:16,788 - INFO - Image sauvegardée : C:\Users\nicol\Documents\ABEILLES\logiciel\blackBeeID\\out\55_out.jpg
2025-07-26 21:42:16,801 - INFO - Les infos ont été ajoutées sur l'image.
