2025-07-20 21:57:19,860 - INFO - Démarrage du programme
2025-07-20 21:57:19,860 - INFO - nettoyage du dossier 'out' : C:\Users\nicol\Documents\ABEILLES\logiciel\blackBeeID\out
2025-07-20 21:57:19,860 - INFO - suppression du fichier C:\Users\nicol\Documents\ABEILLES\logiciel\blackBeeID\out\10_out.jpg
2025-07-20 21:57:19,860 - INFO - suppression du fichier C:\Users\nicol\Documents\ABEILLES\logiciel\blackBeeID\out\11_out.jpg
2025-07-20 21:57:19,860 - INFO - suppression du fichier C:\Users\nicol\Documents\ABEILLES\logiciel\blackBeeID\out\12_out.jpg
2025-07-20 21:57:19,860 - INFO - suppression du fichier C:\Users\nicol\Documents\ABEILLES\logiciel\blackBeeID\out\13_out.jpg
2025-07-20 21:57:19,860 - INFO - suppression du fichier C:\Users\nicol\Documents\ABEILLES\logiciel\blackBeeID\out\14_out.jpg
2025-07-20 21:57:19,860 - INFO - suppression du fichier C:\Users\nicol\Documents\ABEILLES\logiciel\blackBeeID\out\15_out.jpg
2025-07-20 21:57:19,860 - INFO - suppression du fichier C:\Users\nicol\Documents\ABEILLES\logiciel\blackBeeID\out\16_out.jpg
2025-07-20 21:57:19,860 - INFO - suppression du fichier C:\Users\nicol\Documents\ABEILLES\logiciel\blackBeeID\out\1_out.jpg
2025-07-20 21:57:19,860 - INFO - suppression du fichier C:\Users\nicol\Documents\ABEILLES\logiciel\blackBeeID\out\2_out.jpg
2025-07-20 21:57:19,860 - INFO - suppression du fichier C:\Users\nicol\Documents\ABEILLES\logiciel\blackBeeID\out\3_out.jpg
2025-07-20 21:57:19,860 - INFO - suppression du fichier C:\Users\nicol\Documents\ABEILLES\logiciel\blackBeeID\out\4_out.jpg
2025-07-20 21:57:19,860 - INFO - suppression du fichier C:\Users\nicol\Documents\ABEILLES\logiciel\blackBeeID\out\5_out.jpg
2025-07-20 21:57:19,860 - INFO - suppression du fichier C:\Users\nicol\Documents\ABEILLES\logiciel\blackBeeID\out\6_out.jpg
2025-07-20 21:57:19,860 - INFO - suppression du fichier C:\Users\nicol\Documents\ABEILLES\logiciel\blackBeeID\out\7_out.jpg
2025-07-20 21:57:19,860 - INFO - suppression du fichier C:\Users\nicol\Documents\ABEILLES\logiciel\blackBeeID\out\8_out.jpg
2025-07-20 21:57:19,860 - INFO - suppression du fichier C:\Users\nicol\Documents\ABEILLES\logiciel\blackBeeID\out\9_out.jpg
2025-07-20 21:57:19,866 - INFO - suppression du fichier C:\Users\nicol\Documents\ABEILLES\logiciel\blackBeeID\out\results.txt
2025-07-20 21:57:19,866 - INFO - nettoyage du dossier 'in' : C:\Users\nicol\Documents\ABEILLES\logiciel\blackBeeID\in
2025-07-20 21:57:19,866 - INFO - suppression du fichier C:\Users\nicol\Documents\ABEILLES\logiciel\blackBeeID\in\10_in.jpg
2025-07-20 21:57:19,866 - INFO - suppression du fichier C:\Users\nicol\Documents\ABEILLES\logiciel\blackBeeID\in\11_in.jpg
2025-07-20 21:57:19,866 - INFO - suppression du fichier C:\Users\nicol\Documents\ABEILLES\logiciel\blackBeeID\in\12_in.jpg
2025-07-20 21:57:19,866 - INFO - suppression du fichier C:\Users\nicol\Documents\ABEILLES\logiciel\blackBeeID\in\13_in.jpg
2025-07-20 21:57:19,866 - INFO - suppression du fichier C:\Users\nicol\Documents\ABEILLES\logiciel\blackBeeID\in\14_in.jpg
2025-07-20 21:57:19,866 - INFO - suppression du fichier C:\Users\nicol\Documents\ABEILLES\logiciel\blackBeeID\in\15_in.jpg
2025-07-20 21:57:19,866 - INFO - suppression du fichier C:\Users\nicol\Documents\ABEILLES\logiciel\blackBeeID\in\16_in.jpg
2025-07-20 21:57:19,866 - INFO - suppression du fichier C:\Users\nicol\Documents\ABEILLES\logiciel\blackBeeID\in\1_in.jpg
2025-07-20 21:57:19,866 - INFO - suppression du fichier C:\Users\nicol\Documents\ABEILLES\logiciel\blackBeeID\in\2_in.jpg
2025-07-20 21:57:19,866 - INFO - suppression du fichier C:\Users\nicol\Documents\ABEILLES\logiciel\blackBeeID\in\3_in.jpg
2025-07-20 21:57:19,866 - INFO - suppression du fichier C:\Users\nicol\Documents\ABEILLES\logiciel\blackBeeID\in\4_in.jpg
2025-07-20 21:57:19,866 - INFO - suppression du fichier C:\Users\nicol\Documents\ABEILLES\logiciel\blackBeeID\in\5_in.jpg
2025-07-20 21:57:19,866 - INFO - suppression du fichier C:\Users\nicol\Documents\ABEILLES\logiciel\blackBeeID\in\6_in.jpg
2025-07-20 21:57:19,866 - INFO - suppression du fichier C:\Users\nicol\Documents\ABEILLES\logiciel\blackBeeID\in\7_in.jpg
2025-07-20 21:57:19,866 - INFO - suppression du fichier C:\Users\nicol\Documents\ABEILLES\logiciel\blackBeeID\in\8_in.jpg
2025-07-20 21:57:19,866 - INFO - suppression du fichier C:\Users\nicol\Documents\ABEILLES\logiciel\blackBeeID\in\9_in.jpg
2025-07-20 21:57:19,872 - INFO - nettoyage du dossier 'tmp' : C:\Users\nicol\Documents\ABEILLES\logiciel\blackBeeID\tmp
2025-07-20 21:57:19,875 - INFO - suppression du fichier C:\Users\nicol\Documents\ABEILLES\logiciel\blackBeeID\tmp\in
2025-07-20 21:57:19,877 - INFO - suppression du fichier C:\Users\nicol\Documents\ABEILLES\logiciel\blackBeeID\tmp\out
2025-07-20 21:57:19,883 - INFO - suppression du fichier C:\Users\nicol\Documents\ABEILLES\logiciel\blackBeeID\tmp\tmp
2025-07-20 21:57:19,883 - INFO - Génération du fichier de résultats C:\Users\nicol\Documents\ABEILLES\logiciel\blackBeeID\out\results.txt
2025-07-20 21:57:30,526 - INFO - Chargement du projet 'C:/Users/nicol/Documents/ABEILLES/etudes/ma_ruche_2/ruche_nico_15.zip'
2025-07-20 21:57:30,764 - INFO - Affichage dans l'IHM des valeurs Ci et Ds
2025-07-20 21:57:30,764 - INFO - Abeille n°1
2025-07-20 21:57:30,764 - INFO - Ci : 2.38, Ds : +0.0°
2025-07-20 21:57:30,764 - INFO - Abeille n°2
2025-07-20 21:57:30,764 - INFO - Ci : 2.31, Ds : +5.55°
2025-07-20 21:57:30,764 - INFO - Abeille n°3
2025-07-20 21:57:30,764 - INFO - Ci : 2.21, Ds : +4.72°
2025-07-20 21:57:30,764 - INFO - Abeille n°4
2025-07-20 21:57:30,764 - INFO - Ci : 1.99, Ds : -3.56°
2025-07-20 21:57:30,773 - INFO - Abeille n°5
2025-07-20 21:57:30,773 - INFO - Ci : 1.83, Ds : -0.49°
2025-07-20 21:57:30,773 - INFO - Abeille n°6
2025-07-20 21:57:30,773 - INFO - Ci : 1.76, Ds : -2.3°
2025-07-20 21:57:30,773 - INFO - Abeille n°7
2025-07-20 21:57:30,773 - INFO - Ci : 1.66, Ds : +1.25°
2025-07-20 21:57:30,773 - INFO - Abeille n°8
2025-07-20 21:57:30,773 - INFO - Ci : 2.08, Ds : +2.51°
2025-07-20 21:57:30,773 - INFO - Abeille n°9
2025-07-20 21:57:30,773 - INFO - Ci : 2.59, Ds : +5.52°
2025-07-20 21:57:30,773 - INFO - Abeille n°10
2025-07-20 21:57:30,773 - INFO - Ci : 2.05, Ds : -5.76°
2025-07-20 21:57:30,773 - INFO - Abeille n°11
2025-07-20 21:57:30,773 - INFO - Ci : 1.44, Ds : -1.01°
2025-07-20 21:57:30,773 - INFO - Abeille n°12
2025-07-20 21:57:30,773 - INFO - Ci : 1.82, Ds : -1.9°
2025-07-20 21:57:30,773 - INFO - Abeille n°13
2025-07-20 21:57:30,773 - INFO - Ci : 2.33, Ds : +4.23°
2025-07-20 21:57:30,773 - INFO - Abeille n°14
2025-07-20 21:57:30,773 - INFO - Ci : 1.75, Ds : +2.16°
2025-07-20 21:57:30,773 - INFO - Abeille n°15
2025-07-20 21:57:30,773 - INFO - Ci : 1.38, Ds : +0.41°
2025-07-20 21:57:39,035 - INFO - Image n°16 : C:\Users\nicol\Documents\ABEILLES\logiciel\blackBeeID\in\16_in.jpg
2025-07-20 21:57:40,059 - INFO - Edition de l'image : 16_in.jpg
2025-07-20 21:57:40,059 - INFO - Création du répertoire : C:\Users\nicol\Documents\ABEILLES\logiciel\blackBeeID\\tmp\16\
2025-07-20 21:57:40,066 - INFO - Copie du fichier : C:\Users\nicol\Documents\ABEILLES\logiciel\blackBeeID\\in\16_in.jpg >> C:\Users\nicol\Documents\ABEILLES\logiciel\blackBeeID\\tmp\16\16_in___20_07_2025___21_57_40.jpg
2025-07-20 21:57:40,098 - INFO - Edition de l'image n°16
2025-07-20 21:57:40,098 - INFO - ----------------------
2025-07-20 21:58:26,148 - INFO - Point Ci n°1 : (i,j)=(405, 1225)
2025-07-20 21:58:26,149 - INFO - Point Ci n°2 : (i,j)=(439, 1307)
2025-07-20 21:58:26,149 - INFO - Point Ci n°3 : (i,j)=(434, 1361)
2025-07-20 21:58:26,149 - INFO - ----------------------
2025-07-20 21:58:26,149 - INFO - Point Ds n°1 : (i,j)=(269, 964)
2025-07-20 21:58:26,149 - INFO - Point Ds n°2 : (i,j)=(296, 1208)
2025-07-20 21:58:26,149 - INFO - Point Ds n°3 : (i,j)=(261, 1566)
2025-07-20 21:58:26,149 - INFO - Point Ds n°4 : (i,j)=(560, 1221)
2025-07-20 21:58:26,181 - INFO - Indice cubital Abeille #16) : 1.6368753042445534
2025-07-20 21:58:26,182 - INFO - Shift discoidal Abeille #16) : 1.8642647°
2025-07-20 21:58:26,195 - INFO - Image sauvegardée : C:\Users\nicol\Documents\ABEILLES\logiciel\blackBeeID\\out\16_out.jpg
2025-07-20 21:58:26,211 - INFO - Les infos ont été ajoutées sur l'image.
