2025-07-22 19:48:46,022 - INFO - Démarrage du programme
2025-07-22 19:48:46,022 - INFO - nettoyage du dossier 'out' : C:\Users\nicol\Documents\Bee real\out
2025-07-22 19:48:46,032 - INFO - suppression du fichier C:\Users\nicol\Documents\Bee real\out\0_histogramme_RUTTNER_mellifera.png
2025-07-22 19:48:46,032 - INFO - suppression du fichier C:\Users\nicol\Documents\Bee real\out\10_out.jpg
2025-07-22 19:48:46,032 - INFO - suppression du fichier C:\Users\nicol\Documents\Bee real\out\11_out.jpg
2025-07-22 19:48:46,032 - INFO - suppression du fichier C:\Users\nicol\Documents\Bee real\out\12_out.jpg
2025-07-22 19:48:46,032 - INFO - suppression du fichier C:\Users\nicol\Documents\Bee real\out\13_out.jpg
2025-07-22 19:48:46,032 - INFO - suppression du fichier C:\Users\nicol\Documents\Bee real\out\14_out.jpg
2025-07-22 19:48:46,032 - INFO - suppression du fichier C:\Users\nicol\Documents\Bee real\out\15_out.jpg
2025-07-22 19:48:46,032 - INFO - suppression du fichier C:\Users\nicol\Documents\Bee real\out\16_out.jpg
2025-07-22 19:48:46,032 - INFO - suppression du fichier C:\Users\nicol\Documents\Bee real\out\17_out.jpg
2025-07-22 19:48:46,032 - INFO - suppression du fichier C:\Users\nicol\Documents\Bee real\out\18_out.jpg
2025-07-22 19:48:46,032 - INFO - suppression du fichier C:\Users\nicol\Documents\Bee real\out\19_out.jpg
2025-07-22 19:48:46,034 - INFO - suppression du fichier C:\Users\nicol\Documents\Bee real\out\1_histogramme_RUTTNER_caucasica.png
2025-07-22 19:48:46,034 - INFO - suppression du fichier C:\Users\nicol\Documents\Bee real\out\1_out.jpg
2025-07-22 19:48:46,034 - INFO - suppression du fichier C:\Users\nicol\Documents\Bee real\out\20_out.jpg
2025-07-22 19:48:46,034 - INFO - suppression du fichier C:\Users\nicol\Documents\Bee real\out\21_out.jpg
2025-07-22 19:48:46,034 - INFO - suppression du fichier C:\Users\nicol\Documents\Bee real\out\22_out.jpg
2025-07-22 19:48:46,034 - INFO - suppression du fichier C:\Users\nicol\Documents\Bee real\out\23_out.jpg
2025-07-22 19:48:46,034 - INFO - suppression du fichier C:\Users\nicol\Documents\Bee real\out\24_out.jpg
2025-07-22 19:48:46,034 - INFO - suppression du fichier C:\Users\nicol\Documents\Bee real\out\25_out.jpg
20252025-07-22 23:49:12,405 - INFO - Affichage dans l'IHM des valeurs Ci et Ds
2025-07-22 23:49:12,405 - INFO - Abeille n°1
2025-07-22 23:49:12,405 - INFO - Ci : 1.77, Ds : +3.88°
2025-07-22 23:49:12,405 - INFO - Abeille n°2
2025-07-22 23:49:12,405 - INFO - Ci : 2.38, Ds : +1.05°
2025-07-22 23:49:12,405 - INFO - Abeille n°3
2025-07-22 23:49:12,405 - INFO - Ci : 2.91, Ds : +0.26°
2025-07-22 23:49:12,405 - INFO - Abeille n°4
2025-07-22 23:49:12,405 - INFO - Ci : 2.56, Ds : -2.08°
2025-07-22 23:49:12,405 - INFO - Abeille n°5
2025-07-22 23:49:12,405 - INFO - Ci : 2.07, Ds : +2.16°
2025-07-22 23:49:26,419 - INFO - Image n°6 : C:\Users\nicol\Documents\Bee real\in\6_in.jpg
2025-07-22 23:50:45,125 - INFO - Edition de l'image : 6_in.jpg
2025-07-22 23:50:45,126 - INFO - Création du répertoire : C:\Users\nicol\Documents\Bee real\\tmp\6\
2025-07-22 23:50:45,126 - INFO - Copie du fichier : C:\Users\nicol\Documents\Bee real\\in\6_in.jpg >> C:\Users\nicol\Documents\Bee real\\tmp\6\6_in___22_07_2025___23_50_45.jpg
2025-07-22 23:50:45,161 - INFO - Edition de l'image n°6
2025-07-22 23:50:45,161 - INFO - ----------------------
2025-07-22 23:52:50,182 - INFO - Point Ci n°1 : (i,j)=(287, 1171)
2025-07-22 23:52:50,182 - INFO - Point Ci n°2 : (i,j)=(314, 1278)
2025-07-22 23:52:50,182 - INFO - Point Ci n°3 : (i,j)=(300, 1324)
2025-07-22 23:52:50,182 - INFO - ----------------------
2025-07-22 23:52:50,182 - INFO - Point Ds n°1 : (i,j)=(171, 865)
2025-07-22 23:52:50,182 - INFO - Point Ds n°2 : (i,j)=(173, 1166)
2025-07-22 23:52:50,182 - INFO - Point Ds n°3 : (i,j)=(98, 1537)
2025-07-22 23:52:50,182 - INFO - Point Ds n°4 : (i,j)=(465, 1190)
2025-07-22 23:52:50,215 - INFO - Indice cubital Abeille #6) : 2.2950601382234592
2025-07-22 23:52:50,216 - INFO - Shift discoidal Abeille #6) : -1.51385222°
2025-07-22 23:52:50,229 - INFO - Image sauvegardée : C:\Users\nicol\Documents\Bee real\\out\6_out.jpg
2025-07-22 23:52:50,244 - INFO - Les infos ont été ajoutées sur l'image.
2025-07-22 23:53:09,058 - INFO - Image n°7 : C:\Users\nicol\Documents\Bee real\in\7_in.jpg
2025-07-22 23:53:10,237 - INFO - Edition de l'image : 7_in.jpg
2025-07-22 23:53:10,237 - INFO - Création du répertoire : C:\Users\nicol\Documents\Bee real\\tmp\7\
2025-07-22 23:53:10,238 - INFO - Copie du fichier : C:\Users\nicol\Documents\Bee real\\in\7_in.jpg >> C:\Users\nicol\Documents\Bee real\\tmp\7\7_in___22_07_2025___23_53_10.jpg
2025-07-22 23:53:10,267 - INFO - Edition de l'image n°7
2025-07-22 23:53:10,267 - INFO - ----------------------
2025-07-22 23:53:45,192 - INFO - Point Ci n°1 : (i,j)=(267, 1453)
2025-07-22 23:53:45,193 - INFO - Point Ci n°2 : (i,j)=(299, 1556)
2025-07-22 23:53:45,193 - INFO - Point Ci n°3 : (i,j)=(288, 1598)
2025-07-22 23:53:45,193 - INFO - ----------------------
2025-07-22 23:53:45,193 - INFO - Point Ds n°1 : (i,j)=(129, 1169)
2025-07-22 23:53:45,193 - INFO - Point Ds n°2 : (i,j)=(149, 1428)
2025-07-22 23:53:45,193 - INFO - Point Ds n°3 : (i,j)=(92, 1809)
2025-07-22 23:53:45,193 - INFO - Point Ds n°4 : (i,j)=(445, 1468)
2025-07-22 23:53:45,225 - INFO - Indice cubital Abeille #7) : 2.4842207601471107
2025-07-22 23:53:45,225 - INFO - Shift discoidal Abeille #7) : 4.39418605°
2025-07-22 23:53:45,238 - INFO - Image sauvegardée : C:\Users\nicol\Documents\Bee real\\out\7_out.jpg
2025-07-22 23:53:45,253 - INFO - Les infos ont été ajoutées sur l'image.
2025-07-22 23:53:53,729 - INFO - Image n°8 : C:\Users\nicol\Documents\Bee real\in\8_in.jpg
2025-07-22 23:53:54,708 - INFO - Edition de l'image : 8_in.jpg
2025-07-22 23:53:54,710 - INFO - Création du répertoire : C:\Users\nicol\Documents\Bee real\\tmp\8\
2025-07-22 23:53:54,710 - INFO - Copie du fichier : C:\Users\nicol\Documents\Bee real\\in\8_in.jpg >> C:\Users\nicol\Documents\Bee real\\tmp\8\8_in___22_07_2025___23_53_54.jpg
2025-07-22 23:53:54,738 - INFO - Edition de l'image n°8
2025-07-22 23:53:54,738 - INFO - ----------------------
2025-07-22 23:54:37,485 - INFO - Point Ci n°1 : (i,j)=(280, 1374)
2025-07-22 23:54:37,485 - INFO - Point Ci n°2 : (i,j)=(309, 1465)
2025-07-22 23:54:37,485 - INFO - Point Ci n°3 : (i,j)=(297, 1508)
2025-07-22 23:54:37,485 - INFO - ----------------------
2025-07-22 23:54:37,485 - INFO - Point Ds n°1 : (i,j)=(163, 1091)
2025-07-22 23:54:37,485 - INFO - Point Ds n°2 : (i,j)=(165, 1344)
2025-07-22 23:54:37,485 - INFO - Point Ds n°3 : (i,j)=(84, 1704)
2025-07-22 23:54:37,485 - INFO - Point Ds n°4 : (i,j)=(441, 1392)
2025-07-22 23:54:37,515 - INFO - Indice cubital Abeille #8) : 2.1393970104891036
2025-07-22 23:54:37,516 - INFO - Shift discoidal Abeille #8) : 2.50970224°
2025-07-22 23:54:37,527 - INFO - Image sauvegardée : C:\Users\nicol\Documents\Bee real\\out\8_out.jpg
2025-07-22 23:54:37,542 - INFO - Les infos ont été ajoutées sur l'image.
2025-07-22 23:54:42,521 - INFO - Image n°9 : C:\Users\nicol\Documents\Bee real\in\9_in.jpg
2025-07-22 23:54:43,602 - INFO - Edition de l'image : 9_in.jpg
2025-07-22 23:54:43,602 - INFO - Création du répertoire : C:\Users\nicol\Documents\Bee real\\tmp\9\
2025-07-22 23:54:43,603 - INFO - Copie du fichier : C:\Users\nicol\Documents\Bee real\\in\9_in.jpg >> C:\Users\nicol\Documents\Bee real\\tmp\9\9_in___22_07_2025___23_54_43.jpg
2025-07-22 23:54:43,632 - INFO - Edition de l'image n°9
2025-07-22 23:54:43,632 - INFO - ----------------------
2025-07-22 23:55:35,467 - INFO - Point Ci n°1 : (i,j)=(317, 1303)
2025-07-22 23:55:35,467 - INFO - Point Ci n°2 : (i,j)=(335, 1407)
2025-07-22 23:55:35,467 - INFO - Point Ci n°3 : (i,j)=(319, 1453)
2025-07-22 23:55:35,467 - INFO - ----------------------
2025-07-22 23:55:35,467 - INFO - Point Ds n°1 : (i,j)=(218, 997)
2025-07-22 23:55:35,467 - INFO - Point Ds n°2 : (i,j)=(202, 1279)
2025-07-22 23:55:35,467 - INFO - Point Ds n°3 : (i,j)=(99, 1642)
2025-07-22 23:55:35,467 - INFO - Point Ds n°4 : (i,j)=(494, 1338)
2025-07-22 23:55:35,500 - INFO - Indice cubital Abeille #9) : 2.167131441480719
2025-07-22 23:55:35,500 - INFO - Shift discoidal Abeille #9) : 0.9714576°
2025-07-22 23:55:35,514 - INFO - Image sauvegardée : C:\Users\nicol\Documents\Bee real\\out\9_out.jpg
2025-07-22 23:55:35,529 - INFO - Les infos ont été ajoutées sur l'image.
2025-07-22 23:55:42,451 - INFO - Image n°10 : C:\Users\nicol\Documents\Bee real\in\10_in.jpg
2025-07-22 23:55:44,132 - INFO - Edition de l'image : 10_in.jpg
2025-07-22 23:55:44,132 - INFO - Création du répertoire : C:\Users\nicol\Documents\Bee real\\tmp\10\
2025-07-22 23:55:44,134 - INFO - Copie du fichier : C:\Users\nicol\Documents\Bee real\\in\10_in.jpg >> C:\Users\nicol\Documents\Bee real\\tmp\10\10_in___22_07_2025___23_55_44.jpg
2025-07-22 23:55:44,165 - INFO - Edition de l'image n°10
2025-07-22 23:55:44,165 - INFO - ----------------------
2025-07-22 23:56:25,592 - INFO - Point Ci n°1 : (i,j)=(284, 1379)
2025-07-22 23:56:25,593 - INFO - Point Ci n°2 : (i,j)=(306, 1474)
2025-07-22 23:56:25,593 - INFO - Point Ci n°3 : (i,j)=(290, 1515)
2025-07-22 23:56:25,593 - INFO - ----------------------
2025-07-22 23:56:25,593 - INFO - Point Ds n°1 : (i,j)=(175, 1085)
2025-07-22 23:56:25,593 - INFO - Point Ds n°2 : (i,j)=(171, 1340)
2025-07-22 23:56:25,593 - INFO - Point Ds n°3 : (i,j)=(73, 1719)
2025-07-22 23:56:25,593 - INFO - Point Ds n°4 : (i,j)=(458, 1407)
2025-07-22 23:56:25,626 - INFO - Indice cubital Abeille #10) : 2.215657428851254
2025-07-22 23:56:25,626 - INFO - Shift discoidal Abeille #10) : 4.00624539°
2025-07-22 23:56:25,640 - INFO - Image sauvegardée : C:\Users\nicol\Documents\Bee real\\out\10_out.jpg
2025-07-22 23:56:25,656 - INFO - Les infos ont été ajoutées sur l'image.
2025-07-22 23:56:33,670 - INFO - Image n°11 : C:\Users\nicol\Documents\Bee real\in\11_in.jpg
2025-07-22 23:56:35,387 - INFO - Edition de l'image : 11_in.jpg
2025-07-22 23:56:35,387 - INFO - Création du répertoire : C:\Users\nicol\Documents\Bee real\\tmp\11\
2025-07-22 23:56:35,389 - INFO - Copie du fichier : C:\Users\nicol\Documents\Bee real\\in\11_in.jpg >> C:\Users\nicol\Documents\Bee real\\tmp\11\11_in___22_07_2025___23_56_35.jpg
2025-07-22 23:56:35,419 - INFO - Edition de l'image n°11
2025-07-22 23:56:35,420 - INFO - ----------------------
2025-07-22 23:57:17,372 - INFO - Point Ci n°1 : (i,j)=(282, 1349)
2025-07-22 23:57:17,372 - INFO - Point Ci n°2 : (i,j)=(299, 1453)
2025-07-22 23:57:17,372 - INFO - Point Ci n°3 : (i,j)=(282, 1503)
2025-07-22 23:57:17,372 - INFO - ----------------------
2025-07-22 23:57:17,372 - INFO - Point Ds n°1 : (i,j)=(208, 1043)
2025-07-22 23:57:17,372 - INFO - Point Ds n°2 : (i,j)=(174, 1310)
2025-07-22 23:57:17,372 - INFO - Point Ds n°3 : (i,j)=(56, 1679)
2025-07-22 23:57:17,372 - INFO - Point Ds n°4 : (i,j)=(445, 1397)
2025-07-22 23:57:17,405 - INFO - Indice cubital Abeille #11) : 1.9954232322846193
2025-07-22 23:57:17,405 - INFO - Shift discoidal Abeille #11) : 4.34511994°
2025-07-22 23:57:17,419 - INFO - Image sauvegardée : C:\Users\nicol\Documents\Bee real\\out\11_out.jpg
2025-07-22 23:57:17,434 - INFO - Les infos ont été ajoutées sur l'image.
2025-07-22 23:57:53,665 - INFO - Image n°12 : C:\Users\nicol\Documents\Bee real\in\12_in.jpg
2025-07-22 23:57:56,094 - INFO - Edition de l'image : 12_in.jpg
2025-07-22 23:57:56,095 - INFO - Création du répertoire : C:\Users\nicol\Documents\Bee real\\tmp\12\
2025-07-22 23:57:56,095 - INFO - Copie du fichier : C:\Users\nicol\Documents\Bee real\\in\12_in.jpg >> C:\Users\nicol\Documents\Bee real\\tmp\12\12_in___22_07_2025___23_57_56.jpg
2025-07-22 23:57:56,127 - INFO - Edition de l'image n°12
2025-07-22 23:57:56,127 - INFO - ----------------------
2025-07-22 23:58:39,484 - INFO - Point Ci n°1 : (i,j)=(286, 1431)
2025-07-22 23:58:39,484 - INFO - Point Ci n°2 : (i,j)=(312, 1522)
2025-07-22 23:58:39,484 - INFO - Point Ci n°3 : (i,j)=(301, 1578)
2025-07-22 23:58:39,484 - INFO - ----------------------
2025-07-22 23:58:39,484 - INFO - Point Ds n°1 : (i,j)=(168, 1142)
2025-07-22 23:58:39,484 - INFO - Point Ds n°2 : (i,j)=(170, 1407)
2025-07-22 23:58:39,484 - INFO - Point Ds n°3 : (i,j)=(86, 1779)
2025-07-22 23:58:39,484 - INFO - Point Ds n°4 : (i,j)=(454, 1454)
2025-07-22 23:58:39,516 - INFO - Indice cubital Abeille #12) : 1.6583355383493816
2025-07-22 23:58:39,516 - INFO - Shift discoidal Abeille #12) : 2.0373841°
2025-07-22 23:58:39,529 - INFO - Image sauvegardée : C:\Users\nicol\Documents\Bee real\\out\12_out.jpg
2025-07-22 23:58:39,543 - INFO - Les infos ont été ajoutées sur l'image.
2025-07-22 23:58:50,537 - INFO - Image n°13 : C:\Users\nicol\Documents\Bee real\in\13_in.jpg
2025-07-22 23:58:51,465 - INFO - Edition de l'image : 13_in.jpg
2025-07-22 23:58:51,465 - INFO - Création du répertoire : C:\Users\nicol\Documents\Bee real\\tmp\13\
2025-07-22 23:58:51,466 - INFO - Copie du fichier : C:\Users\nicol\Documents\Bee real\\in\13_in.jpg >> C:\Users\nicol\Documents\Bee real\\tmp\13\13_in___22_07_2025___23_58_51.jpg
2025-07-22 23:58:51,497 - INFO - Edition de l'image n°13
2025-07-22 23:58:51,497 - INFO - ----------------------
2025-07-22 23:59:34,070 - INFO - Point Ci n°1 : (i,j)=(297, 1394)
2025-07-22 23:59:34,070 - INFO - Point Ci n°2 : (i,j)=(311, 1505)
2025-07-22 23:59:34,070 - INFO - Point Ci n°3 : (i,j)=(295, 1539)
2025-07-22 23:59:34,070 - INFO - ----------------------
2025-07-22 23:59:34,070 - INFO - Point Ds n°1 : (i,j)=(205, 1094)
2025-07-22 23:59:34,070 - INFO - Point Ds n°2 : (i,j)=(187, 1352)
2025-07-22 23:59:34,070 - INFO - Point Ds n°3 : (i,j)=(72, 1729)
2025-07-22 23:59:34,071 - INFO - Point Ds n°4 : (i,j)=(471, 1442)
2025-07-22 23:59:34,103 - INFO - Indice cubital Abeille #13) : 2.9773697919786466
2025-07-22 23:59:34,103 - INFO - Shift discoidal Abeille #13) : 5.7519027°
2025-07-22 23:59:34,116 - INFO - Image sauvegardée : C:\Users\nicol\Documents\Bee real\\out\13_out.jpg
2025-07-22 23:59:34,132 - INFO - Les infos ont été ajoutées sur l'image.
2025-07-22 23:59:40,892 - INFO - Image n°14 : C:\Users\nicol\Documents\Bee real\in\14_in.jpg
2025-07-22 23:59:42,645 - INFO - Edition de l'image : 14_in.jpg
2025-07-22 23:59:42,646 - INFO - Création du répertoire : C:\Users\nicol\Documents\Bee real\\tmp\14\
2025-07-22 23:59:42,646 - INFO - Copie du fichier : C:\Users\nicol\Documents\Bee real\\in\14_in.jpg >> C:\Users\nicol\Documents\Bee real\\tmp\14\14_in___22_07_2025___23_59_42.jpg
2025-07-22 23:59:42,679 - INFO - Edition de l'image n°14
2025-07-22 23:59:42,679 - INFO - ----------------------
2025-07-23 00:00:23,699 - INFO - Point Ci n°1 : (i,j)=(324, 1233)
2025-07-23 00:00:23,699 - INFO - Point Ci n°2 : (i,j)=(342, 1346)
2025-07-23 00:00:23,699 - INFO - Point Ci n°3 : (i,j)=(325, 1390)
2025-07-23 00:00:23,699 - INFO - ----------------------
2025-07-23 00:00:23,699 - INFO - Point Ds n°1 : (i,j)=(229, 931)
2025-07-23 00:00:23,699 - INFO - Point Ds n°2 : (i,j)=(208, 1227)
2025-07-23 00:00:23,699 - INFO - Point Ds n°3 : (i,j)=(103, 1573)
2025-07-23 00:00:23,699 - INFO - Point Ds n°4 : (i,j)=(500, 1273)
2025-07-23 00:00:23,721 - INFO - draw_ds_line_02_perpendicular(): la recherche + précise d'un autre pixel appartenant à la droite perpendiculaire à la première n'a pas marché
2025-07-23 00:00:23,731 - INFO - Indice cubital Abeille #14) : 2.425797679531925
2025-07-23 00:00:23,731 - INFO - Shift discoidal Abeille #14) : -2.0570345848006766°
2025-07-23 00:00:23,744 - INFO - Image sauvegardée : C:\Users\nicol\Documents\Bee real\\out\14_out.jpg
2025-07-23 00:00:23,759 - INFO - Les infos ont été ajoutées sur l'image.
2025-07-23 00:00:31,069 - INFO - Image n°15 : C:\Users\nicol\Documents\Bee real\in\15_in.jpg
2025-07-23 00:00:32,433 - INFO - Edition de l'image : 15_in.jpg
2025-07-23 00:00:32,434 - INFO - Création du répertoire : C:\Users\nicol\Documents\Bee real\\tmp\15\
2025-07-23 00:00:32,434 - INFO - Copie du fichier : C:\Users\nicol\Documents\Bee real\\in\15_in.jpg >> C:\Users\nicol\Documents\Bee real\\tmp\15\15_in___23_07_2025___00_00_32.jpg
2025-07-23 00:00:32,464 - INFO - Edition de l'image n°15
2025-07-23 00:00:32,464 - INFO - ----------------------
2025-07-23 00:01:12,662 - INFO - Point Ci n°1 : (i,j)=(303, 1402)
2025-07-23 00:01:12,662 - INFO - Point Ci n°2 : (i,j)=(315, 1515)
2025-07-23 00:01:12,662 - INFO - Point Ci n°3 : (i,j)=(299, 1553)
2025-07-23 00:01:12,662 - INFO - ----------------------
2025-07-23 00:01:12,662 - INFO - Point Ds n°1 : (i,j)=(220, 1094)
2025-07-23 00:01:12,662 - INFO - Point Ds n°2 : (i,j)=(194, 1370)
2025-07-23 00:01:12,662 - INFO - Point Ds n°3 : (i,j)=(68, 1736)
2025-07-23 00:01:12,662 - INFO - Point Ds n°4 : (i,j)=(477, 1444)
2025-07-23 00:01:12,694 - INFO - Indice cubital Abeille #15) : 2.756062835448636
2025-07-23 00:01:12,695 - INFO - Shift discoidal Abeille #15) : 1.32653229°
2025-07-23 00:01:12,708 - INFO - Image sauvegardée : C:\Users\nicol\Documents\Bee real\\out\15_out.jpg
2025-07-23 00:01:12,724 - INFO - Les infos ont été ajoutées sur l'image.
-07-22 19:52:47,689 - INFO - Indice cubital Abeille #5) : 2.0714172034549754
2025-07-22 19:52:47,689 - INFO - Shift discoidal Abeille #5) : 2.16641914°
2025-07-22 19:52:47,701 - INFO - Image sauvegardée : C:\Users\nicol\Documents\Bee real\\out\5_out.jpg
2025-07-22 19:52:47,717 - INFO - Les infos ont été ajoutées sur l'image.
