2025-10-17 21:53:37,156 - INFO - Chargement du projet 'C:/Users/nicol/Documents/ABEILLES/etudes/103.zip'
2025-10-17 21:53:37,633 - INFO - Affichage dans l'IHM des valeurs Ci et Ds
2025-10-17 21:53:37,633 - INFO - Abeille n°1
2025-10-17 21:53:37,633 - INFO - Ci : 2.06, Ds : -0.77°
2025-10-17 21:53:37,633 - INFO - Abeille n°2
2025-10-17 21:53:37,635 - INFO - Ci : 1.96, Ds : -3.19°
2025-10-17 21:53:37,635 - INFO - Abeille n°3
2025-10-17 21:53:37,635 - INFO - Ci : 1.9, Ds : +0.5°
2025-10-17 21:53:37,635 - INFO - Abeille n°4
2025-10-17 21:53:37,636 - INFO - Ci : 1.79, Ds : -0.38°
2025-10-17 21:53:37,636 - INFO - Abeille n°5
2025-10-17 21:53:37,637 - INFO - Ci : 2.21, Ds : +3.82°
2025-10-17 21:53:37,637 - INFO - Abeille n°6
2025-10-17 21:53:37,637 - INFO - Ci : 1.47, Ds : -3.59°
2025-10-17 21:53:37,637 - INFO - Abeille n°7
2025-10-17 21:53:37,637 - INFO - Ci : 2.71, Ds : +2.33°
2025-10-17 21:53:37,637 - INFO - Abeille n°8
2025-10-17 21:53:37,637 - INFO - Ci : 2.39, Ds : -0.44°
2025-10-17 21:53:37,638 - INFO - Abeille n°9
2025-10-17 21:53:37,638 - INFO - Ci : 2.0, Ds : -1.62°
2025-10-17 21:53:37,638 - INFO - Abeille n°10
2025-10-17 21:53:37,638 - INFO - Ci : 2.12, Ds : +0.56°
2025-10-17 21:53:37,638 - INFO - Abeille n°11
2025-10-17 21:53:37,638 - INFO - Ci : 1.83, Ds : -0.24°
2025-10-17 21:53:37,638 - INFO - Abeille n°12
2025-10-17 21:53:37,638 - INFO - Ci : 1.95, Ds : +0.55°
2025-10-17 21:53:37,638 - INFO - Abeille n°13
2025-10-17 21:53:37,638 - INFO - Ci : 2.35, Ds : -0.23°
2025-10-17 21:53:37,638 - INFO - Abeille n°14
2025-10-17 21:53:37,638 - INFO - Ci : 1.82, Ds : -1.94°
2025-10-17 21:53:37,638 - INFO - Abeille n°15
2025-10-17 21:53:37,638 - INFO - Ci : 1.63, Ds : -4.84°
2025-10-17 21:58:31,413 - INFO - Chargement du projet 'C:/Users/nicol/Documents/ABEILLES/etudes/103/analyse_ruche_103.zip'
2025-10-17 21:58:31,693 - INFO - Affichage dans l'IHM des valeurs Ci et Ds
2025-10-17 21:58:31,693 - INFO - Abeille n°1
2025-10-17 21:58:31,693 - INFO - Ci : 2.19, Ds : +1.04°
2025-10-17 21:58:31,693 - INFO - Abeille n°2
2025-10-17 21:58:31,693 - INFO - Ci : 1.97, Ds : -2.07°
2025-10-17 21:58:31,693 - INFO - Abeille n°3
2025-10-17 21:58:31,693 - INFO - Ci : 1.91, Ds : +0.79°
2025-10-17 21:58:31,693 - INFO - Abeille n°4
2025-10-17 21:58:31,693 - INFO - Ci : 1.76, Ds : -0.88°
2025-10-17 21:58:31,693 - INFO - Abeille n°5
2025-10-17 21:58:31,693 - INFO - Ci : 2.17, Ds : +3.77°
2025-10-17 21:58:31,693 - INFO - Abeille n°6
2025-10-17 21:58:31,693 - INFO - Ci : 1.75, Ds : -2.83°
2025-10-17 21:58:31,693 - INFO - Abeille n°7
2025-10-17 21:58:31,693 - INFO - Ci : 2.64, Ds : +2.91°
2025-10-17 21:58:31,694 - INFO - Abeille n°8
2025-10-17 21:58:31,694 - INFO - Ci : 2.24, Ds : +0.48°
2025-10-17 21:58:31,694 - INFO - Abeille n°9
2025-10-17 21:58:31,694 - INFO - Ci : 2.26, Ds : -0.46°
2025-10-17 21:58:31,694 - INFO - Abeille n°10
2025-10-17 21:58:31,694 - INFO - Ci : 2.13, Ds : +0.31°
2025-10-17 21:58:31,694 - INFO - Abeille n°11
2025-10-17 21:58:31,694 - INFO - Ci : 1.76, Ds : +0.24°
2025-10-17 21:58:31,694 - INFO - Abeille n°12
2025-10-17 21:58:31,694 - INFO - Ci : 2.06, Ds : +2.26°
2025-10-17 21:58:31,694 - INFO - Abeille n°13
2025-10-17 21:58:31,694 - INFO - Ci : 2.15, Ds : +0.55°
2025-10-17 21:58:31,694 - INFO - Abeille n°14
2025-10-17 21:58:31,694 - INFO - Ci : 1.83, Ds : -1.22°
2025-10-17 21:58:31,694 - INFO - Abeille n°15
2025-10-17 21:58:31,694 - INFO - Ci : 1.79, Ds : -3.32°
2025-10-17 21:58:31,694 - INFO - Abeille n°16
2025-10-17 21:58:31,695 - INFO - Ci : 1.93, Ds : +1.95°
2025-10-17 21:58:31,695 - INFO - Abeille n°17
2025-10-17 21:58:31,695 - INFO - Ci : 2.35, Ds : +0.11°
2025-10-17 21:58:31,695 - INFO - Abeille n°18
2025-10-17 21:58:31,695 - INFO - Ci : 2.36, Ds : +4.72°
2025-10-17 21:58:31,695 - INFO - Abeille n°19
2025-10-17 21:58:31,695 - INFO - Ci : 2.0, Ds : +1.14°
2025-10-17 21:58:31,695 - INFO - Abeille n°20
2025-10-17 21:58:31,695 - INFO - Ci : 2.32, Ds : -0.24°
2025-10-17 21:58:31,695 - INFO - Abeille n°21
2025-10-17 21:58:31,695 - INFO - Ci : 2.41, Ds : +3.11°
2025-10-17 21:58:31,695 - INFO - Abeille n°22
2025-10-17 21:58:31,695 - INFO - Ci : 2.43, Ds : +3.12°
2025-10-17 21:58:31,695 - INFO - Abeille n°23
2025-10-17 21:58:31,695 - INFO - Ci : 1.65, Ds : +0.03°
2025-10-17 21:58:31,696 - INFO - Abeille n°24
2025-10-17 21:58:31,696 - INFO - Ci : 2.1, Ds : -1.67°
2025-10-17 21:58:31,696 - INFO - Abeille n°25
2025-10-17 21:58:31,696 - INFO - Ci : 2.45, Ds : +1.92°
2025-10-17 21:58:31,696 - INFO - Abeille n°26
2025-10-17 21:58:31,696 - INFO - Ci : 2.2, Ds : +0.44°
2025-10-17 21:58:31,696 - INFO - Abeille n°27
2025-10-17 21:58:31,696 - INFO - Ci : 1.64, Ds : +1.42°
2025-10-17 21:58:31,696 - INFO - Abeille n°28
2025-10-17 21:58:31,696 - INFO - Ci : 2.07, Ds : +1.46°
2025-10-17 21:58:31,696 - INFO - Abeille n°29
2025-10-17 21:58:31,696 - INFO - Ci : 1.86, Ds : -0.93°
2025-10-17 21:58:31,696 - INFO - Abeille n°30
2025-10-17 21:58:31,696 - INFO - Ci : 2.01, Ds : +2.17°
2025-10-17 21:58:44,022 - INFO - Image 31 : C:\Users\nicol\AppData\Local\Temp\_MEI110602\in\\31_in.jpg
2025-10-17 21:58:45,118 - INFO - Edition de l'image : 31_in.jpg
2025-10-17 21:58:45,119 - INFO - Copie du fichier : C:\Users\nicol\AppData\Local\Temp\_MEI110602\in\\31_in.jpg >> C:\Users\nicol\AppData\Local\Temp\_MEI110602\tmp\\31_in___17_10_2025___21_58_45.jpg
2025-10-17 21:58:45,154 - INFO - Edition de l'image 31
2025-10-17 21:58:45,154 - INFO - ----------------------
2025-10-17 21:59:19,012 - INFO - Point Ci n°1 : (i,j)=(382, 1376)
2025-10-17 21:59:19,012 - INFO - Point Ci n°2 : (i,j)=(415, 1473)
2025-10-17 21:59:19,012 - INFO - Point Ci n°3 : (i,j)=(404, 1519)
2025-10-17 21:59:19,012 - INFO - ----------------------
2025-10-17 21:59:19,012 - INFO - Point Ds n°1 : (i,j)=(249, 1101)
2025-10-17 21:59:19,012 - INFO - Point Ds n°2 : (i,j)=(269, 1353)
2025-10-17 21:59:19,012 - INFO - Point Ds n°3 : (i,j)=(213, 1730)
2025-10-17 21:59:19,012 - INFO - Point Ds n°4 : (i,j)=(541, 1378)
2025-10-17 21:59:19,048 - INFO - Indice cubital Abeille #31) : 2.1663084421264327
2025-10-17 21:59:19,048 - INFO - Shift discoidal Abeille #31) : 1.97769558°
2025-10-17 21:59:19,064 - INFO - Image sauvegardée : C:\Users\nicol\AppData\Local\Temp\_MEI110602\out\\31_out.jpg
2025-10-17 21:59:19,082 - INFO - Les infos ont été ajoutées sur l'image.
2025-10-17 21:59:30,435 - INFO - Image 32 : C:\Users\nicol\AppData\Local\Temp\_MEI110602\in\\32_in.jpg
2025-10-17 21:59:31,374 - INFO - Edition de l'image : 32_in.jpg
2025-10-17 21:59:31,375 - INFO - Copie du fichier : C:\Users\nicol\AppData\Local\Temp\_MEI110602\in\\32_in.jpg >> C:\Users\nicol\AppData\Local\Temp\_MEI110602\tmp\\32_in___17_10_2025___21_59_31.jpg
2025-10-17 21:59:31,409 - INFO - Edition de l'image 32
2025-10-17 21:59:31,409 - INFO - ----------------------
2025-10-17 22:00:36,425 - INFO - Point Ci n°1 : (i,j)=(417, 1520)
2025-10-17 22:00:36,425 - INFO - Point Ci n°2 : (i,j)=(441, 1602)
2025-10-17 22:00:36,425 - INFO - Point Ci n°3 : (i,j)=(428, 1644)
2025-10-17 22:00:36,425 - INFO - ----------------------
2025-10-17 22:00:36,425 - INFO - Point Ds n°1 : (i,j)=(308, 1234)
2025-10-17 22:00:36,425 - INFO - Point Ds n°2 : (i,j)=(306, 1502)
2025-10-17 22:00:36,425 - INFO - Point Ds n°3 : (i,j)=(232, 1855)
2025-10-17 22:00:36,425 - INFO - Point Ds n°4 : (i,j)=(578, 1524)
2025-10-17 22:00:36,460 - INFO - Indice cubital Abeille #32) : 1.9433252923609168
2025-10-17 22:00:36,461 - INFO - Shift discoidal Abeille #32) : -2.35921938°
2025-10-17 22:00:36,479 - INFO - Image sauvegardée : C:\Users\nicol\AppData\Local\Temp\_MEI110602\out\\32_out.jpg
2025-10-17 22:00:36,497 - INFO - Les infos ont été ajoutées sur l'image.
2025-10-17 22:00:46,268 - INFO - Image 33 : C:\Users\nicol\AppData\Local\Temp\_MEI110602\in\\33_in.jpg
2025-10-17 22:00:47,323 - INFO - Edition de l'image : 33_in.jpg
2025-10-17 22:00:47,323 - INFO - Copie du fichier : C:\Users\nicol\AppData\Local\Temp\_MEI110602\in\\33_in.jpg >> C:\Users\nicol\AppData\Local\Temp\_MEI110602\tmp\\33_in___17_10_2025___22_00_47.jpg
2025-10-17 22:00:47,353 - INFO - Edition de l'image 33
2025-10-17 22:00:47,353 - INFO - ----------------------
2025-10-17 22:01:28,934 - INFO - Point Ci n°1 : (i,j)=(379, 1163)
2025-10-17 22:01:28,936 - INFO - Point Ci n°2 : (i,j)=(400, 1251)
2025-10-17 22:01:28,936 - INFO - Point Ci n°3 : (i,j)=(385, 1295)
2025-10-17 22:01:28,936 - INFO - ----------------------
2025-10-17 22:01:28,936 - INFO - Point Ds n°1 : (i,j)=(270, 875)
2025-10-17 22:01:28,936 - INFO - Point Ds n°2 : (i,j)=(267, 1147)
2025-10-17 22:01:28,936 - INFO - Point Ds n°3 : (i,j)=(184, 1492)
2025-10-17 22:01:28,936 - INFO - Point Ds n°4 : (i,j)=(544, 1171)
2025-10-17 22:01:28,967 - INFO - Indice cubital Abeille #33) : 1.9461753091909735
2025-10-17 22:01:28,967 - INFO - Shift discoidal Abeille #33) : -2.99952018°
2025-10-17 22:01:28,981 - INFO - Image sauvegardée : C:\Users\nicol\AppData\Local\Temp\_MEI110602\out\\33_out.jpg
2025-10-17 22:01:28,997 - INFO - Les infos ont été ajoutées sur l'image.
2025-10-17 22:01:48,493 - INFO - Image 34 : C:\Users\nicol\AppData\Local\Temp\_MEI110602\in\\34_in.jpg
2025-10-17 22:01:49,383 - INFO - Edition de l'image : 34_in.jpg
2025-10-17 22:01:49,385 - INFO - Copie du fichier : C:\Users\nicol\AppData\Local\Temp\_MEI110602\in\\34_in.jpg >> C:\Users\nicol\AppData\Local\Temp\_MEI110602\tmp\\34_in___17_10_2025___22_01_49.jpg
2025-10-17 22:01:49,419 - INFO - Edition de l'image 34
2025-10-17 22:01:49,419 - INFO - ----------------------
2025-10-17 22:02:22,964 - INFO - Point Ci n°1 : (i,j)=(397, 1195)
2025-10-17 22:02:22,964 - INFO - Point Ci n°2 : (i,j)=(432, 1288)
2025-10-17 22:02:22,964 - INFO - Point Ci n°3 : (i,j)=(424, 1337)
2025-10-17 22:02:22,964 - INFO - ----------------------
2025-10-17 22:02:22,964 - INFO - Point Ds n°1 : (i,j)=(272, 940)
2025-10-17 22:02:22,964 - INFO - Point Ds n°2 : (i,j)=(286, 1185)
2025-10-17 22:02:22,964 - INFO - Point Ds n°3 : (i,j)=(240, 1554)
2025-10-17 22:02:22,964 - INFO - Point Ds n°4 : (i,j)=(563, 1202)
2025-10-17 22:02:22,998 - INFO - Indice cubital Abeille #34) : 2.001419374640054
2025-10-17 22:02:22,998 - INFO - Shift discoidal Abeille #34) : 0.49915515°
2025-10-17 22:02:23,014 - INFO - Image sauvegardée : C:\Users\nicol\AppData\Local\Temp\_MEI110602\out\\34_out.jpg
2025-10-17 22:02:23,032 - INFO - Les infos ont été ajoutées sur l'image.
2025-10-17 22:02:46,858 - INFO - Image 36 : C:\Users\nicol\AppData\Local\Temp\_MEI110602\in\\36_in.jpg
2025-10-17 22:02:47,683 - INFO - Edition de l'image : 36_in.jpg
2025-10-17 22:02:47,684 - INFO - Copie du fichier : C:\Users\nicol\AppData\Local\Temp\_MEI110602\in\\36_in.jpg >> C:\Users\nicol\AppData\Local\Temp\_MEI110602\tmp\\36_in___17_10_2025___22_02_47.jpg
2025-10-17 22:02:47,715 - INFO - Edition de l'image 36
2025-10-17 22:02:47,715 - INFO - ----------------------
2025-10-17 22:03:31,393 - INFO - Point Ci n°1 : (i,j)=(492, 1282)
2025-10-17 22:03:31,394 - INFO - Point Ci n°2 : (i,j)=(510, 1367)
2025-10-17 22:03:31,394 - INFO - Point Ci n°3 : (i,j)=(495, 1413)
2025-10-17 22:03:31,394 - INFO - ----------------------
2025-10-17 22:03:31,394 - INFO - Point Ds n°1 : (i,j)=(391, 989)
2025-10-17 22:03:31,394 - INFO - Point Ds n°2 : (i,j)=(377, 1252)
2025-10-17 22:03:31,394 - INFO - Point Ds n°3 : (i,j)=(290, 1605)
2025-10-17 22:03:31,394 - INFO - Point Ds n°4 : (i,j)=(649, 1300)
2025-10-17 22:03:31,429 - INFO - Indice cubital Abeille #36) : 1.795742270842114
2025-10-17 22:03:31,429 - INFO - Shift discoidal Abeille #36) : 0.7146712°
2025-10-17 22:03:31,446 - INFO - Image sauvegardée : C:\Users\nicol\AppData\Local\Temp\_MEI110602\out\\36_out.jpg
2025-10-17 22:03:31,464 - INFO - Les infos ont été ajoutées sur l'image.
2025-10-17 22:03:35,416 - INFO - Image 37 : C:\Users\nicol\AppData\Local\Temp\_MEI110602\in\\37_in.jpg
2025-10-17 22:03:36,186 - INFO - Edition de l'image : 37_in.jpg
2025-10-17 22:03:36,187 - INFO - Copie du fichier : C:\Users\nicol\AppData\Local\Temp\_MEI110602\in\\37_in.jpg >> C:\Users\nicol\AppData\Local\Temp\_MEI110602\tmp\\37_in___17_10_2025___22_03_36.jpg
2025-10-17 22:03:36,221 - INFO - Edition de l'image 37
2025-10-17 22:03:36,221 - INFO - ----------------------
2025-10-17 22:04:11,802 - INFO - Point Ci n°1 : (i,j)=(362, 1335)
2025-10-17 22:04:11,803 - INFO - Point Ci n°2 : (i,j)=(378, 1417)
2025-10-17 22:04:11,803 - INFO - Point Ci n°3 : (i,j)=(362, 1460)
2025-10-17 22:04:11,803 - INFO - ----------------------
2025-10-17 22:04:11,803 - INFO - Point Ds n°1 : (i,j)=(277, 1036)
2025-10-17 22:04:11,803 - INFO - Point Ds n°2 : (i,j)=(251, 1303)
2025-10-17 22:04:11,803 - INFO - Point Ds n°3 : (i,j)=(145, 1659)
2025-10-17 22:04:11,803 - INFO - Point Ds n°4 : (i,j)=(526, 1357)
2025-10-17 22:04:11,839 - INFO - Indice cubital Abeille #37) : 1.8209652630709803
2025-10-17 22:04:11,839 - INFO - Shift discoidal Abeille #37) : -0.88332128°
2025-10-17 22:04:11,857 - INFO - Image sauvegardée : C:\Users\nicol\AppData\Local\Temp\_MEI110602\out\\37_out.jpg
2025-10-17 22:04:11,875 - INFO - Les infos ont été ajoutées sur l'image.
2025-10-17 22:04:22,552 - INFO - L'analyse 'analyse_ruche_103' a bien été enregistrée dans C:/Users/nicol/Documents/ABEILLES/etudes/103
2025-10-17 22:04:45,725 - INFO - Image 38 : C:\Users\nicol\AppData\Local\Temp\_MEI110602\in\\38_in.jpg
2025-10-17 22:04:47,235 - INFO - Edition de l'image : 38_in.jpg
2025-10-17 22:04:47,236 - INFO - Copie du fichier : C:\Users\nicol\AppData\Local\Temp\_MEI110602\in\\38_in.jpg >> C:\Users\nicol\AppData\Local\Temp\_MEI110602\tmp\\38_in___17_10_2025___22_04_47.jpg
2025-10-17 22:04:47,267 - INFO - Edition de l'image 38
2025-10-17 22:04:47,267 - INFO - ----------------------
2025-10-17 22:05:24,926 - INFO - Point Ci n°1 : (i,j)=(415, 1387)
2025-10-17 22:05:24,926 - INFO - Point Ci n°2 : (i,j)=(435, 1482)
2025-10-17 22:05:24,926 - INFO - Point Ci n°3 : (i,j)=(417, 1527)
2025-10-17 22:05:24,926 - INFO - ----------------------
2025-10-17 22:05:24,926 - INFO - Point Ds n°1 : (i,j)=(326, 1101)
2025-10-17 22:05:24,926 - INFO - Point Ds n°2 : (i,j)=(306, 1351)
2025-10-17 22:05:24,926 - INFO - Point Ds n°3 : (i,j)=(203, 1709)
2025-10-17 22:05:24,926 - INFO - Point Ds n°4 : (i,j)=(574, 1413)
2025-10-17 22:05:24,960 - INFO - Indice cubital Abeille #38) : 2.0030840419244385
2025-10-17 22:05:24,960 - INFO - Shift discoidal Abeille #38) : 1.51200946°
2025-10-17 22:05:24,977 - INFO - Image sauvegardée : C:\Users\nicol\AppData\Local\Temp\_MEI110602\out\\38_out.jpg
2025-10-17 22:05:24,995 - INFO - Les infos ont été ajoutées sur l'image.
2025-10-17 22:05:29,738 - INFO - Image 39 : C:\Users\nicol\AppData\Local\Temp\_MEI110602\in\\39_in.jpg
2025-10-17 22:05:30,606 - INFO - Edition de l'image : 39_in.jpg
2025-10-17 22:05:30,608 - INFO - Copie du fichier : C:\Users\nicol\AppData\Local\Temp\_MEI110602\in\\39_in.jpg >> C:\Users\nicol\AppData\Local\Temp\_MEI110602\tmp\\39_in___17_10_2025___22_05_30.jpg
2025-10-17 22:05:30,641 - INFO - Edition de l'image 39
2025-10-17 22:05:30,641 - INFO - ----------------------
2025-10-17 22:06:03,177 - INFO - Point Ci n°1 : (i,j)=(351, 1372)
2025-10-17 22:06:03,177 - INFO - Point Ci n°2 : (i,j)=(372, 1458)
2025-10-17 22:06:03,177 - INFO - Point Ci n°3 : (i,j)=(359, 1498)
2025-10-17 22:06:03,177 - INFO - ----------------------
2025-10-17 22:06:03,178 - INFO - Point Ds n°1 : (i,j)=(241, 1099)
2025-10-17 22:06:03,178 - INFO - Point Ds n°2 : (i,j)=(240, 1350)
2025-10-17 22:06:03,178 - INFO - Point Ds n°3 : (i,j)=(156, 1706)
2025-10-17 22:06:03,178 - INFO - Point Ds n°4 : (i,j)=(506, 1385)
2025-10-17 22:06:03,213 - INFO - Indice cubital Abeille #39) : 2.104800832874984
2025-10-17 22:06:03,213 - INFO - Shift discoidal Abeille #39) : -0.48533889°
2025-10-17 22:06:03,229 - INFO - Image sauvegardée : C:\Users\nicol\AppData\Local\Temp\_MEI110602\out\\39_out.jpg
2025-10-17 22:06:03,246 - INFO - Les infos ont été ajoutées sur l'image.
2025-10-17 22:06:18,939 - INFO - Image 40 : C:\Users\nicol\AppData\Local\Temp\_MEI110602\in\\40_in.jpg
2025-10-17 22:06:20,152 - INFO - Edition de l'image : 40_in.jpg
2025-10-17 22:06:20,153 - INFO - Copie du fichier : C:\Users\nicol\AppData\Local\Temp\_MEI110602\in\\40_in.jpg >> C:\Users\nicol\AppData\Local\Temp\_MEI110602\tmp\\40_in___17_10_2025___22_06_20.jpg
2025-10-17 22:06:20,187 - INFO - Edition de l'image 40
2025-10-17 22:06:20,187 - INFO - ----------------------
2025-10-17 22:06:53,107 - INFO - Point Ci n°1 : (i,j)=(463, 1330)
2025-10-17 22:06:53,107 - INFO - Point Ci n°2 : (i,j)=(490, 1427)
2025-10-17 22:06:53,107 - INFO - Point Ci n°3 : (i,j)=(478, 1465)
2025-10-17 22:06:53,107 - INFO - ----------------------
2025-10-17 22:06:53,107 - INFO - Point Ds n°1 : (i,j)=(349, 1055)
2025-10-17 22:06:53,107 - INFO - Point Ds n°2 : (i,j)=(356, 1318)
2025-10-17 22:06:53,107 - INFO - Point Ds n°3 : (i,j)=(286, 1661)
2025-10-17 22:06:53,107 - INFO - Point Ds n°4 : (i,j)=(629, 1349)
2025-10-17 22:06:53,144 - INFO - Indice cubital Abeille #40) : 2.5266837915274953
2025-10-17 22:06:53,144 - INFO - Shift discoidal Abeille #40) : 0.52425715°
2025-10-17 22:06:53,162 - INFO - Image sauvegardée : C:\Users\nicol\AppData\Local\Temp\_MEI110602\out\\40_out.jpg
2025-10-17 22:06:53,181 - INFO - Les infos ont été ajoutées sur l'image.
2025-10-17 22:07:02,398 - INFO - Image 41 : C:\Users\nicol\AppData\Local\Temp\_MEI110602\in\\41_in.jpg
2025-10-17 22:07:03,154 - INFO - Edition de l'image : 41_in.jpg
2025-10-17 22:07:03,155 - INFO - Copie du fichier : C:\Users\nicol\AppData\Local\Temp\_MEI110602\in\\41_in.jpg >> C:\Users\nicol\AppData\Local\Temp\_MEI110602\tmp\\41_in___17_10_2025___22_07_03.jpg
2025-10-17 22:07:03,185 - INFO - Edition de l'image 41
2025-10-17 22:07:03,186 - INFO - ----------------------
2025-10-17 22:07:41,425 - INFO - Point Ci n°1 : (i,j)=(325, 1189)
2025-10-17 22:07:41,425 - INFO - Point Ci n°2 : (i,j)=(346, 1290)
2025-10-17 22:07:41,425 - INFO - Point Ci n°3 : (i,j)=(330, 1331)
2025-10-17 22:07:41,425 - INFO - ----------------------
2025-10-17 22:07:41,425 - INFO - Point Ds n°1 : (i,j)=(228, 900)
2025-10-17 22:07:41,425 - INFO - Point Ds n°2 : (i,j)=(214, 1157)
2025-10-17 22:07:41,425 - INFO - Point Ds n°3 : (i,j)=(113, 1529)
2025-10-17 22:07:41,425 - INFO - Point Ds n°4 : (i,j)=(500, 1208)
2025-10-17 22:07:41,457 - INFO - Indice cubital Abeille #41) : 2.3439417620742775
2025-10-17 22:07:41,457 - INFO - Shift discoidal Abeille #41) : -0.29464991°
2025-10-17 22:07:41,471 - INFO - Image sauvegardée : C:\Users\nicol\AppData\Local\Temp\_MEI110602\out\\41_out.jpg
2025-10-17 22:07:41,487 - INFO - Les infos ont été ajoutées sur l'image.
2025-10-17 22:07:47,721 - INFO - Image 42 : C:\Users\nicol\AppData\Local\Temp\_MEI110602\in\\42_in.jpg
2025-10-17 22:07:48,711 - INFO - Edition de l'image : 42_in.jpg
2025-10-17 22:07:48,712 - INFO - Copie du fichier : C:\Users\nicol\AppData\Local\Temp\_MEI110602\in\\42_in.jpg >> C:\Users\nicol\AppData\Local\Temp\_MEI110602\tmp\\42_in___17_10_2025___22_07_48.jpg
2025-10-17 22:07:48,745 - INFO - Edition de l'image 42
2025-10-17 22:07:48,745 - INFO - ----------------------
2025-10-17 22:08:24,791 - INFO - Point Ci n°1 : (i,j)=(488, 1387)
2025-10-17 22:08:24,791 - INFO - Point Ci n°2 : (i,j)=(518, 1489)
2025-10-17 22:08:24,791 - INFO - Point Ci n°3 : (i,j)=(504, 1543)
2025-10-17 22:08:24,791 - INFO - ----------------------
2025-10-17 22:08:24,792 - INFO - Point Ds n°1 : (i,j)=(374, 1121)
2025-10-17 22:08:24,792 - INFO - Point Ds n°2 : (i,j)=(381, 1384)
2025-10-17 22:08:24,792 - INFO - Point Ds n°3 : (i,j)=(320, 1741)
2025-10-17 22:08:24,792 - INFO - Point Ds n°4 : (i,j)=(654, 1410)
2025-10-17 22:08:24,830 - INFO - Indice cubital Abeille #42) : 1.9058831930370983
2025-10-17 22:08:24,830 - INFO - Shift discoidal Abeille #42) : 0.46558643°
2025-10-17 22:08:24,848 - INFO - Image sauvegardée : C:\Users\nicol\AppData\Local\Temp\_MEI110602\out\\42_out.jpg
2025-10-17 22:08:24,867 - INFO - Les infos ont été ajoutées sur l'image.
2025-10-17 22:08:33,597 - INFO - Image 43 : C:\Users\nicol\AppData\Local\Temp\_MEI110602\in\\43_in.jpg
2025-10-17 22:08:34,546 - INFO - Edition de l'image : 43_in.jpg
2025-10-17 22:08:34,548 - INFO - Copie du fichier : C:\Users\nicol\AppData\Local\Temp\_MEI110602\in\\43_in.jpg >> C:\Users\nicol\AppData\Local\Temp\_MEI110602\tmp\\43_in___17_10_2025___22_08_34.jpg
2025-10-17 22:08:34,578 - INFO - Edition de l'image 43
2025-10-17 22:08:34,578 - INFO - ----------------------
2025-10-17 22:09:05,626 - INFO - Point Ci n°1 : (i,j)=(375, 1299)
2025-10-17 22:09:05,626 - INFO - Point Ci n°2 : (i,j)=(402, 1397)
2025-10-17 22:09:05,627 - INFO - Point Ci n°3 : (i,j)=(390, 1439)
2025-10-17 22:09:05,627 - INFO - ----------------------
2025-10-17 22:09:05,627 - INFO - Point Ds n°1 : (i,j)=(263, 1032)
2025-10-17 22:09:05,627 - INFO - Point Ds n°2 : (i,j)=(265, 1281)
2025-10-17 22:09:05,627 - INFO - Point Ds n°3 : (i,j)=(185, 1657)
2025-10-17 22:09:05,627 - INFO - Point Ds n°4 : (i,j)=(539, 1321)
2025-10-17 22:09:05,660 - INFO - Indice cubital Abeille #43) : 2.327148136375791
2025-10-17 22:09:05,660 - INFO - Shift discoidal Abeille #43) : 1.18065986°
2025-10-17 22:09:05,676 - INFO - Image sauvegardée : C:\Users\nicol\AppData\Local\Temp\_MEI110602\out\\43_out.jpg
2025-10-17 22:09:05,693 - INFO - Les infos ont été ajoutées sur l'image.
2025-10-17 22:09:12,649 - INFO - Image 44 : C:\Users\nicol\AppData\Local\Temp\_MEI110602\in\\44_in.jpg
2025-10-17 22:09:13,634 - INFO - Edition de l'image : 44_in.jpg
2025-10-17 22:09:13,636 - INFO - Copie du fichier : C:\Users\nicol\AppData\Local\Temp\_MEI110602\in\\44_in.jpg >> C:\Users\nicol\AppData\Local\Temp\_MEI110602\tmp\\44_in___17_10_2025___22_09_13.jpg
2025-10-17 22:09:13,669 - INFO - Edition de l'image 44
2025-10-17 22:09:13,669 - INFO - ----------------------
2025-10-17 22:09:53,501 - INFO - Point Ci n°1 : (i,j)=(468, 1209)
2025-10-17 22:09:53,501 - INFO - Point Ci n°2 : (i,j)=(485, 1308)
2025-10-17 22:09:53,501 - INFO - Point Ci n°3 : (i,j)=(468, 1353)
2025-10-17 22:09:53,501 - INFO - ----------------------
2025-10-17 22:09:53,501 - INFO - Point Ds n°1 : (i,j)=(378, 916)
2025-10-17 22:09:53,501 - INFO - Point Ds n°2 : (i,j)=(355, 1175)
2025-10-17 22:09:53,501 - INFO - Point Ds n°3 : (i,j)=(244, 1542)
2025-10-17 22:09:53,501 - INFO - Point Ds n°4 : (i,j)=(630, 1242)
2025-10-17 22:09:53,540 - INFO - Indice cubital Abeille #44) : 2.088160641816822
2025-10-17 22:09:53,541 - INFO - Shift discoidal Abeille #44) : 1.58997281°
2025-10-17 22:09:53,560 - INFO - Image sauvegardée : C:\Users\nicol\AppData\Local\Temp\_MEI110602\out\\44_out.jpg
2025-10-17 22:09:53,579 - INFO - Les infos ont été ajoutées sur l'image.
2025-10-17 22:09:59,579 - INFO - Image 45 : C:\Users\nicol\AppData\Local\Temp\_MEI110602\in\\45_in.jpg
2025-10-17 22:10:00,542 - INFO - Edition de l'image : 45_in.jpg
2025-10-17 22:10:00,544 - INFO - Copie du fichier : C:\Users\nicol\AppData\Local\Temp\_MEI110602\in\\45_in.jpg >> C:\Users\nicol\AppData\Local\Temp\_MEI110602\tmp\\45_in___17_10_2025___22_10_00.jpg
2025-10-17 22:10:00,576 - INFO - Edition de l'image 45
2025-10-17 22:10:00,576 - INFO - ----------------------
2025-10-17 22:10:32,398 - INFO - Point Ci n°1 : (i,j)=(409, 1198)
2025-10-17 22:10:32,398 - INFO - Point Ci n°2 : (i,j)=(427, 1296)
2025-10-17 22:10:32,398 - INFO - Point Ci n°3 : (i,j)=(410, 1343)
2025-10-17 22:10:32,398 - INFO - ----------------------
2025-10-17 22:10:32,398 - INFO - Point Ds n°1 : (i,j)=(311, 916)
2025-10-17 22:10:32,398 - INFO - Point Ds n°2 : (i,j)=(294, 1168)
2025-10-17 22:10:32,398 - INFO - Point Ds n°3 : (i,j)=(197, 1543)
2025-10-17 22:10:32,398 - INFO - Point Ds n°4 : (i,j)=(573, 1228)
2025-10-17 22:10:32,422 - INFO - draw_ds_line_02_perpendicular(): la recherche + précise d'un autre pixel appartenant à la droite perpendiculaire à la première n'a pas marché
2025-10-17 22:10:32,432 - INFO - Indice cubital Abeille #45) : 1.993584586518185
2025-10-17 22:10:32,432 - INFO - Shift discoidal Abeille #45) : 2.012152799894525°
2025-10-17 22:10:32,448 - INFO - Image sauvegardée : C:\Users\nicol\AppData\Local\Temp\_MEI110602\out\\45_out.jpg
2025-10-17 22:10:32,466 - INFO - Les infos ont été ajoutées sur l'image.
2025-10-17 22:10:35,287 - INFO - Lancement de l'analyse : calcul de l'histogramme des indices + scatter plots DS vs CI
2025-10-17 22:10:35,287 - INFO - calcul de l'histogramme de l'indice cubital
