2025-07-24 20:36:06,627 - INFO - Démarrage du programme
2025-07-24 20:36:06,627 - INFO - nettoyage du dossier 'out' : C:\Users\nicol\Documents\ABEILLES\logiciel\blackBeeID\out
2025-07-24 20:36:06,627 - INFO - suppression du fichier C:\Users\nicol\Documents\ABEILLES\logiciel\blackBeeID\out\results.txt
2025-07-24 20:36:06,627 - INFO - nettoyage du dossier 'in' : C:\Users\nicol\Documents\ABEILLES\logiciel\blackBeeID\in
2025-07-24 20:36:06,627 - INFO - suppression du fichier C:\Users\nicol\Documents\ABEILLES\logiciel\blackBeeID\in\52_in.jpg
2025-07-24 20:36:06,627 - INFO - suppression du fichier C:\Users\nicol\Documents\ABEILLES\logiciel\blackBeeID\in\53_in.jpg
2025-07-24 20:36:06,627 - INFO - suppression du fichier C:\Users\nicol\Documents\ABEILLES\logiciel\blackBeeID\in\55_in.jpg
2025-07-24 20:36:06,627 - INFO - nettoyage du dossier 'tmp' : C:\Users\nicol\Documents\ABEILLES\logiciel\blackBeeID\tmp
2025-07-24 20:36:06,627 - INFO - suppression du fichier C:\Users\nicol\Documents\ABEILLES\logiciel\blackBeeID\tmp\52
2025-07-24 20:36:06,632 - INFO - suppression du fichier C:\Users\nicol\Documents\ABEILLES\logiciel\blackBeeID\tmp\55
2025-07-24 20:36:06,632 - INFO - Génération du fichier de résultats C:\Users\nicol\Documents\ABEILLES\logiciel\blackBeeID\out\results.txt
2025-07-24 20:36:20,554 - INFO - Image n°52 : C:\Users\nicol\Documents\ABEILLES\logiciel\blackBeeID\in\52_in.jpg
2025-07-24 20:36:35,402 - INFO - Chargement du projet 'C:/Users/nicol/Documents/ABEILLES/etudes/ma_ruche_v1_50.zip'
2025-07-24 20:36:36,180 - INFO - Affichage dans l'IHM des valeurs Ci et Ds
2025-07-24 20:36:36,180 - INFO - Abeille n°1
2025-07-24 20:36:36,180 - INFO - Ci : 1.77, Ds : +3.88°
2025-07-24 20:36:36,180 - INFO - Abeille n°2
2025-07-24 20:36:36,180 - INFO - Ci : 2.38, Ds : +1.05°
2025-07-24 20:36:36,180 - INFO - Abeille n°3
2025-07-24 20:36:36,180 - INFO - Ci : 2.91, Ds : +0.26°
2025-07-24 20:36:36,180 - INFO - Abeille n°4
2025-07-24 20:36:36,180 - INFO - Ci : 2.56, Ds : -2.08°
2025-07-24 20:36:36,185 - INFO - Abeille n°5
2025-07-24 20:36:36,185 - INFO - Ci : 2.07, Ds : +2.16°
2025-07-24 20:36:36,185 - INFO - Abeille n°6
2025-07-24 20:36:36,185 - INFO - Ci : 2.29, Ds : -1.51°
2025-07-24 20:36:36,185 - INFO - Abeille n°7
2025-07-24 20:36:36,185 - INFO - Ci : 2.48, Ds : +4.39°
2025-07-24 20:36:36,185 - INFO - Abeille n°8
2025-07-24 20:36:36,185 - INFO - Ci : 2.13, Ds : +2.5°
2025-07-24 20:36:36,185 - INFO - Abeille n°9
2025-07-24 20:36:36,185 - INFO - Ci : 2.16, Ds : +0.97°
2025-07-24 20:36:36,185 - INFO - Abeille n°10
2025-07-24 20:36:36,185 - INFO - Ci : 2.21, Ds : +4.0°
2025-07-24 20:36:36,185 - INFO - Abeille n°11
2025-07-24 20:36:36,185 - INFO - Ci : 1.99, Ds : +4.34°
2025-07-24 20:36:36,185 - INFO - Abeille n°12
2025-07-24 20:36:36,185 - INFO - Ci : 1.65, Ds : +2.03°
2025-07-24 20:36:36,185 - INFO - Abeille n°13
2025-07-24 20:36:36,185 - INFO - Ci : 2.97, Ds : +5.75°
2025-07-24 20:36:36,185 - INFO - Abeille n°14
2025-07-24 20:36:36,185 - INFO - Ci : 2.42, Ds : -2.05°
2025-07-24 20:36:36,185 - INFO - Abeille n°15
2025-07-24 20:36:36,185 - INFO - Ci : 2.75, Ds : +1.32°
2025-07-24 20:36:36,185 - INFO - Abeille n°16
2025-07-24 20:36:36,185 - INFO - Ci : 2.72, Ds : +3.06°
2025-07-24 20:36:36,185 - INFO - Abeille n°17
2025-07-24 20:36:36,185 - INFO - Ci : 1.96, Ds : -1.93°
2025-07-24 20:36:36,185 - INFO - Abeille n°18
2025-07-24 20:36:36,185 - INFO - Ci : 2.03, Ds : +0.07°
2025-07-24 20:36:36,185 - INFO - Abeille n°19
2025-07-24 20:36:36,185 - INFO - Ci : 2.91, Ds : -0.5°
2025-07-24 20:36:36,185 - INFO - Abeille n°20
2025-07-24 20:36:36,185 - INFO - Ci : 2.27, Ds : +0.06°
2025-07-24 20:36:36,185 - INFO - Abeille n°21
2025-07-24 20:36:36,185 - INFO - Ci : 2.82, Ds : +5.07°
2025-07-24 20:36:36,185 - INFO - Abeille n°22
2025-07-24 20:36:36,185 - INFO - Ci : 0.64, Ds : +3.17°
2025-07-24 20:36:36,185 - INFO - Abeille n°23
2025-07-24 20:36:36,185 - INFO - Ci : 1.85, Ds : +2.2°
2025-07-24 20:36:36,185 - INFO - Abeille n°24
2025-07-24 20:36:36,185 - INFO - Ci : 2.77, Ds : +8.26°
2025-07-24 20:36:36,185 - INFO - Abeille n°25
2025-07-24 20:36:36,185 - INFO - Ci : 2.35, Ds : -1.28°
2025-07-24 20:36:36,185 - INFO - Abeille n°26
2025-07-24 20:36:36,185 - INFO - Ci : 2.06, Ds : +0.0°
2025-07-24 20:36:36,185 - INFO - Abeille n°27
2025-07-24 20:36:36,185 - INFO - Ci : 2.47, Ds : -1.63°
2025-07-24 20:36:36,185 - INFO - Abeille n°28
2025-07-24 20:36:36,185 - INFO - Ci : 1.69, Ds : +3.34°
2025-07-24 20:36:36,185 - INFO - Abeille n°29
2025-07-24 20:36:36,185 - INFO - Ci : 1.7, Ds : +2.44°
2025-07-24 20:36:36,185 - INFO - Abeille n°30
2025-07-24 20:36:36,185 - INFO - Ci : 1.77, Ds : +1.65°
2025-07-24 20:36:36,185 - INFO - Abeille n°31
2025-07-24 20:36:36,185 - INFO - Ci : 2.28, Ds : +2.6°
2025-07-24 20:36:36,185 - INFO - Abeille n°32
2025-07-24 20:36:36,185 - INFO - Ci : 2.03, Ds : +1.84°
2025-07-24 20:36:36,185 - INFO - Abeille n°33
2025-07-24 20:36:36,185 - INFO - Ci : 2.35, Ds : -1.92°
2025-07-24 20:36:36,185 - INFO - Abeille n°34
2025-07-24 20:36:36,185 - INFO - Ci : 1.71, Ds : +1.17°
2025-07-24 20:36:36,185 - INFO - Abeille n°35
2025-07-24 20:36:36,185 - INFO - Ci : 1.69, Ds : +2.81°
2025-07-24 20:36:36,185 - INFO - Abeille n°36
2025-07-24 20:36:36,185 - INFO - Ci : 2.3, Ds : -1.58°
2025-07-24 20:36:36,185 - INFO - Abeille n°37
2025-07-24 20:36:36,185 - INFO - Ci : 2.38, Ds : -0.94°
2025-07-24 20:36:36,185 - INFO - Abeille n°38
2025-07-24 20:36:36,185 - INFO - Ci : 1.98, Ds : +1.74°
2025-07-24 20:36:36,185 - INFO - Abeille n°39
2025-07-24 20:36:36,185 - INFO - Ci : 1.7, Ds : +3.24°
2025-07-24 20:36:36,185 - INFO - Abeille n°40
2025-07-24 20:36:36,185 - INFO - Ci : 2.47, Ds : +5.56°
2025-07-24 20:36:36,185 - INFO - Abeille n°41
2025-07-24 20:36:36,185 - INFO - Ci : 1.95, Ds : +4.9°
2025-07-24 20:36:36,185 - INFO - Abeille n°42
2025-07-24 20:36:36,185 - INFO - Ci : 2.86, Ds : +5.54°
2025-07-24 20:36:36,185 - INFO - Abeille n°43
2025-07-24 20:36:36,185 - INFO - Ci : 2.04, Ds : +1.07°
2025-07-24 20:36:36,185 - INFO - Abeille n°44
2025-07-24 20:36:36,185 - INFO - Ci : 2.5, Ds : -0.5°
2025-07-24 20:36:36,185 - INFO - Abeille n°45
2025-07-24 20:36:36,185 - INFO - Ci : 1.85, Ds : +3.88°
2025-07-24 20:36:36,185 - INFO - Abeille n°46
2025-07-24 20:36:36,200 - INFO - Ci : 2.17, Ds : -2.52°
2025-07-24 20:36:36,200 - INFO - Abeille n°48
2025-07-24 20:36:36,200 - INFO - Ci : 2.76, Ds : +6.19°
2025-07-24 20:36:36,200 - INFO - Abeille n°49
2025-07-24 20:36:36,200 - INFO - Ci : 2.18, Ds : -3.04°
2025-07-24 20:36:36,201 - INFO - Abeille n°50
2025-07-24 20:36:36,201 - INFO - Ci : 2.8, Ds : +2.7°
2025-07-24 20:36:37,281 - INFO - Attention : l'abeille 47 n'a pas été trouvée dans le fichier de résultats
2025-07-24 20:36:52,924 - INFO - Image n°47 : C:\Users\nicol\Documents\ABEILLES\logiciel\blackBeeID\in\47_in.jpg
2025-07-24 20:36:53,577 - INFO - Edition de l'image : 47_in.jpg
2025-07-24 20:36:53,577 - INFO - Création du répertoire : C:\Users\nicol\Documents\ABEILLES\logiciel\blackBeeID\\tmp\47\
2025-07-24 20:36:53,584 - INFO - Copie du fichier : C:\Users\nicol\Documents\ABEILLES\logiciel\blackBeeID\\in\47_in.jpg >> C:\Users\nicol\Documents\ABEILLES\logiciel\blackBeeID\\tmp\47\47_in___24_07_2025___20_36_53.jpg
2025-07-24 20:36:53,618 - INFO - Edition de l'image n°47
2025-07-24 20:36:53,618 - INFO - ----------------------
2025-07-24 20:37:34,434 - INFO - Point Ci n°1 : (i,j)=(319, 1339)
2025-07-24 20:37:34,435 - INFO - Point Ci n°2 : (i,j)=(334, 1464)
2025-07-24 20:37:34,435 - INFO - Point Ci n°3 : (i,j)=(315, 1505)
2025-07-24 20:37:34,435 - INFO - ----------------------
2025-07-24 20:37:34,435 - INFO - Point Ds n°1 : (i,j)=(231, 1050)
2025-07-24 20:37:34,435 - INFO - Point Ds n°2 : (i,j)=(205, 1329)
2025-07-24 20:37:34,435 - INFO - Point Ds n°3 : (i,j)=(87, 1695)
2025-07-24 20:37:34,435 - INFO - Point Ds n°4 : (i,j)=(495, 1398)
2025-07-24 20:37:34,470 - INFO - Indice cubital Abeille #47) : 2.786036259838723
2025-07-24 20:37:34,470 - INFO - Shift discoidal Abeille #47) : 0.84305255°
2025-07-24 20:37:34,485 - INFO - Image sauvegardée : C:\Users\nicol\Documents\ABEILLES\logiciel\blackBeeID\\out\47_out.jpg
2025-07-24 20:37:34,500 - INFO - Les infos ont été ajoutées sur l'image.
2025-07-24 20:37:51,431 - INFO - L'analyse 'ma_ruche_v1_50' a bien été enregistrée dans C:/Users/nicol/Documents/ABEILLES/etudes
2025-07-24 20:38:05,176 - INFO - Image n°51 : C:\Users\nicol\Documents\ABEILLES\logiciel\blackBeeID\in\51_in.jpg
2025-07-24 20:38:13,746 - INFO - Image n°52 : C:\Users\nicol\Documents\ABEILLES\logiciel\blackBeeID\in\52_in.jpg
2025-07-24 20:38:14,468 - INFO - Edition de l'image : 52_in.jpg
2025-07-24 20:38:14,469 - INFO - Création du répertoire : C:\Users\nicol\Documents\ABEILLES\logiciel\blackBeeID\\tmp\52\
2025-07-24 20:38:14,475 - INFO - Copie du fichier : C:\Users\nicol\Documents\ABEILLES\logiciel\blackBeeID\\in\52_in.jpg >> C:\Users\nicol\Documents\ABEILLES\logiciel\blackBeeID\\tmp\52\52_in___24_07_2025___20_38_14.jpg
2025-07-24 20:38:14,505 - INFO - Edition de l'image n°52
2025-07-24 20:38:14,505 - INFO - ----------------------
2025-07-24 20:38:16,994 - INFO - Edition de l'image : 51_in.jpg
2025-07-24 20:38:16,995 - INFO - Création du répertoire : C:\Users\nicol\Documents\ABEILLES\logiciel\blackBeeID\\tmp\51\
2025-07-24 20:38:17,002 - INFO - Copie du fichier : C:\Users\nicol\Documents\ABEILLES\logiciel\blackBeeID\\in\51_in.jpg >> C:\Users\nicol\Documents\ABEILLES\logiciel\blackBeeID\\tmp\51\51_in___24_07_2025___20_38_16.jpg
2025-07-24 20:38:17,031 - INFO - Edition de l'image n°51
2025-07-24 20:38:17,031 - INFO - ----------------------
2025-07-24 20:38:57,454 - INFO - Point Ci n°1 : (i,j)=(283, 1315)
2025-07-24 20:38:57,454 - INFO - Point Ci n°2 : (i,j)=(313, 1414)
2025-07-24 20:38:57,454 - INFO - Point Ci n°3 : (i,j)=(295, 1460)
2025-07-24 20:38:57,454 - INFO - ----------------------
2025-07-24 20:38:57,454 - INFO - Point Ds n°1 : (i,j)=(167, 1011)
2025-07-24 20:38:57,454 - INFO - Point Ds n°2 : (i,j)=(168, 1300)
2025-07-24 20:38:57,454 - INFO - Point Ds n°3 : (i,j)=(80, 1671)
2025-07-24 20:38:57,454 - INFO - Point Ds n°4 : (i,j)=(459, 1329)
2025-07-24 20:38:57,487 - INFO - Indice cubital Abeille #51) : 2.0941957257393393
2025-07-24 20:38:57,487 - INFO - Shift discoidal Abeille #51) : -1.83272229°
2025-07-24 20:38:57,500 - INFO - Image sauvegardée : C:\Users\nicol\Documents\ABEILLES\logiciel\blackBeeID\\out\51_out.jpg
2025-07-24 20:38:57,512 - INFO - Les infos ont été ajoutées sur l'image.
2025-07-24 20:39:02,547 - INFO - Edition de l'image : 52_in.jpg
2025-07-24 20:39:02,548 - INFO - Copie du fichier : C:\Users\nicol\Documents\ABEILLES\logiciel\blackBeeID\\in\52_in.jpg >> C:\Users\nicol\Documents\ABEILLES\logiciel\blackBeeID\\tmp\52\52_in___24_07_2025___20_39_02.jpg
2025-07-24 20:39:02,581 - INFO - Edition de l'image n°52
2025-07-24 20:39:02,581 - INFO - ----------------------
2025-07-24 20:39:40,016 - INFO - Point Ci n°1 : (i,j)=(311, 1414)
2025-07-24 20:39:40,016 - INFO - Point Ci n°2 : (i,j)=(325, 1521)
2025-07-24 20:39:40,016 - INFO - Point Ci n°3 : (i,j)=(306, 1562)
2025-07-24 20:39:40,016 - INFO - ----------------------
2025-07-24 20:39:40,017 - INFO - Point Ds n°1 : (i,j)=(229, 1097)
2025-07-24 20:39:40,017 - INFO - Point Ds n°2 : (i,j)=(196, 1390)
2025-07-24 20:39:40,017 - INFO - Point Ds n°3 : (i,j)=(68, 1746)
2025-07-24 20:39:40,017 - INFO - Point Ds n°4 : (i,j)=(484, 1454)
2025-07-24 20:39:40,053 - INFO - Indice cubital Abeille #52) : 2.3880415426458868
2025-07-24 20:39:40,053 - INFO - Shift discoidal Abeille #52) : -1.50743576°
2025-07-24 20:39:40,068 - INFO - Image sauvegardée : C:\Users\nicol\Documents\ABEILLES\logiciel\blackBeeID\\out\52_out.jpg
2025-07-24 20:39:40,083 - INFO - Les infos ont été ajoutées sur l'image.
