2025-09-09 19:22:09,733 - INFO - Chargement du projet 'C:/Users/nicol/Documents/ABEILLES/etudes/ma_ruche_comparaison_Deepwings_100.zip'
2025-09-09 19:22:11,284 - INFO - Affichage dans l'IHM des valeurs Ci et Ds
2025-09-09 19:22:11,284 - INFO - Abeille n°1
2025-09-09 19:22:11,284 - INFO - Ci : 1.9, Ds : +4.73°
2025-09-09 19:22:11,284 - INFO - Abeille n°2
2025-09-09 19:22:11,284 - INFO - Ci : 2.28, Ds : +1.67°
2025-09-09 19:22:11,285 - INFO - Abeille n°3
2025-09-09 19:22:11,285 - INFO - Ci : 2.97, Ds : +0.39°
2025-09-09 19:22:11,285 - INFO - Abeille n°4
2025-09-09 19:22:11,285 - INFO - Ci : 2.54, Ds : -1.84°
2025-09-09 19:22:11,285 - INFO - Abeille n°5
2025-09-09 19:22:11,285 - INFO - Ci : 2.09, Ds : +2.09°
2025-09-09 19:22:11,286 - INFO - Abeille n°6
2025-09-09 19:22:11,286 - INFO - Ci : 2.33, Ds : -2.0°
2025-09-09 19:22:11,286 - INFO - Abeille n°7
2025-09-09 19:22:11,286 - INFO - Ci : 2.34, Ds : +4.41°
2025-09-09 19:22:11,286 - INFO - Abeille n°8
2025-09-09 19:22:11,286 - INFO - Ci : 2.13, Ds : +2.58°
2025-09-09 19:22:11,286 - INFO - Abeille n°9
2025-09-09 19:22:11,286 - INFO - Ci : 2.25, Ds : +0.5°
2025-09-09 19:22:11,287 - INFO - Abeille n°10
2025-09-09 19:22:11,287 - INFO - Ci : 2.19, Ds : +4.91°
2025-09-09 19:22:11,287 - INFO - Abeille n°11
2025-09-09 19:22:11,287 - INFO - Ci : 1.99, Ds : +4.71°
2025-09-09 19:22:11,287 - INFO - Abeille n°12
2025-09-09 19:22:11,287 - INFO - Ci : 1.62, Ds : +2.04°
2025-09-09 19:22:11,287 - INFO - Abeille n°13
2025-09-09 19:22:11,287 - INFO - Ci : 2.97, Ds : +6.1°
2025-09-09 19:22:11,288 - INFO - Abeille n°14
2025-09-09 19:22:11,288 - INFO - Ci : 2.43, Ds : -2.17°
2025-09-09 19:22:11,288 - INFO - Abeille n°15
2025-09-09 19:22:11,288 - INFO - Ci : 2.42, Ds : +1.05°
2025-09-09 19:22:11,288 - INFO - Abeille n°16
2025-09-09 19:22:11,288 - INFO - Ci : 2.73, Ds : +2.8°
2025-09-09 19:22:11,288 - INFO - Abeille n°17
2025-09-09 19:22:11,288 - INFO - Ci : 1.81, Ds : -2.33°
2025-09-09 19:22:11,289 - INFO - Abeille n°18
2025-09-09 19:22:11,289 - INFO - Ci : 1.99, Ds : -0.76°
2025-09-09 19:22:11,289 - INFO - Abeille n°19
2025-09-09 19:22:11,289 - INFO - Ci : 2.71, Ds : +0.0°
2025-09-09 19:22:11,290 - INFO - Abeille n°20
2025-09-09 19:22:11,290 - INFO - Ci : 2.31, Ds : -0.43°
2025-09-09 19:22:11,290 - INFO - Abeille n°21
2025-09-09 19:22:11,291 - INFO - Ci : 2.77, Ds : +5.37°
2025-09-09 19:22:11,291 - INFO - Abeille n°22
2025-09-09 19:22:11,291 - INFO - Ci : 1.63, Ds : +3.1°
2025-09-09 19:22:11,291 - INFO - Abeille n°23
2025-09-09 19:22:11,291 - INFO - Ci : 1.82, Ds : +1.75°
2025-09-09 19:22:11,291 - INFO - Abeille n°24
2025-09-09 19:22:11,291 - INFO - Ci : 2.58, Ds : +8.24°
2025-09-09 19:22:11,291 - INFO - Abeille n°25
2025-09-09 19:22:11,292 - INFO - Ci : 2.42, Ds : -1.24°
2025-09-09 19:22:11,292 - INFO - Abeille n°26
2025-09-09 19:22:11,292 - INFO - Ci : 1.97, Ds : +0.0°
2025-09-09 19:22:11,292 - INFO - Abeille n°27
2025-09-09 19:22:11,292 - INFO - Ci : 2.27, Ds : -1.46°
2025-09-09 19:22:11,292 - INFO - Abeille n°28
2025-09-09 19:22:11,292 - INFO - Ci : 1.65, Ds : +3.52°
2025-09-09 19:22:11,293 - INFO - Abeille n°29
2025-09-09 19:22:11,293 - INFO - Ci : 1.67, Ds : +2.71°
2025-09-09 19:22:11,293 - INFO - Abeille n°30
2025-09-09 19:22:11,293 - INFO - Ci : 1.79, Ds : +1.98°
2025-09-09 19:22:11,293 - INFO - Abeille n°31
2025-09-09 19:22:11,293 - INFO - Ci : 2.43, Ds : +2.08°
2025-09-09 19:22:11,293 - INFO - Abeille n°32
2025-09-09 19:22:11,293 - INFO - Ci : 1.95, Ds : +2.16°
2025-09-09 19:22:11,294 - INFO - Abeille n°33
2025-09-09 19:22:11,294 - INFO - Ci : 2.41, Ds : -2.83°
2025-09-09 19:22:11,294 - INFO - Abeille n°34
2025-09-09 19:22:11,294 - INFO - Ci : 1.72, Ds : +1.12°
2025-09-09 19:22:11,294 - INFO - Abeille n°35
2025-09-09 19:22:11,294 - INFO - Ci : 1.76, Ds : +2.04°
2025-09-09 19:22:11,294 - INFO - Abeille n°36
2025-09-09 19:22:11,294 - INFO - Ci : 2.31, Ds : -0.71°
2025-09-09 19:22:11,294 - INFO - Abeille n°37
2025-09-09 19:22:11,294 - INFO - Ci : 2.36, Ds : -0.66°
2025-09-09 19:22:11,296 - INFO - Abeille n°38
2025-09-09 19:22:11,296 - INFO - Ci : 1.93, Ds : +1.98°
2025-09-09 19:22:11,296 - INFO - Abeille n°39
2025-09-09 19:22:11,296 - INFO - Ci : 1.69, Ds : +3.76°
2025-09-09 19:22:11,296 - INFO - Abeille n°40
2025-09-09 19:22:11,296 - INFO - Ci : 2.42, Ds : +5.84°
2025-09-09 19:22:11,296 - INFO - Abeille n°41
2025-09-09 19:22:11,296 - INFO - Ci : 1.9, Ds : +5.61°
2025-09-09 19:22:11,296 - INFO - Abeille n°42
2025-09-09 19:22:11,296 - INFO - Ci : 2.87, Ds : +5.74°
2025-09-09 19:22:11,297 - INFO - Abeille n°43
2025-09-09 19:22:11,297 - INFO - Ci : 2.03, Ds : +0.67°
2025-09-09 19:22:11,297 - INFO - Abeille n°44
2025-09-09 19:22:11,297 - INFO - Ci : 2.42, Ds : -0.95°
2025-09-09 19:22:11,297 - INFO - Abeille n°45
2025-09-09 19:22:11,297 - INFO - Ci : 1.72, Ds : +2.77°
2025-09-09 19:22:11,297 - INFO - Abeille n°46
2025-09-09 19:22:11,297 - INFO - Ci : 2.31, Ds : -2.16°
2025-09-09 19:22:11,298 - INFO - Abeille n°47
2025-09-09 19:22:11,298 - INFO - Ci : 2.63, Ds : +1.21°
2025-09-09 19:22:11,298 - INFO - Abeille n°48
2025-09-09 19:22:11,298 - INFO - Ci : 2.71, Ds : +6.34°
2025-09-09 19:22:11,298 - INFO - Abeille n°49
2025-09-09 19:22:11,298 - INFO - Ci : 2.26, Ds : -3.3°
2025-09-09 19:22:11,298 - INFO - Abeille n°50
2025-09-09 19:22:11,298 - INFO - Ci : 2.92, Ds : +2.84°
2025-09-09 19:22:11,299 - INFO - Abeille n°51
2025-09-09 19:22:11,299 - INFO - Ci : 2.23, Ds : -1.48°
2025-09-09 19:22:11,299 - INFO - Abeille n°52
2025-09-09 19:22:11,299 - INFO - Ci : 2.19, Ds : -1.14°
2025-09-09 19:22:11,299 - INFO - Abeille n°53
2025-09-09 19:22:11,299 - INFO - Ci : 2.14, Ds : +0.0°
2025-09-09 19:22:11,300 - INFO - Abeille n°54
2025-09-09 19:22:11,300 - INFO - Ci : 2.6, Ds : +2.84°
2025-09-09 19:22:11,300 - INFO - Abeille n°55
2025-09-09 19:22:11,300 - INFO - Ci : 2.28, Ds : +0.0°
2025-09-09 19:22:11,300 - INFO - Abeille n°56
2025-09-09 19:22:11,300 - INFO - Ci : 2.36, Ds : -3.63°
2025-09-09 19:22:11,301 - INFO - Abeille n°57
2025-09-09 19:22:11,301 - INFO - Ci : 2.25, Ds : +6.03°
2025-09-09 19:22:11,301 - INFO - Abeille n°58
2025-09-09 19:22:11,301 - INFO - Ci : 2.19, Ds : +1.16°
2025-09-09 19:22:11,301 - INFO - Abeille n°59
2025-09-09 19:22:11,301 - INFO - Ci : 2.51, Ds : +0.1°
2025-09-09 19:22:11,301 - INFO - Abeille n°60
2025-09-09 19:22:11,301 - INFO - Ci : 0.35, Ds : +5.68°
2025-09-09 19:22:11,301 - INFO - Abeille n°61
2025-09-09 19:22:11,302 - INFO - Ci : 2.52, Ds : +7.2°
2025-09-09 19:22:11,305 - INFO - Abeille n°62
2025-09-09 19:22:11,305 - INFO - Ci : 1.34, Ds : +1.19°
2025-09-09 19:22:11,306 - INFO - Abeille n°63
2025-09-09 19:22:11,306 - INFO - Ci : 2.21, Ds : +2.17°
2025-09-09 19:22:11,306 - INFO - Abeille n°64
2025-09-09 19:22:11,306 - INFO - Ci : 2.52, Ds : +4.19°
2025-09-09 19:22:11,306 - INFO - Abeille n°65
2025-09-09 19:22:11,306 - INFO - Ci : 2.08, Ds : +1.02°
2025-09-09 19:22:11,307 - INFO - Abeille n°66
2025-09-09 19:22:11,307 - INFO - Ci : 2.93, Ds : +2.42°
2025-09-09 19:22:11,307 - INFO - Abeille n°67
2025-09-09 19:22:11,307 - INFO - Ci : 1.56, Ds : +4.11°
2025-09-09 19:22:11,307 - INFO - Abeille n°68
2025-09-09 19:22:11,307 - INFO - Ci : 1.96, Ds : -88.21°
2025-09-09 19:22:11,307 - INFO - Abeille n°69
2025-09-09 19:22:11,307 - INFO - Ci : 2.18, Ds : -1.3°
2025-09-09 19:22:11,307 - INFO - Abeille n°70
2025-09-09 19:22:11,307 - INFO - Ci : 1.95, Ds : -3.41°
2025-09-09 19:22:11,308 - INFO - Abeille n°71
2025-09-09 19:22:11,308 - INFO - Ci : 2.01, Ds : -2.42°
2025-09-09 19:22:11,308 - INFO - Abeille n°72
2025-09-09 19:22:11,308 - INFO - Ci : 1.85, Ds : -3.38°
2025-09-09 19:22:11,308 - INFO - Abeille n°73
2025-09-09 19:22:11,308 - INFO - Ci : 4.49, Ds : +8.83°
2025-09-09 19:22:11,308 - INFO - Abeille n°74
2025-09-09 19:22:11,308 - INFO - Ci : 2.45, Ds : +0.0°
2025-09-09 19:22:11,308 - INFO - Abeille n°75
2025-09-09 19:22:11,308 - INFO - Ci : 2.3, Ds : +5.25°
2025-09-09 19:22:11,311 - INFO - Abeille n°76
2025-09-09 19:22:11,311 - INFO - Ci : 2.46, Ds : +4.08°
2025-09-09 19:22:11,311 - INFO - Abeille n°77
2025-09-09 19:22:11,311 - INFO - Ci : 1.97, Ds : -4.04°
2025-09-09 19:22:11,311 - INFO - Abeille n°78
2025-09-09 19:22:11,311 - INFO - Ci : 1.83, Ds : -0.34°
2025-09-09 19:22:11,311 - INFO - Abeille n°79
2025-09-09 19:22:11,311 - INFO - Ci : 1.75, Ds : -1.81°
2025-09-09 19:22:11,311 - INFO - Abeille n°80
2025-09-09 19:22:11,311 - INFO - Ci : 1.72, Ds : +1.27°
2025-09-09 19:22:11,311 - INFO - Abeille n°81
2025-09-09 19:22:11,311 - INFO - Ci : 2.22, Ds : +2.8°
2025-09-09 19:22:11,311 - INFO - Abeille n°82
2025-09-09 19:22:11,311 - INFO - Ci : 2.74, Ds : +5.35°
2025-09-09 19:22:11,311 - INFO - Abeille n°83
2025-09-09 19:22:11,312 - INFO - Ci : 2.07, Ds : -6.04°
2025-09-09 19:22:11,312 - INFO - Abeille n°84
2025-09-09 19:22:11,312 - INFO - Ci : 1.43, Ds : -0.66°
2025-09-09 19:22:11,312 - INFO - Abeille n°85
2025-09-09 19:22:11,312 - INFO - Ci : 1.79, Ds : -2.08°
2025-09-09 19:22:11,312 - INFO - Abeille n°86
2025-09-09 19:22:11,312 - INFO - Ci : 2.3, Ds : +4.24°
2025-09-09 19:22:11,312 - INFO - Abeille n°87
2025-09-09 19:22:11,312 - INFO - Ci : 1.75, Ds : +2.92°
2025-09-09 19:22:11,312 - INFO - Abeille n°88
2025-09-09 19:22:11,312 - INFO - Ci : 1.4, Ds : +0.41°
2025-09-09 19:22:11,312 - INFO - Abeille n°89
2025-09-09 19:22:11,312 - INFO - Ci : 1.66, Ds : +2.28°
2025-09-09 19:22:11,312 - INFO - Abeille n°90
2025-09-09 19:22:11,312 - INFO - Ci : 1.75, Ds : +1.59°
2025-09-09 19:22:11,314 - INFO - Abeille n°91
2025-09-09 19:22:11,314 - INFO - Ci : 2.64, Ds : +2.34°
2025-09-09 19:22:11,314 - INFO - Abeille n°92
2025-09-09 19:22:11,314 - INFO - Ci : 1.61, Ds : -4.0°
2025-09-09 19:22:11,314 - INFO - Abeille n°93
2025-09-09 19:22:11,314 - INFO - Ci : 1.64, Ds : -0.57°
2025-09-09 19:22:11,314 - INFO - Abeille n°94
2025-09-09 19:22:11,315 - INFO - Ci : 2.74, Ds : +4.37°
2025-09-09 19:22:11,318 - INFO - Abeille n°95
2025-09-09 19:22:11,318 - INFO - Ci : 2.05, Ds : -1.76°
2025-09-09 19:22:11,329 - INFO - Abeille n°96
2025-09-09 19:22:11,329 - INFO - Ci : 2.09, Ds : -2.31°
2025-09-09 19:22:11,331 - INFO - Abeille n°97
2025-09-09 19:22:11,331 - INFO - Ci : 2.13, Ds : -2.7°
2025-09-09 19:22:11,335 - INFO - Abeille n°98
2025-09-09 19:22:11,336 - INFO - Ci : 1.92, Ds : +0.27°
2025-09-09 19:22:11,337 - INFO - Abeille n°99
2025-09-09 19:22:11,337 - INFO - Ci : 2.58, Ds : +5.99°
2025-09-09 19:22:11,338 - INFO - Abeille n°100
2025-09-09 19:22:11,338 - INFO - Ci : 1.62, Ds : +1.53°
2025-09-09 19:22:15,390 - INFO - Lancement de l'analyse : calcul de l'histogramme des indices + scatter plots DS vs CI
2025-09-09 19:22:15,391 - INFO - calcul de l'histogramme de l'indice cubital
