2025-09-15 22:51:19,822 - INFO - Image 1 : C:\Users\nicol\AppData\Local\Temp\_MEI233282\in\\1_in.jpg
2025-09-15 22:51:21,401 - INFO - Edition de l'image : 1_in.jpg
2025-09-15 22:51:21,402 - INFO - Copie du fichier : C:\Users\nicol\AppData\Local\Temp\_MEI233282\in\\1_in.jpg >> C:\Users\nicol\AppData\Local\Temp\_MEI233282\tmp\\1_in___15_09_2025___22_51_21.jpg
2025-09-15 22:51:21,439 - INFO - Edition de l'image 1
2025-09-15 22:51:21,439 - INFO - ----------------------
2025-09-15 22:52:09,117 - INFO - Point Ci n°1 : (i,j)=(464, 1544)
2025-09-15 22:52:09,117 - INFO - Point Ci n°2 : (i,j)=(481, 1672)
2025-09-15 22:52:09,119 - INFO - Point Ci n°3 : (i,j)=(458, 1726)
2025-09-15 22:52:09,119 - INFO - ----------------------
2025-09-15 22:52:09,119 - INFO - Point Ds n°1 : (i,j)=(362, 1187)
2025-09-15 22:52:09,119 - INFO - Point Ds n°2 : (i,j)=(326, 1503)
2025-09-15 22:52:09,119 - INFO - Point Ds n°3 : (i,j)=(180, 1945)
2025-09-15 22:52:09,119 - INFO - Point Ds n°4 : (i,j)=(665, 1591)
2025-09-15 22:52:09,163 - INFO - Indice cubital Abeille #1) : 2.1999472219556586
2025-09-15 22:52:09,163 - INFO - Shift discoidal Abeille #1) : 1.04918887°
2025-09-15 22:52:09,183 - INFO - Image sauvegardée : C:\Users\nicol\AppData\Local\Temp\_MEI233282\out\\1_out.jpg
2025-09-15 22:52:09,203 - INFO - Les infos ont été ajoutées sur l'image.
2025-09-15 22:52:18,985 - INFO - Image 2 : C:\Users\nicol\AppData\Local\Temp\_MEI233282\in\\2_in.jpg
2025-09-15 22:52:19,658 - INFO - Edition de l'image : 2_in.jpg
2025-09-15 22:52:19,659 - INFO - Copie du fichier : C:\Users\nicol\AppData\Local\Temp\_MEI233282\in\\2_in.jpg >> C:\Users\nicol\AppData\Local\Temp\_MEI233282\tmp\\2_in___15_09_2025___22_52_19.jpg
2025-09-15 22:52:19,692 - INFO - Edition de l'image 2
2025-09-15 22:52:19,692 - INFO - ----------------------
2025-09-15 22:53:14,405 - INFO - Point Ci n°1 : (i,j)=(433, 1513)
2025-09-15 22:53:14,405 - INFO - Point Ci n°2 : (i,j)=(454, 1619)
2025-09-15 22:53:14,405 - INFO - Point Ci n°3 : (i,j)=(434, 1670)
2025-09-15 22:53:14,405 - INFO - ----------------------
2025-09-15 22:53:14,406 - INFO - Point Ds n°1 : (i,j)=(325, 1163)
2025-09-15 22:53:14,406 - INFO - Point Ds n°2 : (i,j)=(295, 1477)
2025-09-15 22:53:14,406 - INFO - Point Ds n°3 : (i,j)=(169, 1882)
2025-09-15 22:53:14,406 - INFO - Point Ds n°4 : (i,j)=(635, 1538)
2025-09-15 22:53:14,448 - INFO - Indice cubital Abeille #2) : 1.9725709926961457
2025-09-15 22:53:14,448 - INFO - Shift discoidal Abeille #2) : -2.07279893°
2025-09-15 22:53:14,469 - INFO - Image sauvegardée : C:\Users\nicol\AppData\Local\Temp\_MEI233282\out\\2_out.jpg
2025-09-15 22:53:14,487 - INFO - Les infos ont été ajoutées sur l'image.
2025-09-15 22:53:23,136 - INFO - Image 3 : C:\Users\nicol\AppData\Local\Temp\_MEI233282\in\\3_in.jpg
2025-09-15 22:53:23,882 - INFO - Edition de l'image : 3_in.jpg
2025-09-15 22:53:23,883 - INFO - Copie du fichier : C:\Users\nicol\AppData\Local\Temp\_MEI233282\in\\3_in.jpg >> C:\Users\nicol\AppData\Local\Temp\_MEI233282\tmp\\3_in___15_09_2025___22_53_23.jpg
2025-09-15 22:53:23,920 - INFO - Edition de l'image 3
2025-09-15 22:53:23,921 - INFO - ----------------------
2025-09-15 22:54:43,104 - INFO - Point Ci n°1 : (i,j)=(452, 1603)
2025-09-15 22:54:43,104 - INFO - Point Ci n°2 : (i,j)=(467, 1716)
2025-09-15 22:54:43,104 - INFO - Point Ci n°3 : (i,j)=(444, 1771)
2025-09-15 22:54:43,104 - INFO - ----------------------
2025-09-15 22:54:43,104 - INFO - Point Ds n°1 : (i,j)=(362, 1226)
2025-09-15 22:54:43,104 - INFO - Point Ds n°2 : (i,j)=(318, 1554)
2025-09-15 22:54:43,104 - INFO - Point Ds n°3 : (i,j)=(161, 2011)
2025-09-15 22:54:43,104 - INFO - Point Ds n°4 : (i,j)=(654, 1645)
2025-09-15 22:54:43,151 - INFO - Indice cubital Abeille #3) : 1.912109325040287
2025-09-15 22:54:43,151 - INFO - Shift discoidal Abeille #3) : 0.79678323°
2025-09-15 22:54:43,173 - INFO - Image sauvegardée : C:\Users\nicol\AppData\Local\Temp\_MEI233282\out\\3_out.jpg
2025-09-15 22:54:43,193 - INFO - Les infos ont été ajoutées sur l'image.
2025-09-15 22:54:48,252 - INFO - Image 4 : C:\Users\nicol\AppData\Local\Temp\_MEI233282\in\\4_in.jpg
2025-09-15 22:54:49,225 - INFO - Edition de l'image : 4_in.jpg
2025-09-15 22:54:49,227 - INFO - Copie du fichier : C:\Users\nicol\AppData\Local\Temp\_MEI233282\in\\4_in.jpg >> C:\Users\nicol\AppData\Local\Temp\_MEI233282\tmp\\4_in___15_09_2025___22_54_49.jpg
2025-09-15 22:54:49,261 - INFO - Edition de l'image 4
2025-09-15 22:54:49,261 - INFO - ----------------------
2025-09-15 22:55:27,504 - INFO - Point Ci n°1 : (i,j)=(439, 1677)
2025-09-15 22:55:27,504 - INFO - Point Ci n°2 : (i,j)=(458, 1786)
2025-09-15 22:55:27,505 - INFO - Point Ci n°3 : (i,j)=(437, 1845)
2025-09-15 22:55:27,505 - INFO - ----------------------
2025-09-15 22:55:27,505 - INFO - Point Ds n°1 : (i,j)=(327, 1331)
2025-09-15 22:55:27,505 - INFO - Point Ds n°2 : (i,j)=(301, 1655)
2025-09-15 22:55:27,505 - INFO - Point Ds n°3 : (i,j)=(180, 2075)
2025-09-15 22:55:27,505 - INFO - Point Ds n°4 : (i,j)=(627, 1714)
2025-09-15 22:55:27,551 - INFO - Indice cubital Abeille #4) : 1.766738987419629
2025-09-15 22:55:27,551 - INFO - Shift discoidal Abeille #4) : -0.88444925°
2025-09-15 22:55:27,572 - INFO - Image sauvegardée : C:\Users\nicol\AppData\Local\Temp\_MEI233282\out\\4_out.jpg
2025-09-15 22:55:27,593 - INFO - Les infos ont été ajoutées sur l'image.
2025-09-15 22:55:32,058 - INFO - Image 5 : C:\Users\nicol\AppData\Local\Temp\_MEI233282\in\\5_in.jpg
2025-09-15 22:55:33,497 - INFO - Edition de l'image : 5_in.jpg
2025-09-15 22:55:33,498 - INFO - Copie du fichier : C:\Users\nicol\AppData\Local\Temp\_MEI233282\in\\5_in.jpg >> C:\Users\nicol\AppData\Local\Temp\_MEI233282\tmp\\5_in___15_09_2025___22_55_33.jpg
2025-09-15 22:55:33,536 - INFO - Edition de l'image 5
2025-09-15 22:55:33,536 - INFO - ----------------------
2025-09-15 22:56:18,905 - INFO - Point Ci n°1 : (i,j)=(446, 1604)
2025-09-15 22:56:18,905 - INFO - Point Ci n°2 : (i,j)=(477, 1738)
2025-09-15 22:56:18,905 - INFO - Point Ci n°3 : (i,j)=(457, 1798)
2025-09-15 22:56:18,905 - INFO - ----------------------
2025-09-15 22:56:18,905 - INFO - Point Ds n°1 : (i,j)=(327, 1250)
2025-09-15 22:56:18,905 - INFO - Point Ds n°2 : (i,j)=(308, 1561)
2025-09-15 22:56:18,905 - INFO - Point Ds n°3 : (i,j)=(183, 2021)
2025-09-15 22:56:18,905 - INFO - Point Ds n°4 : (i,j)=(656, 1650)
2025-09-15 22:56:18,953 - INFO - Indice cubital Abeille #5) : 2.174683885073874
2025-09-15 22:56:18,953 - INFO - Shift discoidal Abeille #5) : 3.77101643°
2025-09-15 22:56:18,976 - INFO - Image sauvegardée : C:\Users\nicol\AppData\Local\Temp\_MEI233282\out\\5_out.jpg
2025-09-15 22:56:18,996 - INFO - Les infos ont été ajoutées sur l'image.
2025-09-15 22:56:24,817 - INFO - Image 6 : C:\Users\nicol\AppData\Local\Temp\_MEI233282\in\\6_in.jpg
2025-09-15 22:56:25,673 - INFO - Edition de l'image : 6_in.jpg
2025-09-15 22:56:25,675 - INFO - Copie du fichier : C:\Users\nicol\AppData\Local\Temp\_MEI233282\in\\6_in.jpg >> C:\Users\nicol\AppData\Local\Temp\_MEI233282\tmp\\6_in___15_09_2025___22_56_25.jpg
2025-09-15 22:56:25,708 - INFO - Edition de l'image 6
2025-09-15 22:56:25,708 - INFO - ----------------------
2025-09-15 22:56:59,639 - INFO - Point Ci n°1 : (i,j)=(384, 1690)
2025-09-15 22:56:59,639 - INFO - Point Ci n°2 : (i,j)=(403, 1787)
2025-09-15 22:56:59,639 - INFO - Point Ci n°3 : (i,j)=(384, 1840)
2025-09-15 22:56:59,639 - INFO - ----------------------
2025-09-15 22:56:59,639 - INFO - Point Ds n°1 : (i,j)=(272, 1328)
2025-09-15 22:56:59,639 - INFO - Point Ds n°2 : (i,j)=(249, 1653)
2025-09-15 22:56:59,639 - INFO - Point Ds n°3 : (i,j)=(134, 2071)
2025-09-15 22:56:59,639 - INFO - Point Ds n°4 : (i,j)=(581, 1698)
2025-09-15 22:56:59,681 - INFO - Indice cubital Abeille #6) : 1.755567978588353
2025-09-15 22:56:59,681 - INFO - Shift discoidal Abeille #6) : -2.83103419°
2025-09-15 22:56:59,700 - INFO - Image sauvegardée : C:\Users\nicol\AppData\Local\Temp\_MEI233282\out\\6_out.jpg
2025-09-15 22:56:59,719 - INFO - Les infos ont été ajoutées sur l'image.
2025-09-15 22:57:03,716 - INFO - Image 7 : C:\Users\nicol\AppData\Local\Temp\_MEI233282\in\\7_in.jpg
2025-09-15 22:57:04,433 - INFO - Edition de l'image : 7_in.jpg
2025-09-15 22:57:04,435 - INFO - Copie du fichier : C:\Users\nicol\AppData\Local\Temp\_MEI233282\in\\7_in.jpg >> C:\Users\nicol\AppData\Local\Temp\_MEI233282\tmp\\7_in___15_09_2025___22_57_04.jpg
2025-09-15 22:57:04,472 - INFO - Edition de l'image 7
2025-09-15 22:57:04,472 - INFO - ----------------------
2025-09-15 22:57:49,877 - INFO - Point Ci n°1 : (i,j)=(475, 1861)
2025-09-15 22:57:49,877 - INFO - Point Ci n°2 : (i,j)=(502, 1994)
2025-09-15 22:57:49,877 - INFO - Point Ci n°3 : (i,j)=(487, 2043)
2025-09-15 22:57:49,877 - INFO - ----------------------
2025-09-15 22:57:49,877 - INFO - Point Ds n°1 : (i,j)=(352, 1519)
2025-09-15 22:57:49,877 - INFO - Point Ds n°2 : (i,j)=(340, 1823)
2025-09-15 22:57:49,877 - INFO - Point Ds n°3 : (i,j)=(216, 2277)
2025-09-15 22:57:49,877 - INFO - Point Ds n°4 : (i,j)=(680, 1902)
2025-09-15 22:57:49,929 - INFO - Indice cubital Abeille #7) : 2.6483408132666786
2025-09-15 22:57:49,929 - INFO - Shift discoidal Abeille #7) : 2.91693291°
2025-09-15 22:57:49,958 - INFO - Image sauvegardée : C:\Users\nicol\AppData\Local\Temp\_MEI233282\out\\7_out.jpg
2025-09-15 22:57:49,981 - INFO - Les infos ont été ajoutées sur l'image.
2025-09-15 22:57:54,501 - INFO - Image 8 : C:\Users\nicol\AppData\Local\Temp\_MEI233282\in\\8_in.jpg
2025-09-15 22:57:56,692 - INFO - Edition de l'image : 8_in.jpg
2025-09-15 22:57:56,693 - INFO - Copie du fichier : C:\Users\nicol\AppData\Local\Temp\_MEI233282\in\\8_in.jpg >> C:\Users\nicol\AppData\Local\Temp\_MEI233282\tmp\\8_in___15_09_2025___22_57_56.jpg
2025-09-15 22:57:56,729 - INFO - Edition de l'image 8
2025-09-15 22:57:56,729 - INFO - ----------------------
2025-09-15 22:58:41,147 - INFO - Point Ci n°1 : (i,j)=(458, 1771)
2025-09-15 22:58:41,147 - INFO - Point Ci n°2 : (i,j)=(487, 1906)
2025-09-15 22:58:41,147 - INFO - Point Ci n°3 : (i,j)=(464, 1963)
2025-09-15 22:58:41,147 - INFO - ----------------------
2025-09-15 22:58:41,147 - INFO - Point Ds n°1 : (i,j)=(342, 1427)
2025-09-15 22:58:41,147 - INFO - Point Ds n°2 : (i,j)=(321, 1747)
2025-09-15 22:58:41,147 - INFO - Point Ds n°3 : (i,j)=(194, 2172)
2025-09-15 22:58:41,147 - INFO - Point Ds n°4 : (i,j)=(661, 1818)
2025-09-15 22:58:41,196 - INFO - Indice cubital Abeille #8) : 2.2464606595644816
2025-09-15 22:58:41,196 - INFO - Shift discoidal Abeille #8) : 0.48527168°
2025-09-15 22:58:41,221 - INFO - Image sauvegardée : C:\Users\nicol\AppData\Local\Temp\_MEI233282\out\\8_out.jpg
2025-09-15 22:58:41,242 - INFO - Les infos ont été ajoutées sur l'image.
2025-09-15 22:58:45,609 - INFO - Image 9 : C:\Users\nicol\AppData\Local\Temp\_MEI233282\in\\9_in.jpg
2025-09-15 22:58:46,409 - INFO - Edition de l'image : 9_in.jpg
2025-09-15 22:58:46,410 - INFO - Copie du fichier : C:\Users\nicol\AppData\Local\Temp\_MEI233282\in\\9_in.jpg >> C:\Users\nicol\AppData\Local\Temp\_MEI233282\tmp\\9_in___15_09_2025___22_58_46.jpg
2025-09-15 22:58:46,448 - INFO - Edition de l'image 9
2025-09-15 22:58:46,448 - INFO - ----------------------
2025-09-15 22:59:41,284 - INFO - Point Ci n°1 : (i,j)=(483, 1719)
2025-09-15 22:59:41,284 - INFO - Point Ci n°2 : (i,j)=(513, 1843)
2025-09-15 22:59:41,284 - INFO - Point Ci n°3 : (i,j)=(497, 1897)
2025-09-15 22:59:41,284 - INFO - ----------------------
2025-09-15 22:59:41,284 - INFO - Point Ds n°1 : (i,j)=(355, 1379)
2025-09-15 22:59:41,284 - INFO - Point Ds n°2 : (i,j)=(344, 1691)
2025-09-15 22:59:41,284 - INFO - Point Ds n°3 : (i,j)=(237, 2140)
2025-09-15 22:59:41,284 - INFO - Point Ds n°4 : (i,j)=(698, 1743)
2025-09-15 22:59:41,333 - INFO - Indice cubital Abeille #9) : 2.2652036422766955
2025-09-15 22:59:41,334 - INFO - Shift discoidal Abeille #9) : -0.46696521°
2025-09-15 22:59:41,361 - INFO - Image sauvegardée : C:\Users\nicol\AppData\Local\Temp\_MEI233282\out\\9_out.jpg
2025-09-15 22:59:41,382 - INFO - Les infos ont été ajoutées sur l'image.
2025-09-15 22:59:45,444 - INFO - Image 10 : C:\Users\nicol\AppData\Local\Temp\_MEI233282\in\\10_in.jpg
2025-09-15 22:59:46,429 - INFO - Edition de l'image : 10_in.jpg
2025-09-15 22:59:46,430 - INFO - Copie du fichier : C:\Users\nicol\AppData\Local\Temp\_MEI233282\in\\10_in.jpg >> C:\Users\nicol\AppData\Local\Temp\_MEI233282\tmp\\10_in___15_09_2025___22_59_46.jpg
2025-09-15 22:59:46,466 - INFO - Edition de l'image 10
2025-09-15 22:59:46,466 - INFO - ----------------------
2025-09-15 23:00:26,619 - INFO - Point Ci n°1 : (i,j)=(525, 1547)
2025-09-15 23:00:26,620 - INFO - Point Ci n°2 : (i,j)=(550, 1661)
2025-09-15 23:00:26,620 - INFO - Point Ci n°3 : (i,j)=(530, 1712)
2025-09-15 23:00:26,620 - INFO - ----------------------
2025-09-15 23:00:26,620 - INFO - Point Ds n°1 : (i,j)=(399, 1191)
2025-09-15 23:00:26,620 - INFO - Point Ds n°2 : (i,j)=(384, 1519)
2025-09-15 23:00:26,620 - INFO - Point Ds n°3 : (i,j)=(271, 1946)
2025-09-15 23:00:26,620 - INFO - Point Ds n°4 : (i,j)=(726, 1579)
2025-09-15 23:00:26,667 - INFO - Indice cubital Abeille #10) : 2.1304507488328066
2025-09-15 23:00:26,667 - INFO - Shift discoidal Abeille #10) : 0.31833368°
2025-09-15 23:00:26,690 - INFO - Image sauvegardée : C:\Users\nicol\AppData\Local\Temp\_MEI233282\out\\10_out.jpg
2025-09-15 23:00:26,711 - INFO - Les infos ont été ajoutées sur l'image.
2025-09-15 23:00:33,173 - INFO - Image 11 : C:\Users\nicol\AppData\Local\Temp\_MEI233282\in\\11_in.jpg
2025-09-15 23:00:33,841 - INFO - Edition de l'image : 11_in.jpg
2025-09-15 23:00:33,842 - INFO - Copie du fichier : C:\Users\nicol\AppData\Local\Temp\_MEI233282\in\\11_in.jpg >> C:\Users\nicol\AppData\Local\Temp\_MEI233282\tmp\\11_in___15_09_2025___23_00_33.jpg
2025-09-15 23:00:33,878 - INFO - Edition de l'image 11
2025-09-15 23:00:33,878 - INFO - ----------------------
2025-09-15 23:01:08,061 - INFO - Point Ci n°1 : (i,j)=(471, 1777)
2025-09-15 23:01:08,061 - INFO - Point Ci n°2 : (i,j)=(492, 1876)
2025-09-15 23:01:08,061 - INFO - Point Ci n°3 : (i,j)=(470, 1929)
2025-09-15 23:01:08,061 - INFO - ----------------------
2025-09-15 23:01:08,061 - INFO - Point Ds n°1 : (i,j)=(358, 1409)
2025-09-15 23:01:08,061 - INFO - Point Ds n°2 : (i,j)=(336, 1736)
2025-09-15 23:01:08,061 - INFO - Point Ds n°3 : (i,j)=(214, 2164)
2025-09-15 23:01:08,061 - INFO - Point Ds n°4 : (i,j)=(669, 1801)
2025-09-15 23:01:08,112 - INFO - Indice cubital Abeille #11) : 1.7635855038344337
2025-09-15 23:01:08,112 - INFO - Shift discoidal Abeille #11) : 0.24758674°
2025-09-15 23:01:08,138 - INFO - Image sauvegardée : C:\Users\nicol\AppData\Local\Temp\_MEI233282\out\\11_out.jpg
2025-09-15 23:01:08,160 - INFO - Les infos ont été ajoutées sur l'image.
2025-09-15 23:01:13,670 - INFO - Image 12 : C:\Users\nicol\AppData\Local\Temp\_MEI233282\in\\12_in.jpg
2025-09-15 23:01:14,733 - INFO - Edition de l'image : 12_in.jpg
2025-09-15 23:01:14,734 - INFO - Copie du fichier : C:\Users\nicol\AppData\Local\Temp\_MEI233282\in\\12_in.jpg >> C:\Users\nicol\AppData\Local\Temp\_MEI233282\tmp\\12_in___15_09_2025___23_01_14.jpg
2025-09-15 23:01:14,768 - INFO - Edition de l'image 12
2025-09-15 23:01:14,768 - INFO - ----------------------
2025-09-15 23:01:29,590 - INFO - Edition de l'image : 12_in.jpg
2025-09-15 23:01:29,591 - INFO - Copie du fichier : C:\Users\nicol\AppData\Local\Temp\_MEI233282\in\\12_in.jpg >> C:\Users\nicol\AppData\Local\Temp\_MEI233282\tmp\\12_in___15_09_2025___23_01_29.jpg
2025-09-15 23:01:29,624 - INFO - Edition de l'image 12
2025-09-15 23:01:29,625 - INFO - ----------------------
2025-09-15 23:02:09,946 - INFO - Point Ci n°1 : (i,j)=(481, 1675)
2025-09-15 23:02:09,946 - INFO - Point Ci n°2 : (i,j)=(514, 1808)
2025-09-15 23:02:09,946 - INFO - Point Ci n°3 : (i,j)=(496, 1872)
2025-09-15 23:02:09,946 - INFO - ----------------------
2025-09-15 23:02:09,946 - INFO - Point Ds n°1 : (i,j)=(337, 1334)
2025-09-15 23:02:09,946 - INFO - Point Ds n°2 : (i,j)=(339, 1661)
2025-09-15 23:02:09,946 - INFO - Point Ds n°3 : (i,j)=(235, 2124)
2025-09-15 23:02:09,946 - INFO - Point Ds n°4 : (i,j)=(687, 1720)
2025-09-15 23:02:09,992 - INFO - Indice cubital Abeille #12) : 2.061168670825549
2025-09-15 23:02:09,993 - INFO - Shift discoidal Abeille #12) : 2.2643352°
2025-09-15 23:02:10,014 - INFO - Image sauvegardée : C:\Users\nicol\AppData\Local\Temp\_MEI233282\out\\12_out.jpg
2025-09-15 23:02:10,035 - INFO - Les infos ont été ajoutées sur l'image.
2025-09-15 23:02:14,003 - INFO - Image 13 : C:\Users\nicol\AppData\Local\Temp\_MEI233282\in\\13_in.jpg
2025-09-15 23:02:14,777 - INFO - Edition de l'image : 13_in.jpg
2025-09-15 23:02:14,778 - INFO - Copie du fichier : C:\Users\nicol\AppData\Local\Temp\_MEI233282\in\\13_in.jpg >> C:\Users\nicol\AppData\Local\Temp\_MEI233282\tmp\\13_in___15_09_2025___23_02_14.jpg
2025-09-15 23:02:14,813 - INFO - Edition de l'image 13
2025-09-15 23:02:14,813 - INFO - ----------------------
2025-09-15 23:02:48,282 - INFO - Point Ci n°1 : (i,j)=(576, 1722)
2025-09-15 23:02:48,282 - INFO - Point Ci n°2 : (i,j)=(598, 1849)
2025-09-15 23:02:48,282 - INFO - Point Ci n°3 : (i,j)=(577, 1905)
2025-09-15 23:02:48,282 - INFO - ----------------------
2025-09-15 23:02:48,282 - INFO - Point Ds n°1 : (i,j)=(476, 1352)
2025-09-15 23:02:48,282 - INFO - Point Ds n°2 : (i,j)=(441, 1678)
2025-09-15 23:02:48,282 - INFO - Point Ds n°3 : (i,j)=(291, 2137)
2025-09-15 23:02:48,282 - INFO - Point Ds n°4 : (i,j)=(783, 1762)
2025-09-15 23:02:48,333 - INFO - Indice cubital Abeille #13) : 2.1550857858097086
2025-09-15 23:02:48,333 - INFO - Shift discoidal Abeille #13) : 0.55896548°
2025-09-15 23:02:48,360 - INFO - Image sauvegardée : C:\Users\nicol\AppData\Local\Temp\_MEI233282\out\\13_out.jpg
2025-09-15 23:02:48,381 - INFO - Les infos ont été ajoutées sur l'image.
2025-09-15 23:02:55,658 - INFO - Image 14 : C:\Users\nicol\AppData\Local\Temp\_MEI233282\in\\14_in.jpg
2025-09-15 23:02:56,436 - INFO - Edition de l'image : 14_in.jpg
2025-09-15 23:02:56,437 - INFO - Copie du fichier : C:\Users\nicol\AppData\Local\Temp\_MEI233282\in\\14_in.jpg >> C:\Users\nicol\AppData\Local\Temp\_MEI233282\tmp\\14_in___15_09_2025___23_02_56.jpg
2025-09-15 23:02:56,470 - INFO - Edition de l'image 14
2025-09-15 23:02:56,471 - INFO - ----------------------
2025-09-15 23:03:28,743 - INFO - Point Ci n°1 : (i,j)=(450, 1491)
2025-09-15 23:03:28,743 - INFO - Point Ci n°2 : (i,j)=(472, 1596)
2025-09-15 23:03:28,743 - INFO - Point Ci n°3 : (i,j)=(450, 1650)
2025-09-15 23:03:28,743 - INFO - ----------------------
2025-09-15 23:03:28,743 - INFO - Point Ds n°1 : (i,j)=(330, 1114)
2025-09-15 23:03:28,743 - INFO - Point Ds n°2 : (i,j)=(305, 1448)
2025-09-15 23:03:28,743 - INFO - Point Ds n°3 : (i,j)=(186, 1884)
2025-09-15 23:03:28,743 - INFO - Point Ds n°4 : (i,j)=(655, 1506)
2025-09-15 23:03:28,786 - INFO - Indice cubital Abeille #14) : 1.8398369492974098
2025-09-15 23:03:28,786 - INFO - Shift discoidal Abeille #14) : -1.22162882°
2025-09-15 23:03:28,807 - INFO - Image sauvegardée : C:\Users\nicol\AppData\Local\Temp\_MEI233282\out\\14_out.jpg
2025-09-15 23:03:28,824 - INFO - Les infos ont été ajoutées sur l'image.
2025-09-15 23:03:32,782 - INFO - Image 15 : C:\Users\nicol\AppData\Local\Temp\_MEI233282\in\\15_in.jpg
2025-09-15 23:03:33,605 - INFO - Edition de l'image : 15_in.jpg
2025-09-15 23:03:33,607 - INFO - Copie du fichier : C:\Users\nicol\AppData\Local\Temp\_MEI233282\in\\15_in.jpg >> C:\Users\nicol\AppData\Local\Temp\_MEI233282\tmp\\15_in___15_09_2025___23_03_33.jpg
2025-09-15 23:03:33,643 - INFO - Edition de l'image 15
2025-09-15 23:03:33,643 - INFO - ----------------------
2025-09-15 23:04:11,533 - INFO - Point Ci n°1 : (i,j)=(444, 1821)
2025-09-15 23:04:11,533 - INFO - Point Ci n°2 : (i,j)=(465, 1927)
2025-09-15 23:04:11,534 - INFO - Point Ci n°3 : (i,j)=(443, 1983)
2025-09-15 23:04:11,534 - INFO - ----------------------
2025-09-15 23:04:11,534 - INFO - Point Ds n°1 : (i,j)=(336, 1438)
2025-09-15 23:04:11,534 - INFO - Point Ds n°2 : (i,j)=(302, 1791)
2025-09-15 23:04:11,534 - INFO - Point Ds n°3 : (i,j)=(178, 2211)
2025-09-15 23:04:11,534 - INFO - Point Ds n°4 : (i,j)=(647, 1841)
2025-09-15 23:04:11,582 - INFO - Indice cubital Abeille #15) : 1.7960207704074045
2025-09-15 23:04:11,582 - INFO - Shift discoidal Abeille #15) : -3.32993658°
2025-09-15 23:04:11,609 - INFO - Image sauvegardée : C:\Users\nicol\AppData\Local\Temp\_MEI233282\out\\15_out.jpg
2025-09-15 23:04:11,630 - INFO - Les infos ont été ajoutées sur l'image.
