2025-08-14 16:19:30,112 - INFO - Démarrage du programme
2025-08-14 16:19:30,112 - INFO - nettoyage du dossier 'out' : c:\Users\nicol\Documents\ABEILLES\beeReal\core\..\\out
2025-08-14 16:19:30,112 - INFO - suppression du fichier c:\Users\nicol\Documents\ABEILLES\beeReal\core\..\\out\0_histogramme_RUTTNER_mellifera.png
2025-08-14 16:19:30,112 - INFO - suppression du fichier c:\Users\nicol\Documents\ABEILLES\beeReal\core\..\\out\10_out.jpg
2025-08-14 16:19:30,112 - INFO - suppression du fichier c:\Users\nicol\Documents\ABEILLES\beeReal\core\..\\out\11_out.jpg
2025-08-14 16:19:30,112 - INFO - suppression du fichier c:\Users\nicol\Documents\ABEILLES\beeReal\core\..\\out\12_out.jpg
2025-08-14 16:19:30,112 - INFO - suppression du fichier c:\Users\nicol\Documents\ABEILLES\beeReal\core\..\\out\13_out.jpg
2025-08-14 16:19:30,112 - INFO - suppression du fichier c:\Users\nicol\Documents\ABEILLES\beeReal\core\..\\out\14_out.jpg
2025-08-14 16:19:30,112 - INFO - suppression du fichier c:\Users\nicol\Documents\ABEILLES\beeReal\core\..\\out\15_out.jpg
2025-08-14 16:19:30,112 - INFO - suppression du fichier c:\Users\nicol\Documents\ABEILLES\beeReal\core\..\\out\16_out.jpg
2025-08-14 16:19:30,112 - INFO - suppression du fichier c:\Users\nicol\Documents\ABEILLES\beeReal\core\..\\out\17_out.jpg
2025-08-14 16:19:30,112 - INFO - suppression du fichier c:\Users\nicol\Documents\ABEILLES\beeReal\core\..\\out\18_out.jpg
2025-08-14 16:19:30,112 - INFO - suppression du fichier c:\Users\nicol\Documents\ABEILLES\beeReal\core\..\\out\19_out.jpg
2025-08-14 16:19:30,112 - INFO - suppression du fichier c:\Users\nicol\Documents\ABEILLES\beeReal\core\..\\out\1_histogramme_RUTTNER_caucasica.png
2025-08-14 16:19:30,112 - INFO - suppression du fichier c:\Users\nicol\Documents\ABEILLES\beeReal\core\..\\out\1_out.jpg
2025-08-14 16:19:30,112 - INFO - suppression du fichier c:\Users\nicol\Documents\ABEILLES\beeReal\core\..\\out\20_out.jpg
2025-08-14 16:19:30,112 - INFO - suppression du fichier c:\Users\nicol\Documents\ABEILLES\beeReal\core\..\\out\21_out.jpg
2025-08-14 16:19:30,112 - INFO - suppression du fichier c:\Users\nicol\Documents\ABEILLES\beeReal\core\..\\out\22_out.jpg
2025-08-14 16:19:30,112 - INFO - suppression du fichier c:\Users\nicol\Documents\ABEILLES\beeReal\core\..\\out\23_out.jpg
2025-08-14 16:19:30,112 - INFO - suppression du fichier c:\Users\nicol\Documents\ABEILLES\beeReal\core\..\\out\24_out.jpg
2025-08-14 16:19:30,112 - INFO - suppression du fichier c:\Users\nicol\Documents\ABEILLES\beeReal\core\..\\out\25_out.jpg
2025-08-14 16:19:30,112 - INFO - suppression du fichier c:\Users\nicol\Documents\ABEILLES\beeReal\core\..\\out\26_out.jpg
2025-08-14 16:19:30,125 - INFO - suppression du fichier c:\Users\nicol\Documents\ABEILLES\beeReal\core\..\\out\27_out.jpg
2025-08-14 16:19:30,125 - INFO - suppression du fichier c:\Users\nicol\Documents\ABEILLES\beeReal\core\..\\out\28_out.jpg
2025-08-14 16:19:30,125 - INFO - suppression du fichier c:\Users\nicol\Documents\ABEILLES\beeReal\core\..\\out\29_out.jpg
2025-08-14 16:19:30,125 - INFO - suppression du fichier c:\Users\nicol\Documents\ABEILLES\beeReal\core\..\\out\2_histogramme_RUTTNER_ligustica.png
2025-08-14 16:19:30,125 - INFO - suppression du fichier c:\Users\nicol\Documents\ABEILLES\beeReal\core\..\\out\2_out.jpg
2025-08-14 16:19:30,126 - INFO - suppression du fichier c:\Users\nicol\Documents\ABEILLES\beeReal\core\..\\out\30_out.jpg
2025-08-14 16:19:30,126 - INFO - suppression du fichier c:\Users\nicol\Documents\ABEILLES\beeReal\core\..\\out\31_out.jpg
2025-08-14 16:19:30,126 - INFO - suppression du fichier c:\Users\nicol\Documents\ABEILLES\beeReal\core\..\\out\32_out.jpg
2025-08-14 16:19:30,127 - INFO - suppression du fichier c:\Users\nicol\Documents\ABEILLES\beeReal\core\..\\out\33_out.jpg
2025-08-14 16:19:30,127 - INFO - suppression du fichier c:\Users\nicol\Documents\ABEILLES\beeReal\core\..\\out\34_out.jpg
2025-08-14 16:19:30,127 - INFO - suppression du fichier c:\Users\nicol\Documents\ABEILLES\beeReal\core\..\\out\35_out.jpg
2025-08-14 16:19:30,127 - INFO - suppression du fichier c:\Users\nicol\Documents\ABEILLES\beeReal\core\..\\out\36_out.jpg
2025-08-14 16:19:30,128 - INFO - suppression du fichier c:\Users\nicol\Documents\ABEILLES\beeReal\core\..\\out\37_out.jpg
2025-08-14 16:19:30,128 - INFO - suppression du fichier c:\Users\nicol\Documents\ABEILLES\beeReal\core\..\\out\38_out.jpg
2025-08-14 16:19:30,128 - INFO - suppression du fichier c:\Users\nicol\Documents\ABEILLES\beeReal\core\..\\out\39_out.jpg
2025-08-14 16:19:30,129 - INFO - suppression du fichier c:\Users\nicol\Documents\ABEILLES\beeReal\core\..\\out\3_histogramme_RUTTNER_carnica.png
2025-08-14 16:19:30,129 - INFO - suppression du fichier c:\Users\nicol\Documents\ABEILLES\beeReal\core\..\\out\3_out.jpg
2025-08-14 16:19:30,130 - INFO - suppression du fichier c:\Users\nicol\Documents\ABEILLES\beeReal\core\..\\out\40_out.jpg
2025-08-14 16:19:30,130 - INFO - suppression du fichier c:\Users\nicol\Documents\ABEILLES\beeReal\core\..\\out\41_out.jpg
2025-08-14 16:19:30,130 - INFO - suppression du fichier c:\Users\nicol\Documents\ABEILLES\beeReal\core\..\\out\42_out.jpg
2025-08-14 16:19:30,131 - INFO - suppression du fichier c:\Users\nicol\Documents\ABEILLES\beeReal\core\..\\out\43_out.jpg
2025-08-14 16:19:30,131 - INFO - suppression du fichier c:\Users\nicol\Documents\ABEILLES\beeReal\core\..\\out\44_out.jpg
2025-08-14 16:19:30,132 - INFO - suppression du fichier c:\Users\nicol\Documents\ABEILLES\beeReal\core\..\\out\45_out.jpg
2025-08-14 16:19:30,133 - INFO - suppression du fichier c:\Users\nicol\Documents\ABEILLES\beeReal\core\..\\out\46_out.jpg
2025-08-14 16:19:30,133 - INFO - suppression du fichier c:\Users\nicol\Documents\ABEILLES\beeReal\core\..\\out\47_out.jpg
2025-08-14 16:19:30,133 - INFO - suppression du fichier c:\Users\nicol\Documents\ABEILLES\beeReal\core\..\\out\48_out.jpg
2025-08-14 16:19:30,134 - INFO - suppression du fichier c:\Users\nicol\Documents\ABEILLES\beeReal\core\..\\out\49_out.jpg
2025-08-14 16:19:30,134 - INFO - suppression du fichier c:\Users\nicol\Documents\ABEILLES\beeReal\core\..\\out\4_out.jpg
2025-08-14 16:19:30,135 - INFO - suppression du fichier c:\Users\nicol\Documents\ABEILLES\beeReal\core\..\\out\50_out.jpg
2025-08-14 16:19:30,135 - INFO - suppression du fichier c:\Users\nicol\Documents\ABEILLES\beeReal\core\..\\out\51_out.jpg
2025-08-14 16:19:30,136 - INFO - suppression du fichier c:\Users\nicol\Documents\ABEILLES\beeReal\core\..\\out\52_out.jpg
2025-08-14 16:19:30,136 - INFO - suppression du fichier c:\Users\nicol\Documents\ABEILLES\beeReal\core\..\\out\53_out.jpg
2025-08-14 16:19:30,136 - INFO - suppression du fichier c:\Users\nicol\Documents\ABEILLES\beeReal\core\..\\out\54_out.jpg
2025-08-14 16:19:30,136 - INFO - suppression du fichier c:\Users\nicol\Documents\ABEILLES\beeReal\core\..\\out\55_out.jpg
2025-08-14 16:19:30,136 - INFO - suppression du fichier c:\Users\nicol\Documents\ABEILLES\beeReal\core\..\\out\56_out.jpg
2025-08-14 16:19:30,136 - INFO - suppression du fichier c:\Users\nicol\Documents\ABEILLES\beeReal\core\..\\out\57_out.jpg
2025-08-14 16:19:30,136 - INFO - suppression du fichier c:\Users\nicol\Documents\ABEILLES\beeReal\core\..\\out\58_out.jpg
2025-08-14 16:19:30,138 - INFO - suppression du fichier c:\Users\nicol\Documents\ABEILLES\beeReal\core\..\\out\59_out.jpg
2025-08-14 16:19:30,138 - INFO - suppression du fichier c:\Users\nicol\Documents\ABEILLES\beeReal\core\..\\out\5_out.jpg
2025-08-14 16:19:30,138 - INFO - suppression du fichier c:\Users\nicol\Documents\ABEILLES\beeReal\core\..\\out\60_out.jpg
2025-08-14 16:19:30,138 - INFO - suppression du fichier c:\Users\nicol\Documents\ABEILLES\beeReal\core\..\\out\61_out.jpg
2025-08-14 16:19:30,138 - INFO - suppression du fichier c:\Users\nicol\Documents\ABEILLES\beeReal\core\..\\out\62_out.jpg
2025-08-14 16:19:30,138 - INFO - suppression du fichier c:\Users\nicol\Documents\ABEILLES\beeReal\core\..\\out\63_out.jpg
2025-08-14 16:19:30,140 - INFO - suppression du fichier c:\Users\nicol\Documents\ABEILLES\beeReal\core\..\\out\64_out.jpg
2025-08-14 16:19:30,140 - INFO - suppression du fichier c:\Users\nicol\Documents\ABEILLES\beeReal\core\..\\out\65_out.jpg
2025-08-14 16:19:30,140 - INFO - suppression du fichier c:\Users\nicol\Documents\ABEILLES\beeReal\core\..\\out\66_out.jpg
2025-08-14 16:19:30,140 - INFO - suppression du fichier c:\Users\nicol\Documents\ABEILLES\beeReal\core\..\\out\67_out.jpg
2025-08-14 16:19:30,140 - INFO - suppression du fichier c:\Users\nicol\Documents\ABEILLES\beeReal\core\..\\out\69_out.jpg
2025-08-14 16:19:30,140 - INFO - suppression du fichier c:\Users\nicol\Documents\ABEILLES\beeReal\core\..\\out\6_out.jpg
2025-08-14 16:19:30,142 - INFO - suppression du fichier c:\Users\nicol\Documents\ABEILLES\beeReal\core\..\\out\70_out.jpg
2025-08-14 16:19:30,142 - INFO - suppression du fichier c:\Users\nicol\Documents\ABEILLES\beeReal\core\..\\out\7_out.jpg
2025-08-14 16:19:30,142 - INFO - suppression du fichier c:\Users\nicol\Documents\ABEILLES\beeReal\core\..\\out\8_out.jpg
2025-08-14 16:19:30,148 - INFO - suppression du fichier c:\Users\nicol\Documents\ABEILLES\beeReal\core\..\\out\9_out.jpg
2025-08-14 16:19:30,150 - INFO - suppression du fichier c:\Users\nicol\Documents\ABEILLES\beeReal\core\..\\out\abacus_RUTTNER.txt
2025-08-14 16:19:30,150 - INFO - suppression du fichier c:\Users\nicol\Documents\ABEILLES\beeReal\core\..\\out\results.txt
2025-08-14 16:19:30,150 - INFO - suppression du fichier c:\Users\nicol\Documents\ABEILLES\beeReal\core\..\\out\scatter_plot.png
2025-08-14 16:19:30,150 - INFO - nettoyage du dossier 'in' : c:\Users\nicol\Documents\ABEILLES\beeReal\core\..\\in
2025-08-14 16:19:30,152 - INFO - suppression du fichier c:\Users\nicol\Documents\ABEILLES\beeReal\core\..\\in\10_in.jpg
2025-08-14 16:19:30,152 - INFO - suppression du fichier c:\Users\nicol\Documents\ABEILLES\beeReal\core\..\\in\11_in.jpg
2025-08-14 16:19:30,152 - INFO - suppression du fichier c:\Users\nicol\Documents\ABEILLES\beeReal\core\..\\in\12_in.jpg
2025-08-14 16:19:30,152 - INFO - suppression du fichier c:\Users\nicol\Documents\ABEILLES\beeReal\core\..\\in\13_in.jpg
2025-08-14 16:19:30,157 - INFO - suppression du fichier c:\Users\nicol\Documents\ABEILLES\beeReal\core\..\\in\14_in.jpg
2025-08-14 16:19:30,157 - INFO - suppression du fichier c:\Users\nicol\Documents\ABEILLES\beeReal\core\..\\in\15_in.jpg
2025-08-14 16:19:30,157 - INFO - suppression du fichier c:\Users\nicol\Documents\ABEILLES\beeReal\core\..\\in\16_in.jpg
2025-08-14 16:19:30,157 - INFO - suppression du fichier c:\Users\nicol\Documents\ABEILLES\beeReal\core\..\\in\17_in.jpg
2025-08-14 16:19:30,160 - INFO - suppression du fichier c:\Users\nicol\Documents\ABEILLES\beeReal\core\..\\in\18_in.jpg
2025-08-14 16:19:30,161 - INFO - suppression du fichier c:\Users\nicol\Documents\ABEILLES\beeReal\core\..\\in\19_in.jpg
2025-08-14 16:19:30,162 - INFO - suppression du fichier c:\Users\nicol\Documents\ABEILLES\beeReal\core\..\\in\1_in.jpg
2025-08-14 16:19:30,163 - INFO - suppression du fichier c:\Users\nicol\Documents\ABEILLES\beeReal\core\..\\in\20_in.jpg
2025-08-14 16:19:30,164 - INFO - suppression du fichier c:\Users\nicol\Documents\ABEILLES\beeReal\core\..\\in\21_in.jpg
2025-08-14 16:19:30,164 - INFO - suppression du fichier c:\Users\nicol\Documents\ABEILLES\beeReal\core\..\\in\22_in.jpg
2025-08-14 16:19:30,164 - INFO - suppression du fichier c:\Users\nicol\Documents\ABEILLES\beeReal\core\..\\in\23_in.jpg
2025-08-14 16:19:30,166 - INFO - suppression du fichier c:\Users\nicol\Documents\ABEILLES\beeReal\core\..\\in\24_in.jpg
2025-08-14 16:19:30,166 - INFO - suppression du fichier c:\Users\nicol\Documents\ABEILLES\beeReal\core\..\\in\25_in.jpg
2025-08-14 16:19:30,166 - INFO - suppression du fichier c:\Users\nicol\Documents\ABEILLES\beeReal\core\..\\in\26_in.jpg
2025-08-14 16:19:30,166 - INFO - suppression du fichier c:\Users\nicol\Documents\ABEILLES\beeReal\core\..\\in\27_in.jpg
2025-08-14 16:19:30,168 - INFO - suppression du fichier c:\Users\nicol\Documents\ABEILLES\beeReal\core\..\\in\28_in.jpg
2025-08-14 16:19:30,168 - INFO - suppression du fichier c:\Users\nicol\Documents\ABEILLES\beeReal\core\..\\in\29_in.jpg
2025-08-14 16:19:30,168 - INFO - suppression du fichier c:\Users\nicol\Documents\ABEILLES\beeReal\core\..\\in\2_in.jpg
2025-08-14 16:19:30,168 - INFO - suppression du fichier c:\Users\nicol\Documents\ABEILLES\beeReal\core\..\\in\30_in.jpg
2025-08-14 16:19:30,168 - INFO - suppression du fichier c:\Users\nicol\Documents\ABEILLES\beeReal\core\..\\in\31_in.jpg
2025-08-14 16:19:30,168 - INFO - suppression du fichier c:\Users\nicol\Documents\ABEILLES\beeReal\core\..\\in\32_in.jpg
2025-08-14 16:19:30,168 - INFO - suppression du fichier c:\Users\nicol\Documents\ABEILLES\beeReal\core\..\\in\33_in.jpg
2025-08-14 16:19:30,168 - INFO - suppression du fichier c:\Users\nicol\Documents\ABEILLES\beeReal\core\..\\in\34_in.jpg
2025-08-14 16:19:30,168 - INFO - suppression du fichier c:\Users\nicol\Documents\ABEILLES\beeReal\core\..\\in\35_in.jpg
2025-08-14 16:19:30,168 - INFO - suppression du fichier c:\Users\nicol\Documents\ABEILLES\beeReal\core\..\\in\36_in.jpg
2025-08-14 16:19:30,168 - INFO - suppression du fichier c:\Users\nicol\Documents\ABEILLES\beeReal\core\..\\in\37_in.jpg
2025-08-14 16:19:30,174 - INFO - suppression du fichier c:\Users\nicol\Documents\ABEILLES\beeReal\core\..\\in\38_in.jpg
2025-08-14 16:19:30,174 - INFO - suppression du fichier c:\Users\nicol\Documents\ABEILLES\beeReal\core\..\\in\39_in.jpg
2025-08-14 16:19:30,176 - INFO - suppression du fichier c:\Users\nicol\Documents\ABEILLES\beeReal\core\..\\in\3_in.jpg
2025-08-14 16:19:30,176 - INFO - suppression du fichier c:\Users\nicol\Documents\ABEILLES\beeReal\core\..\\in\40_in.jpg
2025-08-14 16:19:30,176 - INFO - suppression du fichier c:\Users\nicol\Documents\ABEILLES\beeReal\core\..\\in\41_in.jpg
2025-08-14 16:19:30,178 - INFO - suppression du fichier c:\Users\nicol\Documents\ABEILLES\beeReal\core\..\\in\42_in.jpg
2025-08-14 16:19:30,178 - INFO - suppression du fichier c:\Users\nicol\Documents\ABEILLES\beeReal\core\..\\in\43_in.jpg
2025-08-14 16:19:30,179 - INFO - suppression du fichier c:\Users\nicol\Documents\ABEILLES\beeReal\core\..\\in\44_in.jpg
2025-08-14 16:19:30,179 - INFO - suppression du fichier c:\Users\nicol\Documents\ABEILLES\beeReal\core\..\\in\45_in.jpg
2025-08-14 16:19:30,180 - INFO - suppression du fichier c:\Users\nicol\Documents\ABEILLES\beeReal\core\..\\in\46_in.jpg
2025-08-14 16:19:30,180 - INFO - suppression du fichier c:\Users\nicol\Documents\ABEILLES\beeReal\core\..\\in\47_in.jpg
2025-08-14 16:19:30,180 - INFO - suppression du fichier c:\Users\nicol\Documents\ABEILLES\beeReal\core\..\\in\48_in.jpg
2025-08-14 16:19:30,181 - INFO - suppression du fichier c:\Users\nicol\Documents\ABEILLES\beeReal\core\..\\in\49_in.jpg
2025-08-14 16:19:30,181 - INFO - suppression du fichier c:\Users\nicol\Documents\ABEILLES\beeReal\core\..\\in\4_in.jpg
2025-08-14 16:19:30,181 - INFO - suppression du fichier c:\Users\nicol\Documents\ABEILLES\beeReal\core\..\\in\50_in.jpg
2025-08-14 16:19:30,181 - INFO - suppression du fichier c:\Users\nicol\Documents\ABEILLES\beeReal\core\..\\in\51_in.jpg
2025-08-14 16:19:30,181 - INFO - suppression du fichier c:\Users\nicol\Documents\ABEILLES\beeReal\core\..\\in\52_in.jpg
2025-08-14 16:19:30,181 - INFO - suppression du fichier c:\Users\nicol\Documents\ABEILLES\beeReal\core\..\\in\53_in.jpg
2025-08-14 16:19:30,183 - INFO - suppression du fichier c:\Users\nicol\Documents\ABEILLES\beeReal\core\..\\in\54_in.jpg
2025-08-14 16:19:30,184 - INFO - suppression du fichier c:\Users\nicol\Documents\ABEILLES\beeReal\core\..\\in\55_in.jpg
2025-08-14 16:19:30,184 - INFO - suppression du fichier c:\Users\nicol\Documents\ABEILLES\beeReal\core\..\\in\56_in.jpg
2025-08-14 16:19:30,184 - INFO - suppression du fichier c:\Users\nicol\Documents\ABEILLES\beeReal\core\..\\in\57_in.jpg
2025-08-14 16:19:30,184 - INFO - suppression du fichier c:\Users\nicol\Documents\ABEILLES\beeReal\core\..\\in\58_in.jpg
2025-08-14 16:19:30,184 - INFO - suppression du fichier c:\Users\nicol\Documents\ABEILLES\beeReal\core\..\\in\59_in.jpg
2025-08-14 16:19:30,184 - INFO - suppression du fichier c:\Users\nicol\Documents\ABEILLES\beeReal\core\..\\in\5_in.jpg
2025-08-14 16:19:30,184 - INFO - suppression du fichier c:\Users\nicol\Documents\ABEILLES\beeReal\core\..\\in\60_in.jpg
2025-08-14 16:19:30,185 - INFO - suppression du fichier c:\Users\nicol\Documents\ABEILLES\beeReal\core\..\\in\61_in.jpg
2025-08-14 16:19:30,185 - INFO - suppression du fichier c:\Users\nicol\Documents\ABEILLES\beeReal\core\..\\in\62_in.jpg
2025-08-14 16:19:30,185 - INFO - suppression du fichier c:\Users\nicol\Documents\ABEILLES\beeReal\core\..\\in\63_in.jpg
2025-08-14 16:19:30,185 - INFO - suppression du fichier c:\Users\nicol\Documents\ABEILLES\beeReal\core\..\\in\64_in.jpg
2025-08-14 16:19:30,186 - INFO - suppression du fichier c:\Users\nicol\Documents\ABEILLES\beeReal\core\..\\in\65_in.jpg
2025-08-14 16:19:30,186 - INFO - suppression du fichier c:\Users\nicol\Documents\ABEILLES\beeReal\core\..\\in\66_in.jpg
2025-08-14 16:19:30,186 - INFO - suppression du fichier c:\Users\nicol\Documents\ABEILLES\beeReal\core\..\\in\67_in.jpg
2025-08-14 16:19:30,186 - INFO - suppression du fichier c:\Users\nicol\Documents\ABEILLES\beeReal\core\..\\in\68_in.jpg
2025-08-14 16:19:30,187 - INFO - suppression du fichier c:\Users\nicol\Documents\ABEILLES\beeReal\core\..\\in\69_in.jpg
2025-08-14 16:19:30,187 - INFO - suppression du fichier c:\Users\nicol\Documents\ABEILLES\beeReal\core\..\\in\6_in.jpg
2025-08-14 16:19:30,187 - INFO - suppression du fichier c:\Users\nicol\Documents\ABEILLES\beeReal\core\..\\in\70_in.jpg
2025-08-14 16:19:30,187 - INFO - suppression du fichier c:\Users\nicol\Documents\ABEILLES\beeReal\core\..\\in\7_in.jpg
2025-08-14 16:19:30,187 - INFO - suppression du fichier c:\Users\nicol\Documents\ABEILLES\beeReal\core\..\\in\8_in.jpg
2025-08-14 16:19:30,187 - INFO - suppression du fichier c:\Users\nicol\Documents\ABEILLES\beeReal\core\..\\in\9_in.jpg
2025-08-14 16:19:30,187 - INFO - nettoyage du dossier 'tmp' : c:\Users\nicol\Documents\ABEILLES\beeReal\core\..\\tmp
2025-08-14 16:19:30,196 - INFO - suppression du fichier c:\Users\nicol\Documents\ABEILLES\beeReal\core\..\\tmp\in
2025-08-14 16:19:30,198 - INFO - suppression du fichier c:\Users\nicol\Documents\ABEILLES\beeReal\core\..\\tmp\logs
2025-08-14 16:19:30,206 - INFO - suppression du fichier c:\Users\nicol\Documents\ABEILLES\beeReal\core\..\\tmp\out
2025-08-14 16:19:30,206 - INFO - Génération du fichier de résultats c:\Users\nicol\Documents\ABEILLES\beeReal\core\..\\out\results.txt
2025-08-14 16:19:42,386 - INFO - Image 1 : c:\Users\nicol\Documents\ABEILLES\beeReal\core\..\\in\1_in.jpg
2025-08-14 16:19:43,309 - INFO - Edition de l'image : 1_in.jpg
2025-08-14 16:19:43,310 - INFO - Copie du fichier : c:\Users\nicol\Documents\ABEILLES\beeReal\core\..\\in\1_in.jpg >> c:\Users\nicol\Documents\ABEILLES\beeReal\core\..\\tmp\1_in___14_08_2025___16_19_43.jpg
2025-08-14 16:19:43,349 - INFO - Edition de l'image 1
2025-08-14 16:19:43,349 - INFO - ----------------------
2025-08-14 16:19:54,199 - INFO - Chargement du projet 'C:/Users/nicol/Documents/ABEILLES/etudes/ma_ruche_v1_70.zip'
2025-08-14 16:19:55,179 - INFO - Affichage dans l'IHM des valeurs Ci et Ds
2025-08-14 16:19:55,179 - INFO - Abeille n°1
2025-08-14 16:19:55,179 - INFO - Ci : 1.77, Ds : +3.88°
2025-08-14 16:19:55,179 - INFO - Abeille n°2
2025-08-14 16:19:55,179 - INFO - Ci : 2.38, Ds : +1.05°
2025-08-14 16:19:55,179 - INFO - Abeille n°3
2025-08-14 16:19:55,179 - INFO - Ci : 2.91, Ds : +0.26°
2025-08-14 16:19:55,179 - INFO - Abeille n°4
2025-08-14 16:19:55,179 - INFO - Ci : 2.56, Ds : -2.08°
2025-08-14 16:19:55,179 - INFO - Abeille n°5
2025-08-14 16:19:55,179 - INFO - Ci : 2.07, Ds : +2.16°
2025-08-14 16:19:55,179 - INFO - Abeille n°6
2025-08-14 16:19:55,179 - INFO - Ci : 2.29, Ds : -1.51°
2025-08-14 16:19:55,179 - INFO - Abeille n°7
2025-08-14 16:19:55,179 - INFO - Ci : 2.48, Ds : +4.39°
2025-08-14 16:19:55,179 - INFO - Abeille n°8
2025-08-14 16:19:55,179 - INFO - Ci : 2.13, Ds : +2.5°
2025-08-14 16:19:55,179 - INFO - Abeille n°9
2025-08-14 16:19:55,179 - INFO - Ci : 2.16, Ds : +0.97°
2025-08-14 16:19:55,179 - INFO - Abeille n°10
2025-08-14 16:19:55,179 - INFO - Ci : 2.21, Ds : +4.0°
2025-08-14 16:19:55,179 - INFO - Abeille n°11
2025-08-14 16:19:55,179 - INFO - Ci : 1.99, Ds : +4.34°
2025-08-14 16:19:55,179 - INFO - Abeille n°12
2025-08-14 16:19:55,179 - INFO - Ci : 1.65, Ds : +2.03°
2025-08-14 16:19:55,179 - INFO - Abeille n°13
2025-08-14 16:19:55,179 - INFO - Ci : 2.97, Ds : +5.75°
2025-08-14 16:19:55,179 - INFO - Abeille n°14
2025-08-14 16:19:55,179 - INFO - Ci : 2.42, Ds : -2.05°
2025-08-14 16:19:55,179 - INFO - Abeille n°15
2025-08-14 16:19:55,179 - INFO - Ci : 2.75, Ds : +1.32°
2025-08-14 16:19:55,179 - INFO - Abeille n°16
2025-08-14 16:19:55,179 - INFO - Ci : 2.72, Ds : +3.06°
2025-08-14 16:19:55,179 - INFO - Abeille n°17
2025-08-14 16:19:55,179 - INFO - Ci : 1.96, Ds : -1.93°
2025-08-14 16:19:55,179 - INFO - Abeille n°18
2025-08-14 16:19:55,179 - INFO - Ci : 2.03, Ds : +0.07°
2025-08-14 16:19:55,179 - INFO - Abeille n°19
2025-08-14 16:19:55,179 - INFO - Ci : 2.91, Ds : -0.5°
2025-08-14 16:19:55,179 - INFO - Abeille n°20
2025-08-14 16:19:55,179 - INFO - Ci : 2.27, Ds : +0.06°
2025-08-14 16:19:55,179 - INFO - Abeille n°21
2025-08-14 16:19:55,179 - INFO - Ci : 2.82, Ds : +5.07°
2025-08-14 16:19:55,179 - INFO - Abeille n°22
2025-08-14 16:19:55,179 - INFO - Ci : 0.64, Ds : +3.17°
2025-08-14 16:19:55,179 - INFO - Abeille n°23
2025-08-14 16:19:55,179 - INFO - Ci : 1.85, Ds : +2.2°
2025-08-14 16:19:55,179 - INFO - Abeille n°24
2025-08-14 16:19:55,179 - INFO - Ci : 2.77, Ds : +8.26°
2025-08-14 16:19:55,179 - INFO - Abeille n°25
2025-08-14 16:19:55,179 - INFO - Ci : 2.35, Ds : -1.28°
2025-08-14 16:19:55,179 - INFO - Abeille n°26
2025-08-14 16:19:55,179 - INFO - Ci : 2.06, Ds : +0.0°
2025-08-14 16:19:55,179 - INFO - Abeille n°27
2025-08-14 16:19:55,179 - INFO - Ci : 2.47, Ds : -1.63°
2025-08-14 16:19:55,179 - INFO - Abeille n°28
2025-08-14 16:19:55,179 - INFO - Ci : 1.69, Ds : +3.34°
2025-08-14 16:19:55,179 - INFO - Abeille n°29
2025-08-14 16:19:55,179 - INFO - Ci : 1.7, Ds : +2.44°
2025-08-14 16:19:55,179 - INFO - Abeille n°30
2025-08-14 16:19:55,179 - INFO - Ci : 1.77, Ds : +1.65°
2025-08-14 16:19:55,179 - INFO - Abeille n°31
2025-08-14 16:19:55,179 - INFO - Ci : 2.28, Ds : +2.6°
2025-08-14 16:19:55,179 - INFO - Abeille n°32
2025-08-14 16:19:55,179 - INFO - Ci : 2.03, Ds : +1.84°
2025-08-14 16:19:55,179 - INFO - Abeille n°33
2025-08-14 16:19:55,179 - INFO - Ci : 2.35, Ds : -1.92°
2025-08-14 16:19:55,194 - INFO - Abeille n°34
2025-08-14 16:19:55,194 - INFO - Ci : 1.71, Ds : +1.17°
2025-08-14 16:19:55,194 - INFO - Abeille n°35
2025-08-14 16:19:55,194 - INFO - Ci : 1.69, Ds : +2.81°
2025-08-14 16:19:55,195 - INFO - Abeille n°36
2025-08-14 16:19:55,195 - INFO - Ci : 2.3, Ds : -1.58°
2025-08-14 16:19:55,195 - INFO - Abeille n°37
2025-08-14 16:19:55,195 - INFO - Ci : 2.38, Ds : -0.94°
2025-08-14 16:19:55,196 - INFO - Abeille n°38
2025-08-14 16:19:55,196 - INFO - Ci : 1.98, Ds : +1.74°
2025-08-14 16:19:55,196 - INFO - Abeille n°39
2025-08-14 16:19:55,196 - INFO - Ci : 1.7, Ds : +3.24°
2025-08-14 16:19:55,196 - INFO - Abeille n°40
2025-08-14 16:19:55,196 - INFO - Ci : 2.47, Ds : +5.56°
2025-08-14 16:19:55,196 - INFO - Abeille n°41
2025-08-14 16:19:55,196 - INFO - Ci : 1.95, Ds : +4.9°
2025-08-14 16:19:55,196 - INFO - Abeille n°42
2025-08-14 16:19:55,196 - INFO - Ci : 2.86, Ds : +5.54°
2025-08-14 16:19:55,196 - INFO - Abeille n°43
2025-08-14 16:19:55,196 - INFO - Ci : 2.04, Ds : +1.07°
2025-08-14 16:19:55,196 - INFO - Abeille n°44
2025-08-14 16:19:55,196 - INFO - Ci : 2.5, Ds : -0.5°
2025-08-14 16:19:55,196 - INFO - Abeille n°45
2025-08-14 16:19:55,196 - INFO - Ci : 1.85, Ds : +3.88°
2025-08-14 16:19:55,196 - INFO - Abeille n°46
2025-08-14 16:19:55,196 - INFO - Ci : 2.17, Ds : -2.52°
2025-08-14 16:19:55,196 - INFO - Abeille n°47
2025-08-14 16:19:55,196 - INFO - Ci : 2.78, Ds : +0.84°
2025-08-14 16:19:55,196 - INFO - Abeille n°48
2025-08-14 16:19:55,196 - INFO - Ci : 2.76, Ds : +6.19°
2025-08-14 16:19:55,196 - INFO - Abeille n°49
2025-08-14 16:19:55,196 - INFO - Ci : 2.18, Ds : -3.04°
2025-08-14 16:19:55,196 - INFO - Abeille n°50
2025-08-14 16:19:55,196 - INFO - Ci : 2.8, Ds : +2.7°
2025-08-14 16:19:55,196 - INFO - Abeille n°51
2025-08-14 16:19:55,196 - INFO - Ci : 2.09, Ds : -1.83°
2025-08-14 16:19:55,196 - INFO - Abeille n°52
2025-08-14 16:19:55,196 - INFO - Ci : 2.38, Ds : -1.5°
2025-08-14 16:19:55,196 - INFO - Abeille n°53
2025-08-14 16:19:55,196 - INFO - Ci : 2.18, Ds : +0.04°
2025-08-14 16:19:55,196 - INFO - Abeille n°54
2025-08-14 16:19:55,196 - INFO - Ci : 2.56, Ds : +2.99°
2025-08-14 16:19:55,196 - INFO - Abeille n°55
2025-08-14 16:19:55,196 - INFO - Ci : 2.21, Ds : -0.3°
2025-08-14 16:19:55,196 - INFO - Abeille n°56
2025-08-14 16:19:55,196 - INFO - Ci : 2.22, Ds : -4.1°
2025-08-14 16:19:55,196 - INFO - Abeille n°57
2025-08-14 16:19:55,196 - INFO - Ci : 2.31, Ds : +6.08°
2025-08-14 16:19:55,196 - INFO - Abeille n°58
2025-08-14 16:19:55,196 - INFO - Ci : 2.18, Ds : +1.09°
2025-08-14 16:19:55,196 - INFO - Abeille n°59
2025-08-14 16:19:55,196 - INFO - Ci : 2.62, Ds : +0.4°
2025-08-14 16:19:55,196 - INFO - Abeille n°60
2025-08-14 16:19:55,196 - INFO - Ci : 2.0, Ds : +5.55°
2025-08-14 16:19:55,196 - INFO - Abeille n°61
2025-08-14 16:19:55,196 - INFO - Ci : 2.8, Ds : +6.58°
2025-08-14 16:19:55,196 - INFO - Abeille n°62
2025-08-14 16:19:55,196 - INFO - Ci : 1.34, Ds : +1.0°
2025-08-14 16:19:55,196 - INFO - Abeille n°63
2025-08-14 16:19:55,196 - INFO - Ci : 2.14, Ds : +2.75°
2025-08-14 16:19:55,196 - INFO - Abeille n°64
2025-08-14 16:19:55,196 - INFO - Ci : 2.56, Ds : +4.53°
2025-08-14 16:19:55,196 - INFO - Abeille n°65
2025-08-14 16:19:55,196 - INFO - Ci : 2.11, Ds : +0.52°
2025-08-14 16:19:55,196 - INFO - Abeille n°66
2025-08-14 16:19:55,196 - INFO - Ci : 2.91, Ds : +3.15°
2025-08-14 16:19:55,196 - INFO - Abeille n°67
2025-08-14 16:19:55,196 - INFO - Ci : 1.54, Ds : +4.19°
2025-08-14 16:19:55,196 - INFO - Abeille n°69
2025-08-14 16:19:55,196 - INFO - Ci : 2.25, Ds : -1.89°
2025-08-14 16:19:55,196 - INFO - Abeille n°70
2025-08-14 16:19:55,196 - INFO - Ci : 1.87, Ds : -3.33°
2025-08-14 16:19:57,077 - INFO - Attention : l'abeille 68 n'a pas été trouvée dans le fichier de résultats
2025-08-14 16:20:01,866 - INFO - Lancement de l'analyse : calcul de l'histogramme des indices + scatter plots DS vs CI
2025-08-14 16:20:01,866 - INFO - calcul de l'histogramme de l'indice cubital
2025-08-14 16:20:09,878 - INFO - Lancement de l'analyse : calcul de l'histogramme des indices + scatter plots DS vs CI
2025-08-14 16:20:09,878 - INFO - calcul de l'histogramme de l'indice cubital
2025-08-14 16:20:17,260 - INFO - Lancement de l'analyse : calcul de l'histogramme des indices + scatter plots DS vs CI
2025-08-14 16:20:17,260 - INFO - calcul de l'histogramme de l'indice cubital
