2025-08-13 22:43:34,084 - INFO - Démarrage du programme
2025-08-13 22:43:34,084 - INFO - nettoyage du dossier 'out' : c:\Users\nicol\Documents\ABEILLES\beeReal\core\..\\out
2025-08-13 22:43:34,084 - INFO - suppression du fichier c:\Users\nicol\Documents\ABEILLES\beeReal\core\..\\out\1_out.jpg
2025-08-13 22:43:34,084 - INFO - suppression du fichier c:\Users\nicol\Documents\ABEILLES\beeReal\core\..\\out\results.txt
2025-08-13 22:43:34,084 - INFO - nettoyage du dossier 'in' : c:\Users\nicol\Documents\ABEILLES\beeReal\core\..\\in
2025-08-13 22:43:34,084 - INFO - suppression du fichier c:\Users\nicol\Documents\ABEILLES\beeReal\core\..\\in\1_in.jpg
2025-08-13 22:43:34,084 - INFO - nettoyage du dossier 'tmp' : c:\Users\nicol\Documents\ABEILLES\beeReal\core\..\\tmp
2025-08-13 22:43:34,084 - INFO - suppression du fichier c:\Users\nicol\Documents\ABEILLES\beeReal\core\..\\tmp\1_in_CI_1_DS_0___13_08_2025___22_41_21.jpg
2025-08-13 22:43:34,084 - INFO - suppression du fichier c:\Users\nicol\Documents\ABEILLES\beeReal\core\..\\tmp\1_in_CI_2_DS_0___13_08_2025___22_41_22.jpg
2025-08-13 22:43:34,086 - INFO - suppression du fichier c:\Users\nicol\Documents\ABEILLES\beeReal\core\..\\tmp\1_in_CI_3_DS_0___13_08_2025___22_41_23.jpg
2025-08-13 22:43:34,087 - INFO - suppression du fichier c:\Users\nicol\Documents\ABEILLES\beeReal\core\..\\tmp\1_in_CI_3_DS_1___13_08_2025___22_41_24.jpg
2025-08-13 22:43:34,087 - INFO - suppression du fichier c:\Users\nicol\Documents\ABEILLES\beeReal\core\..\\tmp\1_in_CI_3_DS_2___13_08_2025___22_41_25.jpg
2025-08-13 22:43:34,087 - INFO - suppression du fichier c:\Users\nicol\Documents\ABEILLES\beeReal\core\..\\tmp\1_in_CI_3_DS_3___13_08_2025___22_41_27.jpg
2025-08-13 22:43:34,087 - INFO - suppression du fichier c:\Users\nicol\Documents\ABEILLES\beeReal\core\..\\tmp\1_in_CI_3_DS_4___13_08_2025___22_41_28.jpg
2025-08-13 22:43:34,087 - INFO - suppression du fichier c:\Users\nicol\Documents\ABEILLES\beeReal\core\..\\tmp\1_in___13_08_2025___22_41_20.jpg
2025-08-13 22:43:34,090 - INFO - Génération du fichier de résultats c:\Users\nicol\Documents\ABEILLES\beeReal\core\..\\out\results.txt
2025-08-13 22:43:57,062 - INFO - Image 1 : c:\Users\nicol\Documents\ABEILLES\beeReal\core\..\\in\1_in.jpg
2025-08-13 22:43:58,550 - INFO - Edition de l'image : 1_in.jpg
2025-08-13 22:43:58,552 - INFO - Copie du fichier : c:\Users\nicol\Documents\ABEILLES\beeReal\core\..\\in\1_in.jpg >> c:\Users\nicol\Documents\ABEILLES\beeReal\core\..\\tmp\1_in___13_08_2025___22_43_58.jpg
2025-08-13 22:43:58,587 - INFO - Edition de l'image 1
2025-08-13 22:43:58,587 - INFO - ----------------------
2025-08-13 22:44:18,081 - INFO - Point Ci n°1 : (i,j)=(287, 1401)
2025-08-13 22:44:18,081 - INFO - Point Ci n°2 : (i,j)=(308, 1488)
2025-08-13 22:44:18,081 - INFO - Point Ci n°3 : (i,j)=(296, 1537)
2025-08-13 22:44:18,081 - INFO - ----------------------
2025-08-13 22:44:18,081 - INFO - Point Ds n°1 : (i,j)=(171, 1111)
2025-08-13 22:44:18,081 - INFO - Point Ds n°2 : (i,j)=(168, 1369)
2025-08-13 22:44:18,081 - INFO - Point Ds n°3 : (i,j)=(84, 1750)
2025-08-13 22:44:18,081 - INFO - Point Ds n°4 : (i,j)=(448, 1421)
2025-08-13 22:44:18,120 - INFO - Indice cubital Abeille #1) : 1.7740765881629734
2025-08-13 22:44:18,120 - INFO - Shift discoidal Abeille #1) : 2.75063432°
2025-08-13 22:44:18,134 - INFO - Image sauvegardée : c:\Users\nicol\Documents\ABEILLES\beeReal\core\..\\out\1_out.jpg
2025-08-13 22:44:18,149 - INFO - Les infos ont été ajoutées sur l'image.
