2025-08-03 13:29:39,795 - INFO - Démarrage du programme
2025-08-03 13:29:39,796 - INFO - nettoyage du dossier 'out' : c:\Users\nicol\Documents\ABEILLES\logiciel\blackBeeID\\out
2025-08-03 13:29:39,796 - INFO - suppression du fichier c:\Users\nicol\Documents\ABEILLES\logiciel\blackBeeID\\out\11_out.jpg
2025-08-03 13:29:39,796 - INFO - suppression du fichier c:\Users\nicol\Documents\ABEILLES\logiciel\blackBeeID\\out\results.txt
2025-08-03 13:29:39,797 - INFO - nettoyage du dossier 'in' : c:\Users\nicol\Documents\ABEILLES\logiciel\blackBeeID\\in
2025-08-03 13:29:39,797 - INFO - suppression du fichier c:\Users\nicol\Documents\ABEILLES\logiciel\blackBeeID\\in\11_in.jpg
2025-08-03 13:29:39,797 - INFO - nettoyage du dossier 'tmp' : c:\Users\nicol\Documents\ABEILLES\logiciel\blackBeeID\\tmp
2025-08-03 13:29:39,798 - INFO - suppression du fichier c:\Users\nicol\Documents\ABEILLES\logiciel\blackBeeID\\tmp\11_in_CI_1_DS_0___03_08_2025___13_28_02.jpg
2025-08-03 13:29:39,798 - INFO - suppression du fichier c:\Users\nicol\Documents\ABEILLES\logiciel\blackBeeID\\tmp\11_in_CI_2_DS_0___03_08_2025___13_28_05.jpg
2025-08-03 13:29:39,798 - INFO - suppression du fichier c:\Users\nicol\Documents\ABEILLES\logiciel\blackBeeID\\tmp\11_in_CI_3_DS_0___03_08_2025___13_28_07.jpg
2025-08-03 13:29:39,799 - INFO - suppression du fichier c:\Users\nicol\Documents\ABEILLES\logiciel\blackBeeID\\tmp\11_in_CI_3_DS_1___03_08_2025___13_28_10.jpg
2025-08-03 13:29:39,799 - INFO - suppression du fichier c:\Users\nicol\Documents\ABEILLES\logiciel\blackBeeID\\tmp\11_in_CI_3_DS_2___03_08_2025___13_28_12.jpg
2025-08-03 13:29:39,799 - INFO - suppression du fichier c:\Users\nicol\Documents\ABEILLES\logiciel\blackBeeID\\tmp\11_in_CI_3_DS_3___03_08_2025___13_28_15.jpg
2025-08-03 13:29:39,800 - INFO - suppression du fichier c:\Users\nicol\Documents\ABEILLES\logiciel\blackBeeID\\tmp\11_in_CI_3_DS_4___03_08_2025___13_28_17.jpg
2025-08-03 13:29:39,800 - INFO - suppression du fichier c:\Users\nicol\Documents\ABEILLES\logiciel\blackBeeID\\tmp\11_in___03_08_2025___13_27_59.jpg
2025-08-03 13:29:39,800 - INFO - Génération du fichier de résultats c:\Users\nicol\Documents\ABEILLES\logiciel\blackBeeID\\out\results.txt
2025-08-03 13:30:07,438 - INFO - Image n°1 : c:\Users\nicol\Documents\ABEILLES\logiciel\blackBeeID\\in\1_in.jpg
2025-08-03 13:30:08,270 - INFO - Edition de l'image : 1_in.jpg
2025-08-03 13:30:08,278 - INFO - Copie du fichier : c:\Users\nicol\Documents\ABEILLES\logiciel\blackBeeID\\in\1_in.jpg >> c:\Users\nicol\Documents\ABEILLES\logiciel\blackBeeID\\tmp\1_in___03_08_2025___13_30_08.jpg
2025-08-03 13:30:08,308 - INFO - Edition de l'image n°1
2025-08-03 13:30:08,309 - INFO - ----------------------
2025-08-03 13:30:17,365 - INFO - Point Ci n°1 : (i,j)=(210, 383)
2025-08-03 13:30:17,365 - INFO - Point Ci n°2 : (i,j)=(210, 523)
2025-08-03 13:30:17,365 - INFO - Point Ci n°3 : (i,j)=(212, 578)
2025-08-03 13:30:17,365 - INFO - ----------------------
2025-08-03 13:30:17,365 - INFO - Point Ds n°1 : (i,j)=(132, 374)
2025-08-03 13:30:17,365 - INFO - Point Ds n°2 : (i,j)=(151, 533)
2025-08-03 13:30:17,365 - INFO - Point Ds n°3 : (i,j)=(96, 639)
2025-08-03 13:30:17,365 - INFO - Point Ds n°4 : (i,j)=(313, 576)
2025-08-03 13:30:17,389 - INFO - Indice cubital Abeille #1) : 2.543773267500009
2025-08-03 13:30:17,389 - INFO - Shift discoidal Abeille #1) : 7.11219563°
2025-08-03 13:30:17,401 - INFO - Image sauvegardée : c:\Users\nicol\Documents\ABEILLES\logiciel\blackBeeID\\out\1_out.jpg
2025-08-03 13:30:17,415 - INFO - Les infos ont été ajoutées sur l'image.
2025-08-03 13:30:25,739 - INFO - L'analyse '2025-08-03' a bien été enregistrée dans C:/Users/nicol/Desktop
