2025-07-29 21:58:21,951 - INFO - Démarrage du programme
2025-07-29 21:58:21,951 - INFO - nettoyage du dossier 'out' : C:\Users\nicol\Documents\ABEILLES\logiciel\blackBeeID\out
2025-07-29 21:58:21,952 - INFO - suppression du fichier C:\Users\nicol\Documents\ABEILLES\logiciel\blackBeeID\out\0_histogramme_RUTTNER_mellifera.png
2025-07-29 21:58:21,952 - INFO - suppression du fichier C:\Users\nicol\Documents\ABEILLES\logiciel\blackBeeID\out\10_out.jpg
2025-07-29 21:58:21,952 - INFO - suppression du fichier C:\Users\nicol\Documents\ABEILLES\logiciel\blackBeeID\out\11_out.jpg
2025-07-29 21:58:21,953 - INFO - suppression du fichier C:\Users\nicol\Documents\ABEILLES\logiciel\blackBeeID\out\12_out.jpg
2025-07-29 21:58:21,953 - INFO - suppression du fichier C:\Users\nicol\Documents\ABEILLES\logiciel\blackBeeID\out\13_out.jpg
2025-07-29 21:58:21,954 - INFO - suppression du fichier C:\Users\nicol\Documents\ABEILLES\logiciel\blackBeeID\out\14_out.jpg
2025-07-29 21:58:21,954 - INFO - suppression du fichier C:\Users\nicol\Documents\ABEILLES\logiciel\blackBeeID\out\15_out.jpg
2025-07-29 21:58:21,954 - INFO - suppression du fichier C:\Users\nicol\Documents\ABEILLES\logiciel\blackBeeID\out\16_out.jpg
2025-07-29 21:58:21,955 - INFO - suppression du fichier C:\Users\nicol\Documents\ABEILLES\logiciel\blackBeeID\out\17_out.jpg
2025-07-29 21:58:21,955 - INFO - suppression du fichier C:\Users\nicol\Documents\ABEILLES\logiciel\blackBeeID\out\18_out.jpg
2025-07-29 21:58:21,955 - INFO - suppression du fichier C:\Users\nicol\Documents\ABEILLES\logiciel\blackBeeID\out\19_out.jpg
2025-07-29 21:58:21,956 - INFO - suppression du fichier C:\Users\nicol\Documents\ABEILLES\logiciel\blackBeeID\out\1_histogramme_RUTTNER_caucasica.png
2025-07-29 21:58:21,956 - INFO - suppression du fichier C:\Users\nicol\Documents\ABEILLES\logiciel\blackBeeID\out\1_out.jpg
2025-07-29 21:58:21,956 - INFO - suppression du fichier C:\Users\nicol\Documents\ABEILLES\logiciel\blackBeeID\out\20_out.jpg
2025-07-29 21:58:21,957 - INFO - suppression du fichier C:\Users\nicol\Documents\ABEILLES\logiciel\blackBeeID\out\21_out.jpg
2025-07-29 21:58:21,957 - INFO - suppression du fichier C:\Users\nicol\Documents\ABEILLES\logiciel\blackBeeID\out\22_out.jpg
2025-07-29 21:58:21,957 - INFO - suppression du fichier C:\Users\nicol\Documents\ABEILLES\logiciel\blackBeeID\out\23_out.jpg
2025-07-29 21:58:21,958 - INFO - suppression du fichier C:\Users\nicol\Documents\ABEILLES\logiciel\blackBeeID\out\24_out.jpg
2025-07-29 21:58:21,958 - INFO - suppression du fichier C:\Users\nicol\Documents\ABEILLES\logiciel\blackBeeID\out\25_out.jpg
2025-07-29 21:58:21,958 - INFO - suppression du fichier C:\Users\nicol\Documents\ABEILLES\logiciel\blackBeeID\out\26_out.jpg
2025-07-29 21:58:21,958 - INFO - suppression du fichier C:\Users\nicol\Documents\ABEILLES\logiciel\blackBeeID\out\27_out.jpg
2025-07-29 21:58:21,959 - INFO - suppression du fichier C:\Users\nicol\Documents\ABEILLES\logiciel\blackBeeID\out\28_out.jpg
2025-07-29 21:58:21,959 - INFO - suppression du fichier C:\Users\nicol\Documents\ABEILLES\logiciel\blackBeeID\out\29_out.jpg
2025-07-29 21:58:21,959 - INFO - suppression du fichier C:\Users\nicol\Documents\ABEILLES\logiciel\blackBeeID\out\2_histogramme_RUTTNER_ligustica.png
2025-07-29 21:58:21,959 - INFO - suppression du fichier C:\Users\nicol\Documents\ABEILLES\logiciel\blackBeeID\out\2_out.jpg
2025-07-29 21:58:21,960 - INFO - suppression du fichier C:\Users\nicol\Documents\ABEILLES\logiciel\blackBeeID\out\30_out.jpg
2025-07-29 21:58:21,960 - INFO - suppression du fichier C:\Users\nicol\Documents\ABEILLES\logiciel\blackBeeID\out\31_out.jpg
2025-07-29 21:58:21,960 - INFO - suppression du fichier C:\Users\nicol\Documents\ABEILLES\logiciel\blackBeeID\out\32_out.jpg
2025-07-29 21:58:21,960 - INFO - suppression du fichier C:\Users\nicol\Documents\ABEILLES\logiciel\blackBeeID\out\33_out.jpg
2025-07-29 21:58:21,961 - INFO - suppression du fichier C:\Users\nicol\Documents\ABEILLES\logiciel\blackBeeID\out\34_out.jpg
2025-07-29 21:58:21,961 - INFO - suppression du fichier C:\Users\nicol\Documents\ABEILLES\logiciel\blackBeeID\out\35_out.jpg
2025-07-29 21:58:21,961 - INFO - suppression du fichier C:\Users\nicol\Documents\ABEILLES\logiciel\blackBeeID\out\36_out.jpg
2025-07-29 21:58:21,962 - INFO - suppression du fichier C:\Users\nicol\Documents\ABEILLES\logiciel\blackBeeID\out\37_out.jpg
2025-07-29 21:58:21,962 - INFO - suppression du fichier C:\Users\nicol\Documents\ABEILLES\logiciel\blackBeeID\out\38_out.jpg
2025-07-29 21:58:21,963 - INFO - suppression du fichier C:\Users\nicol\Documents\ABEILLES\logiciel\blackBeeID\out\39_out.jpg
2025-07-29 21:58:21,963 - INFO - suppression du fichier C:\Users\nicol\Documents\ABEILLES\logiciel\blackBeeID\out\3_histogramme_RUTTNER_carnica.png
2025-07-29 21:58:21,963 - INFO - suppression du fichier C:\Users\nicol\Documents\ABEILLES\logiciel\blackBeeID\out\3_out.jpg
2025-07-29 21:58:21,963 - INFO - suppression du fichier C:\Users\nicol\Documents\ABEILLES\logiciel\blackBeeID\out\40_out.jpg
2025-07-29 21:58:21,964 - INFO - suppression du fichier C:\Users\nicol\Documents\ABEILLES\logiciel\blackBeeID\out\41_out.jpg
2025-07-29 21:58:21,964 - INFO - suppression du fichier C:\Users\nicol\Documents\ABEILLES\logiciel\blackBeeID\out\42_out.jpg
2025-07-29 21:58:21,964 - INFO - suppression du fichier C:\Users\nicol\Documents\ABEILLES\logiciel\blackBeeID\out\43_out.jpg
2025-07-29 21:58:21,964 - INFO - suppression du fichier C:\Users\nicol\Documents\ABEILLES\logiciel\blackBeeID\out\44_out.jpg
2025-07-29 21:58:21,965 - INFO - suppression du fichier C:\Users\nicol\Documents\ABEILLES\logiciel\blackBeeID\out\45_out.jpg
2025-07-29 21:58:21,965 - INFO - suppression du fichier C:\Users\nicol\Documents\ABEILLES\logiciel\blackBeeID\out\46_out.jpg
2025-07-29 21:58:21,965 - INFO - suppression du fichier C:\Users\nicol\Documents\ABEILLES\logiciel\blackBeeID\out\47_out.jpg
2025-07-29 21:58:21,966 - INFO - suppression du fichier C:\Users\nicol\Documents\ABEILLES\logiciel\blackBeeID\out\48_out.jpg
2025-07-29 21:58:21,966 - INFO - suppression du fichier C:\Users\nicol\Documents\ABEILLES\logiciel\blackBeeID\out\49_out.jpg
2025-07-29 21:58:21,967 - INFO - suppression du fichier C:\Users\nicol\Documents\ABEILLES\logiciel\blackBeeID\out\4_out.jpg
2025-07-29 21:58:21,967 - INFO - suppression du fichier C:\Users\nicol\Documents\ABEILLES\logiciel\blackBeeID\out\50_out.jpg
2025-07-29 21:58:21,967 - INFO - suppression du fichier C:\Users\nicol\Documents\ABEILLES\logiciel\blackBeeID\out\51_out.jpg
2025-07-29 21:58:21,967 - INFO - suppression du fichier C:\Users\nicol\Documents\ABEILLES\logiciel\blackBeeID\out\52_out.jpg
2025-07-29 21:58:21,968 - INFO - suppression du fichier C:\Users\nicol\Documents\ABEILLES\logiciel\blackBeeID\out\53_out.jpg
2025-07-29 21:58:21,968 - INFO - suppression du fichier C:\Users\nicol\Documents\ABEILLES\logiciel\blackBeeID\out\54_out.jpg
2025-07-29 21:58:21,968 - INFO - suppression du fichier C:\Users\nicol\Documents\ABEILLES\logiciel\blackBeeID\out\55_out.jpg
2025-07-29 21:58:21,969 - INFO - suppression du fichier C:\Users\nicol\Documents\ABEILLES\logiciel\blackBeeID\out\56_out.jpg
2025-07-29 21:58:21,969 - INFO - suppression du fichier C:\Users\nicol\Documents\ABEILLES\logiciel\blackBeeID\out\57_out.jpg
2025-07-29 21:58:21,969 - INFO - suppression du fichier C:\Users\nicol\Documents\ABEILLES\logiciel\blackBeeID\out\58_out.jpg
2025-07-29 21:58:21,969 - INFO - suppression du fichier C:\Users\nicol\Documents\ABEILLES\logiciel\blackBeeID\out\59_out.jpg
2025-07-29 21:58:21,969 - INFO - suppression du fichier C:\Users\nicol\Documents\ABEILLES\logiciel\blackBeeID\out\5_out.jpg
2025-07-29 21:58:21,970 - INFO - suppression du fichier C:\Users\nicol\Documents\ABEILLES\logiciel\blackBeeID\out\60_out.jpg
2025-07-29 21:58:21,970 - INFO - suppression du fichier C:\Users\nicol\Documents\ABEILLES\logiciel\blackBeeID\out\61_out.jpg
2025-07-29 21:58:21,970 - INFO - suppression du fichier C:\Users\nicol\Documents\ABEILLES\logiciel\blackBeeID\out\62_out.jpg
2025-07-29 21:58:21,971 - INFO - suppression du fichier C:\Users\nicol\Documents\ABEILLES\logiciel\blackBeeID\out\63_out.jpg
2025-07-29 21:58:21,971 - INFO - suppression du fichier C:\Users\nicol\Documents\ABEILLES\logiciel\blackBeeID\out\64_out.jpg
2025-07-29 21:58:21,971 - INFO - suppression du fichier C:\Users\nicol\Documents\ABEILLES\logiciel\blackBeeID\out\65_out.jpg
2025-07-29 21:58:21,972 - INFO - suppression du fichier C:\Users\nicol\Documents\ABEILLES\logiciel\blackBeeID\out\6_out.jpg
2025-07-29 21:58:21,972 - INFO - suppression du fichier C:\Users\nicol\Documents\ABEILLES\logiciel\blackBeeID\out\7_out.jpg
2025-07-29 21:58:21,972 - INFO - suppression du fichier C:\Users\nicol\Documents\ABEILLES\logiciel\blackBeeID\out\8_out.jpg
2025-07-29 21:58:21,972 - INFO - suppression du fichier C:\Users\nicol\Documents\ABEILLES\logiciel\blackBeeID\out\9_out.jpg
2025-07-29 21:58:21,973 - INFO - suppression du fichier C:\Users\nicol\Documents\ABEILLES\logiciel\blackBeeID\out\abacus_RUTTNER.txt
2025-07-29 21:58:21,973 - INFO - suppression du fichier C:\Users\nicol\Documents\ABEILLES\logiciel\blackBeeID\out\results.txt
2025-07-29 21:58:21,973 - INFO - suppression du fichier C:\Users\nicol\Documents\ABEILLES\logiciel\blackBeeID\out\scatter_plot.png
2025-07-29 21:58:21,974 - INFO - nettoyage du dossier 'in' : C:\Users\nicol\Documents\ABEILLES\logiciel\blackBeeID\in
2025-07-29 21:58:21,974 - INFO - suppression du fichier C:\Users\nicol\Documents\ABEILLES\logiciel\blackBeeID\in\10_in.jpg
2025-07-29 21:58:21,975 - INFO - suppression du fichier C:\Users\nicol\Documents\ABEILLES\logiciel\blackBeeID\in\11_in.jpg
2025-07-29 21:58:21,975 - INFO - suppression du fichier C:\Users\nicol\Documents\ABEILLES\logiciel\blackBeeID\in\12_in.jpg
2025-07-29 21:58:21,975 - INFO - suppression du fichier C:\Users\nicol\Documents\ABEILLES\logiciel\blackBeeID\in\13_in.jpg
2025-07-29 21:58:21,976 - INFO - suppression du fichier C:\Users\nicol\Documents\ABEILLES\logiciel\blackBeeID\in\14_in.jpg
2025-07-29 21:58:21,976 - INFO - suppression du fichier C:\Users\nicol\Documents\ABEILLES\logiciel\blackBeeID\in\15_in.jpg
2025-07-29 21:58:21,977 - INFO - suppression du fichier C:\Users\nicol\Documents\ABEILLES\logiciel\blackBeeID\in\16_in.jpg
2025-07-29 21:58:21,977 - INFO - suppression du fichier C:\Users\nicol\Documents\ABEILLES\logiciel\blackBeeID\in\17_in.jpg
2025-07-29 21:58:21,977 - INFO - suppression du fichier C:\Users\nicol\Documents\ABEILLES\logiciel\blackBeeID\in\18_in.jpg
2025-07-29 21:58:21,977 - INFO - suppression du fichier C:\Users\nicol\Documents\ABEILLES\logiciel\blackBeeID\in\19_in.jpg
2025-07-29 21:58:21,978 - INFO - suppression du fichier C:\Users\nicol\Documents\ABEILLES\logiciel\blackBeeID\in\1_in.jpg
2025-07-29 21:58:21,978 - INFO - suppression du fichier C:\Users\nicol\Documents\ABEILLES\logiciel\blackBeeID\in\20_in.jpg
2025-07-29 21:58:21,978 - INFO - suppression du fichier C:\Users\nicol\Documents\ABEILLES\logiciel\blackBeeID\in\21_in.jpg
2025-07-29 21:58:21,979 - INFO - suppression du fichier C:\Users\nicol\Documents\ABEILLES\logiciel\blackBeeID\in\22_in.jpg
2025-07-29 21:58:21,979 - INFO - suppression du fichier C:\Users\nicol\Documents\ABEILLES\logiciel\blackBeeID\in\23_in.jpg
2025-07-29 21:58:21,979 - INFO - suppression du fichier C:\Users\nicol\Documents\ABEILLES\logiciel\blackBeeID\in\24_in.jpg
2025-07-29 21:58:21,980 - INFO - suppression du fichier C:\Users\nicol\Documents\ABEILLES\logiciel\blackBeeID\in\25_in.jpg
2025-07-29 21:58:21,980 - INFO - suppression du fichier C:\Users\nicol\Documents\ABEILLES\logiciel\blackBeeID\in\26_in.jpg
2025-07-29 21:58:21,980 - INFO - suppression du fichier C:\Users\nicol\Documents\ABEILLES\logiciel\blackBeeID\in\27_in.jpg
2025-07-29 21:58:21,980 - INFO - suppression du fichier C:\Users\nicol\Documents\ABEILLES\logiciel\blackBeeID\in\28_in.jpg
2025-07-29 21:58:21,981 - INFO - suppression du fichier C:\Users\nicol\Documents\ABEILLES\logiciel\blackBeeID\in\29_in.jpg
2025-07-29 21:58:21,981 - INFO - suppression du fichier C:\Users\nicol\Documents\ABEILLES\logiciel\blackBeeID\in\2_in.jpg
2025-07-29 21:58:21,982 - INFO - suppression du fichier C:\Users\nicol\Documents\ABEILLES\logiciel\blackBeeID\in\30_in.jpg
2025-07-29 21:58:21,982 - INFO - suppression du fichier C:\Users\nicol\Documents\ABEILLES\logiciel\blackBeeID\in\31_in.jpg
2025-07-29 21:58:21,982 - INFO - suppression du fichier C:\Users\nicol\Documents\ABEILLES\logiciel\blackBeeID\in\32_in.jpg
2025-07-29 21:58:21,982 - INFO - suppression du fichier C:\Users\nicol\Documents\ABEILLES\logiciel\blackBeeID\in\33_in.jpg
2025-07-29 21:58:21,983 - INFO - suppression du fichier C:\Users\nicol\Documents\ABEILLES\logiciel\blackBeeID\in\34_in.jpg
2025-07-29 21:58:21,983 - INFO - suppression du fichier C:\Users\nicol\Documents\ABEILLES\logiciel\blackBeeID\in\35_in.jpg
2025-07-29 21:58:21,983 - INFO - suppression du fichier C:\Users\nicol\Documents\ABEILLES\logiciel\blackBeeID\in\36_in.jpg
2025-07-29 21:58:21,984 - INFO - suppression du fichier C:\Users\nicol\Documents\ABEILLES\logiciel\blackBeeID\in\37_in.jpg
2025-07-29 21:58:21,984 - INFO - suppression du fichier C:\Users\nicol\Documents\ABEILLES\logiciel\blackBeeID\in\38_in.jpg
2025-07-29 21:58:21,984 - INFO - suppression du fichier C:\Users\nicol\Documents\ABEILLES\logiciel\blackBeeID\in\39_in.jpg
2025-07-29 21:58:21,984 - INFO - suppression du fichier C:\Users\nicol\Documents\ABEILLES\logiciel\blackBeeID\in\3_in.jpg
2025-07-29 21:58:21,985 - INFO - suppression du fichier C:\Users\nicol\Documents\ABEILLES\logiciel\blackBeeID\in\40_in.jpg
2025-07-29 21:58:21,985 - INFO - suppression du fichier C:\Users\nicol\Documents\ABEILLES\logiciel\blackBeeID\in\41_in.jpg
2025-07-29 21:58:21,985 - INFO - suppression du fichier C:\Users\nicol\Documents\ABEILLES\logiciel\blackBeeID\in\42_in.jpg
2025-07-29 21:58:21,986 - INFO - suppression du fichier C:\Users\nicol\Documents\ABEILLES\logiciel\blackBeeID\in\43_in.jpg
2025-07-29 21:58:21,986 - INFO - suppression du fichier C:\Users\nicol\Documents\ABEILLES\logiciel\blackBeeID\in\44_in.jpg
2025-07-29 21:58:21,986 - INFO - suppression du fichier C:\Users\nicol\Documents\ABEILLES\logiciel\blackBeeID\in\45_in.jpg
2025-07-29 21:58:21,987 - INFO - suppression du fichier C:\Users\nicol\Documents\ABEILLES\logiciel\blackBeeID\in\46_in.jpg
2025-07-29 21:58:21,988 - INFO - suppression du fichier C:\Users\nicol\Documents\ABEILLES\logiciel\blackBeeID\in\47_in.jpg
2025-07-29 21:58:21,988 - INFO - suppression du fichier C:\Users\nicol\Documents\ABEILLES\logiciel\blackBeeID\in\48_in.jpg
2025-07-29 21:58:21,989 - INFO - suppression du fichier C:\Users\nicol\Documents\ABEILLES\logiciel\blackBeeID\in\49_in.jpg
2025-07-29 21:58:21,989 - INFO - suppression du fichier C:\Users\nicol\Documents\ABEILLES\logiciel\blackBeeID\in\4_in.jpg
2025-07-29 21:58:21,990 - INFO - suppression du fichier C:\Users\nicol\Documents\ABEILLES\logiciel\blackBeeID\in\50_in.jpg
2025-07-29 21:58:21,990 - INFO - suppression du fichier C:\Users\nicol\Documents\ABEILLES\logiciel\blackBeeID\in\51_in.jpg
2025-07-29 21:58:21,990 - INFO - suppression du fichier C:\Users\nicol\Documents\ABEILLES\logiciel\blackBeeID\in\52_in.jpg
2025-07-29 21:58:21,991 - INFO - suppression du fichier C:\Users\nicol\Documents\ABEILLES\logiciel\blackBeeID\in\53_in.jpg
2025-07-29 21:58:21,991 - INFO - suppression du fichier C:\Users\nicol\Documents\ABEILLES\logiciel\blackBeeID\in\54_in.jpg
2025-07-29 21:58:21,992 - INFO - suppression du fichier C:\Users\nicol\Documents\ABEILLES\logiciel\blackBeeID\in\55_in.jpg
2025-07-29 21:58:21,992 - INFO - suppression du fichier C:\Users\nicol\Documents\ABEILLES\logiciel\blackBeeID\in\56_in.jpg
2025-07-29 21:58:21,993 - INFO - suppression du fichier C:\Users\nicol\Documents\ABEILLES\logiciel\blackBeeID\in\57_in.jpg
2025-07-29 21:58:21,993 - INFO - suppression du fichier C:\Users\nicol\Documents\ABEILLES\logiciel\blackBeeID\in\58_in.jpg
2025-07-29 21:58:21,993 - INFO - suppression du fichier C:\Users\nicol\Documents\ABEILLES\logiciel\blackBeeID\in\59_in.jpg
2025-07-29 21:58:21,993 - INFO - suppression du fichier C:\Users\nicol\Documents\ABEILLES\logiciel\blackBeeID\in\5_in.jpg
2025-07-29 21:58:21,994 - INFO - suppression du fichier C:\Users\nicol\Documents\ABEILLES\logiciel\blackBeeID\in\60_in.jpg
2025-07-29 21:58:21,994 - INFO - suppression du fichier C:\Users\nicol\Documents\ABEILLES\logiciel\blackBeeID\in\61_in.jpg
2025-07-29 21:58:21,994 - INFO - suppression du fichier C:\Users\nicol\Documents\ABEILLES\logiciel\blackBeeID\in\62_in.jpg
2025-07-29 21:58:21,995 - INFO - suppression du fichier C:\Users\nicol\Documents\ABEILLES\logiciel\blackBeeID\in\63_in.jpg
2025-07-29 21:58:21,995 - INFO - suppression du fichier C:\Users\nicol\Documents\ABEILLES\logiciel\blackBeeID\in\64_in.jpg
2025-07-29 21:58:21,995 - INFO - suppression du fichier C:\Users\nicol\Documents\ABEILLES\logiciel\blackBeeID\in\65_in.jpg
2025-07-29 21:58:21,996 - INFO - suppression du fichier C:\Users\nicol\Documents\ABEILLES\logiciel\blackBeeID\in\6_in.jpg
2025-07-29 21:58:21,996 - INFO - suppression du fichier C:\Users\nicol\Documents\ABEILLES\logiciel\blackBeeID\in\7_in.jpg
2025-07-29 21:58:21,997 - INFO - suppression du fichier C:\Users\nicol\Documents\ABEILLES\logiciel\blackBeeID\in\8_in.jpg
2025-07-29 21:58:21,997 - INFO - suppression du fichier C:\Users\nicol\Documents\ABEILLES\logiciel\blackBeeID\in\9_in.jpg
2025-07-29 21:58:21,998 - INFO - nettoyage du dossier 'tmp' : C:\Users\nicol\Documents\ABEILLES\logiciel\blackBeeID\tmp
2025-07-29 21:58:22,006 - INFO - suppression du fichier C:\Users\nicol\Documents\ABEILLES\logiciel\blackBeeID\tmp\in
2025-07-29 21:58:22,008 - INFO - suppression du fichier C:\Users\nicol\Documents\ABEILLES\logiciel\blackBeeID\tmp\logs
2025-07-29 21:58:22,015 - INFO - suppression du fichier C:\Users\nicol\Documents\ABEILLES\logiciel\blackBeeID\tmp\out
2025-07-29 21:58:22,015 - INFO - Génération du fichier de résultats C:\Users\nicol\Documents\ABEILLES\logiciel\blackBeeID\out\results.txt
2025-07-29 21:58:51,600 - INFO - Chargement du projet 'C:/Users/nicol/Documents/ABEILLES/etudes/ma_ruche_v1_65.zip'
2025-07-29 21:58:52,540 - INFO - Affichage dans l'IHM des valeurs Ci et Ds
2025-07-29 21:58:52,541 - INFO - Abeille n°1
2025-07-29 21:58:52,541 - INFO - Ci : 1.77, Ds : +3.88°
2025-07-29 21:58:52,541 - INFO - Abeille n°2
2025-07-29 21:58:52,541 - INFO - Ci : 2.38, Ds : +1.05°
2025-07-29 21:58:52,542 - INFO - Abeille n°3
2025-07-29 21:58:52,542 - INFO - Ci : 2.91, Ds : +0.26°
2025-07-29 21:58:52,542 - INFO - Abeille n°4
2025-07-29 21:58:52,542 - INFO - Ci : 2.56, Ds : -2.08°
2025-07-29 21:58:52,543 - INFO - Abeille n°5
2025-07-29 21:58:52,543 - INFO - Ci : 2.07, Ds : +2.16°
2025-07-29 21:58:52,543 - INFO - Abeille n°6
2025-07-29 21:58:52,543 - INFO - Ci : 2.29, Ds : -1.51°
2025-07-29 21:58:52,543 - INFO - Abeille n°7
2025-07-29 21:58:52,543 - INFO - Ci : 2.48, Ds : +4.39°
2025-07-29 21:58:52,543 - INFO - Abeille n°8
2025-07-29 21:58:52,543 - INFO - Ci : 2.13, Ds : +2.5°
2025-07-29 21:58:52,544 - INFO - Abeille n°9
2025-07-29 21:58:52,544 - INFO - Ci : 2.16, Ds : +0.97°
2025-07-29 21:58:52,544 - INFO - Abeille n°10
2025-07-29 21:58:52,544 - INFO - Ci : 2.21, Ds : +4.0°
2025-07-29 21:58:52,544 - INFO - Abeille n°11
2025-07-29 21:58:52,544 - INFO - Ci : 1.99, Ds : +4.34°
2025-07-29 21:58:52,544 - INFO - Abeille n°12
2025-07-29 21:58:52,544 - INFO - Ci : 1.65, Ds : +2.03°
2025-07-29 21:58:52,544 - INFO - Abeille n°13
2025-07-29 21:58:52,544 - INFO - Ci : 2.97, Ds : +5.75°
2025-07-29 21:58:52,545 - INFO - Abeille n°14
2025-07-29 21:58:52,545 - INFO - Ci : 2.42, Ds : -2.05°
2025-07-29 21:58:52,545 - INFO - Abeille n°15
2025-07-29 21:58:52,545 - INFO - Ci : 2.75, Ds : +1.32°
2025-07-29 21:58:52,546 - INFO - Abeille n°16
2025-07-29 21:58:52,546 - INFO - Ci : 2.72, Ds : +3.06°
2025-07-29 21:58:52,546 - INFO - Abeille n°17
2025-07-29 21:58:52,546 - INFO - Ci : 1.96, Ds : -1.93°
2025-07-29 21:58:52,546 - INFO - Abeille n°18
2025-07-29 21:58:52,546 - INFO - Ci : 2.03, Ds : +0.07°
2025-07-29 21:58:52,546 - INFO - Abeille n°19
2025-07-29 21:58:52,546 - INFO - Ci : 2.91, Ds : -0.5°
2025-07-29 21:58:52,547 - INFO - Abeille n°20
2025-07-29 21:58:52,547 - INFO - Ci : 2.27, Ds : +0.06°
2025-07-29 21:58:52,547 - INFO - Abeille n°21
2025-07-29 21:58:52,547 - INFO - Ci : 2.82, Ds : +5.07°
2025-07-29 21:58:52,547 - INFO - Abeille n°22
2025-07-29 21:58:52,547 - INFO - Ci : 0.64, Ds : +3.17°
2025-07-29 21:58:52,547 - INFO - Abeille n°23
2025-07-29 21:58:52,547 - INFO - Ci : 1.85, Ds : +2.2°
2025-07-29 21:58:52,547 - INFO - Abeille n°24
2025-07-29 21:58:52,547 - INFO - Ci : 2.77, Ds : +8.26°
2025-07-29 21:58:52,547 - INFO - Abeille n°25
2025-07-29 21:58:52,547 - INFO - Ci : 2.35, Ds : -1.28°
2025-07-29 21:58:52,548 - INFO - Abeille n°26
2025-07-29 21:58:52,548 - INFO - Ci : 2.06, Ds : +0.0°
2025-07-29 21:58:52,548 - INFO - Abeille n°27
2025-07-29 21:58:52,548 - INFO - Ci : 2.47, Ds : -1.63°
2025-07-29 21:58:52,548 - INFO - Abeille n°28
2025-07-29 21:58:52,548 - INFO - Ci : 1.69, Ds : +3.34°
2025-07-29 21:58:52,548 - INFO - Abeille n°29
2025-07-29 21:58:52,548 - INFO - Ci : 1.7, Ds : +2.44°
2025-07-29 21:58:52,548 - INFO - Abeille n°30
2025-07-29 21:58:52,548 - INFO - Ci : 1.77, Ds : +1.65°
2025-07-29 21:58:52,548 - INFO - Abeille n°31
2025-07-29 21:58:52,548 - INFO - Ci : 2.28, Ds : +2.6°
2025-07-29 21:58:52,548 - INFO - Abeille n°32
2025-07-29 21:58:52,548 - INFO - Ci : 2.03, Ds : +1.84°
2025-07-29 21:58:52,549 - INFO - Abeille n°33
2025-07-29 21:58:52,549 - INFO - Ci : 2.35, Ds : -1.92°
2025-07-29 21:58:52,549 - INFO - Abeille n°34
2025-07-29 21:58:52,549 - INFO - Ci : 1.71, Ds : +1.17°
2025-07-29 21:58:52,549 - INFO - Abeille n°35
2025-07-29 21:58:52,549 - INFO - Ci : 1.69, Ds : +2.81°
2025-07-29 21:58:52,549 - INFO - Abeille n°36
2025-07-29 21:58:52,549 - INFO - Ci : 2.3, Ds : -1.58°
2025-07-29 21:58:52,549 - INFO - Abeille n°37
2025-07-29 21:58:52,549 - INFO - Ci : 2.38, Ds : -0.94°
2025-07-29 21:58:52,549 - INFO - Abeille n°38
2025-07-29 21:58:52,549 - INFO - Ci : 1.98, Ds : +1.74°
2025-07-29 21:58:52,550 - INFO - Abeille n°39
2025-07-29 21:58:52,550 - INFO - Ci : 1.7, Ds : +3.24°
2025-07-29 21:58:52,550 - INFO - Abeille n°40
2025-07-29 21:58:52,550 - INFO - Ci : 2.47, Ds : +5.56°
2025-07-29 21:58:52,550 - INFO - Abeille n°41
2025-07-29 21:58:52,550 - INFO - Ci : 1.95, Ds : +4.9°
2025-07-29 21:58:52,550 - INFO - Abeille n°42
2025-07-29 21:58:52,550 - INFO - Ci : 2.86, Ds : +5.54°
2025-07-29 21:58:52,550 - INFO - Abeille n°43
2025-07-29 21:58:52,550 - INFO - Ci : 2.04, Ds : +1.07°
2025-07-29 21:58:52,550 - INFO - Abeille n°44
2025-07-29 21:58:52,550 - INFO - Ci : 2.5, Ds : -0.5°
2025-07-29 21:58:52,551 - INFO - Abeille n°45
2025-07-29 21:58:52,551 - INFO - Ci : 1.85, Ds : +3.88°
2025-07-29 21:58:52,551 - INFO - Abeille n°46
2025-07-29 21:58:52,551 - INFO - Ci : 2.17, Ds : -2.52°
2025-07-29 21:58:52,551 - INFO - Abeille n°47
2025-07-29 21:58:52,551 - INFO - Ci : 2.78, Ds : +0.84°
2025-07-29 21:58:52,551 - INFO - Abeille n°48
2025-07-29 21:58:52,551 - INFO - Ci : 2.76, Ds : +6.19°
2025-07-29 21:58:52,551 - INFO - Abeille n°49
2025-07-29 21:58:52,551 - INFO - Ci : 2.18, Ds : -3.04°
2025-07-29 21:58:52,551 - INFO - Abeille n°50
2025-07-29 21:58:52,551 - INFO - Ci : 2.8, Ds : +2.7°
2025-07-29 21:58:52,552 - INFO - Abeille n°51
2025-07-29 21:58:52,552 - INFO - Ci : 2.09, Ds : -1.83°
2025-07-29 21:58:52,552 - INFO - Abeille n°52
2025-07-29 21:58:52,552 - INFO - Ci : 2.38, Ds : -1.5°
2025-07-29 21:58:52,552 - INFO - Abeille n°53
2025-07-29 21:58:52,552 - INFO - Ci : 2.18, Ds : +0.04°
2025-07-29 21:58:52,552 - INFO - Abeille n°54
2025-07-29 21:58:52,552 - INFO - Ci : 2.56, Ds : +2.99°
2025-07-29 21:58:52,552 - INFO - Abeille n°55
2025-07-29 21:58:52,553 - INFO - Ci : 2.21, Ds : -0.3°
2025-07-29 21:58:52,553 - INFO - Abeille n°56
2025-07-29 21:58:52,553 - INFO - Ci : 2.22, Ds : -4.1°
2025-07-29 21:58:52,553 - INFO - Abeille n°57
2025-07-29 21:58:52,553 - INFO - Ci : 2.31, Ds : +6.08°
2025-07-29 21:58:52,553 - INFO - Abeille n°58
2025-07-29 21:58:52,553 - INFO - Ci : 2.18, Ds : +1.09°
2025-07-29 21:58:52,553 - INFO - Abeille n°59
2025-07-29 21:58:52,553 - INFO - Ci : 2.62, Ds : +0.4°
2025-07-29 21:58:52,553 - INFO - Abeille n°60
2025-07-29 21:58:52,553 - INFO - Ci : 2.0, Ds : +5.55°
2025-07-29 21:58:52,553 - INFO - Abeille n°61
2025-07-29 21:58:52,553 - INFO - Ci : 2.8, Ds : +6.58°
2025-07-29 21:58:52,554 - INFO - Abeille n°62
2025-07-29 21:58:52,554 - INFO - Ci : 1.34, Ds : +1.0°
2025-07-29 21:58:52,554 - INFO - Abeille n°63
2025-07-29 21:58:52,554 - INFO - Ci : 2.14, Ds : +2.75°
2025-07-29 21:58:52,555 - INFO - Abeille n°64
2025-07-29 21:58:52,555 - INFO - Ci : 2.56, Ds : +4.53°
2025-07-29 21:58:52,555 - INFO - Abeille n°65
2025-07-29 21:58:52,555 - INFO - Ci : 2.11, Ds : +0.52°
2025-07-29 21:58:58,275 - INFO - Lancement de l'analyse : calcul de l'histogramme des indices + scatter plots DS vs CI
2025-07-29 21:58:58,275 - INFO - calcul de l'histogramme de l'indice cubital
