2025-10-17 23:55:34,603 - INFO - Load project 'C:/Users/nicol/Documents/ABEILLES/etudes/ma_ruche_comparaison_Deepwings_100.zip'
2025-10-17 23:55:36,169 - INFO - Affichage dans l'IHM des valeurs Ci et Ds
2025-10-17 23:55:36,169 - INFO - Abeille n°1
2025-10-17 23:55:36,169 - INFO - Ci : 1.9, Ds : +4.73°
2025-10-17 23:55:36,169 - INFO - Abeille n°2
2025-10-17 23:55:36,169 - INFO - Ci : 2.28, Ds : +1.67°
2025-10-17 23:55:36,169 - INFO - Abeille n°3
2025-10-17 23:55:36,169 - INFO - Ci : 2.97, Ds : +0.39°
2025-10-17 23:55:36,171 - INFO - Abeille n°4
2025-10-17 23:55:36,171 - INFO - Ci : 2.54, Ds : -1.84°
2025-10-17 23:55:36,171 - INFO - Abeille n°5
2025-10-17 23:55:36,171 - INFO - Ci : 2.09, Ds : +2.09°
2025-10-17 23:55:36,171 - INFO - Abeille n°6
2025-10-17 23:55:36,172 - INFO - Ci : 2.33, Ds : -2.0°
2025-10-17 23:55:36,172 - INFO - Abeille n°7
2025-10-17 23:55:36,172 - INFO - Ci : 2.34, Ds : +4.41°
2025-10-17 23:55:36,172 - INFO - Abeille n°8
2025-10-17 23:55:36,172 - INFO - Ci : 2.13, Ds : +2.58°
2025-10-17 23:55:36,172 - INFO - Abeille n°9
2025-10-17 23:55:36,172 - INFO - Ci : 2.25, Ds : +0.5°
2025-10-17 23:55:36,172 - INFO - Abeille n°10
2025-10-17 23:55:36,173 - INFO - Ci : 2.19, Ds : +4.91°
2025-10-17 23:55:36,173 - INFO - Abeille n°11
2025-10-17 23:55:36,173 - INFO - Ci : 1.99, Ds : +4.71°
2025-10-17 23:55:36,173 - INFO - Abeille n°12
2025-10-17 23:55:36,173 - INFO - Ci : 1.62, Ds : +2.04°
2025-10-17 23:55:36,173 - INFO - Abeille n°13
2025-10-17 23:55:36,173 - INFO - Ci : 2.97, Ds : +6.1°
2025-10-17 23:55:36,173 - INFO - Abeille n°14
2025-10-17 23:55:36,173 - INFO - Ci : 2.43, Ds : -2.17°
2025-10-17 23:55:36,174 - INFO - Abeille n°15
2025-10-17 23:55:36,174 - INFO - Ci : 2.42, Ds : +1.05°
2025-10-17 23:55:36,174 - INFO - Abeille n°16
2025-10-17 23:55:36,174 - INFO - Ci : 2.73, Ds : +2.8°
2025-10-17 23:55:36,174 - INFO - Abeille n°17
2025-10-17 23:55:36,175 - INFO - Ci : 1.81, Ds : -2.33°
2025-10-17 23:55:36,180 - INFO - Abeille n°18
2025-10-17 23:55:36,180 - INFO - Ci : 1.99, Ds : -0.76°
2025-10-17 23:55:36,182 - INFO - Abeille n°19
2025-10-17 23:55:36,182 - INFO - Ci : 2.71, Ds : +0.0°
2025-10-17 23:55:36,184 - INFO - Abeille n°20
2025-10-17 23:55:36,184 - INFO - Ci : 2.31, Ds : -0.43°
2025-10-17 23:55:36,189 - INFO - Abeille n°21
2025-10-17 23:55:36,189 - INFO - Ci : 2.77, Ds : +5.37°
2025-10-17 23:55:36,189 - INFO - Abeille n°22
2025-10-17 23:55:36,189 - INFO - Ci : 1.63, Ds : +3.1°
2025-10-17 23:55:36,190 - INFO - Abeille n°23
2025-10-17 23:55:36,190 - INFO - Ci : 1.82, Ds : +1.75°
2025-10-17 23:55:36,190 - INFO - Abeille n°24
2025-10-17 23:55:36,190 - INFO - Ci : 2.58, Ds : +8.24°
2025-10-17 23:55:36,190 - INFO - Abeille n°25
2025-10-17 23:55:36,190 - INFO - Ci : 2.42, Ds : -1.24°
2025-10-17 23:55:36,190 - INFO - Abeille n°26
2025-10-17 23:55:36,190 - INFO - Ci : 1.97, Ds : +0.0°
2025-10-17 23:55:36,190 - INFO - Abeille n°27
2025-10-17 23:55:36,190 - INFO - Ci : 2.27, Ds : -1.46°
2025-10-17 23:55:36,191 - INFO - Abeille n°28
2025-10-17 23:55:36,191 - INFO - Ci : 1.65, Ds : +3.52°
2025-10-17 23:55:36,191 - INFO - Abeille n°29
2025-10-17 23:55:36,191 - INFO - Ci : 1.67, Ds : +2.71°
2025-10-17 23:55:36,191 - INFO - Abeille n°30
2025-10-17 23:55:36,191 - INFO - Ci : 1.79, Ds : +1.98°
2025-10-17 23:55:36,191 - INFO - Abeille n°31
2025-10-17 23:55:36,191 - INFO - Ci : 2.43, Ds : +2.08°
2025-10-17 23:55:36,192 - INFO - Abeille n°32
2025-10-17 23:55:36,192 - INFO - Ci : 1.95, Ds : +2.16°
2025-10-17 23:55:36,192 - INFO - Abeille n°33
2025-10-17 23:55:36,192 - INFO - Ci : 2.41, Ds : -2.83°
2025-10-17 23:55:36,192 - INFO - Abeille n°34
2025-10-17 23:55:36,192 - INFO - Ci : 1.72, Ds : +1.12°
2025-10-17 23:55:36,192 - INFO - Abeille n°35
2025-10-17 23:55:36,192 - INFO - Ci : 1.76, Ds : +2.04°
2025-10-17 23:55:36,193 - INFO - Abeille n°36
2025-10-17 23:55:36,193 - INFO - Ci : 2.31, Ds : -0.71°
2025-10-17 23:55:36,193 - INFO - Abeille n°37
2025-10-17 23:55:36,193 - INFO - Ci : 2.36, Ds : -0.66°
2025-10-17 23:55:36,193 - INFO - Abeille n°38
2025-10-17 23:55:36,194 - INFO - Ci : 1.93, Ds : +1.98°
2025-10-17 23:55:36,194 - INFO - Abeille n°39
2025-10-17 23:55:36,194 - INFO - Ci : 1.69, Ds : +3.76°
2025-10-17 23:55:36,197 - INFO - Abeille n°40
2025-10-17 23:55:36,197 - INFO - Ci : 2.42, Ds : +5.84°
2025-10-17 23:55:36,199 - INFO - Abeille n°41
2025-10-17 23:55:36,199 - INFO - Ci : 1.9, Ds : +5.61°
2025-10-17 23:55:36,202 - INFO - Abeille n°42
2025-10-17 23:55:36,203 - INFO - Ci : 2.87, Ds : +5.74°
2025-10-17 23:55:36,203 - INFO - Abeille n°43
2025-10-17 23:55:36,203 - INFO - Ci : 2.03, Ds : +0.67°
2025-10-17 23:55:36,204 - INFO - Abeille n°44
2025-10-17 23:55:36,204 - INFO - Ci : 2.42, Ds : -0.95°
2025-10-17 23:55:36,209 - INFO - Abeille n°45
2025-10-17 23:55:36,209 - INFO - Ci : 1.72, Ds : +2.77°
2025-10-17 23:55:36,225 - INFO - Abeille n°46
2025-10-17 23:55:36,225 - INFO - Ci : 2.31, Ds : -2.16°
2025-10-17 23:55:36,226 - INFO - Abeille n°47
2025-10-17 23:55:36,226 - INFO - Ci : 2.63, Ds : +1.21°
2025-10-17 23:55:36,226 - INFO - Abeille n°48
2025-10-17 23:55:36,226 - INFO - Ci : 2.71, Ds : +6.34°
2025-10-17 23:55:36,227 - INFO - Abeille n°49
2025-10-17 23:55:36,227 - INFO - Ci : 2.26, Ds : -3.3°
2025-10-17 23:55:36,229 - INFO - Abeille n°50
2025-10-17 23:55:36,229 - INFO - Ci : 2.92, Ds : +2.84°
2025-10-17 23:55:36,233 - INFO - Abeille n°51
2025-10-17 23:55:36,233 - INFO - Ci : 2.23, Ds : -1.48°
2025-10-17 23:55:36,235 - INFO - Abeille n°52
2025-10-17 23:55:36,235 - INFO - Ci : 2.19, Ds : -1.14°
2025-10-17 23:55:36,235 - INFO - Abeille n°53
2025-10-17 23:55:36,235 - INFO - Ci : 2.14, Ds : +0.0°
2025-10-17 23:55:36,235 - INFO - Abeille n°54
2025-10-17 23:55:36,235 - INFO - Ci : 2.6, Ds : +2.84°
2025-10-17 23:55:36,236 - INFO - Abeille n°55
2025-10-17 23:55:36,236 - INFO - Ci : 2.28, Ds : +0.0°
2025-10-17 23:55:36,236 - INFO - Abeille n°56
2025-10-17 23:55:36,236 - INFO - Ci : 2.36, Ds : -3.63°
2025-10-17 23:55:36,236 - INFO - Abeille n°57
2025-10-17 23:55:36,236 - INFO - Ci : 2.25, Ds : +6.03°
2025-10-17 23:55:36,236 - INFO - Abeille n°58
2025-10-17 23:55:36,236 - INFO - Ci : 2.19, Ds : +1.16°
2025-10-17 23:55:36,237 - INFO - Abeille n°59
2025-10-17 23:55:36,237 - INFO - Ci : 2.51, Ds : +0.1°
2025-10-17 23:55:36,237 - INFO - Abeille n°60
2025-10-17 23:55:36,237 - INFO - Ci : 0.35, Ds : +5.68°
2025-10-17 23:55:36,237 - INFO - Abeille n°61
2025-10-17 23:55:36,237 - INFO - Ci : 2.52, Ds : +7.2°
2025-10-17 23:55:36,237 - INFO - Abeille n°62
2025-10-17 23:55:36,237 - INFO - Ci : 1.34, Ds : +1.19°
2025-10-17 23:55:36,237 - INFO - Abeille n°63
2025-10-17 23:55:36,237 - INFO - Ci : 2.21, Ds : +2.17°
2025-10-17 23:55:36,238 - INFO - Abeille n°64
2025-10-17 23:55:36,238 - INFO - Ci : 2.52, Ds : +4.19°
2025-10-17 23:55:36,238 - INFO - Abeille n°65
2025-10-17 23:55:36,238 - INFO - Ci : 2.08, Ds : +1.02°
2025-10-17 23:55:36,238 - INFO - Abeille n°66
2025-10-17 23:55:36,238 - INFO - Ci : 2.93, Ds : +2.42°
2025-10-17 23:55:36,238 - INFO - Abeille n°67
2025-10-17 23:55:36,238 - INFO - Ci : 1.56, Ds : +4.11°
2025-10-17 23:55:36,239 - INFO - Abeille n°68
2025-10-17 23:55:36,239 - INFO - Ci : 1.96, Ds : -88.21°
2025-10-17 23:55:36,239 - INFO - Abeille n°69
2025-10-17 23:55:36,239 - INFO - Ci : 2.18, Ds : -1.3°
2025-10-17 23:55:36,239 - INFO - Abeille n°70
2025-10-17 23:55:36,239 - INFO - Ci : 1.95, Ds : -3.41°
2025-10-17 23:55:36,240 - INFO - Abeille n°71
2025-10-17 23:55:36,240 - INFO - Ci : 2.01, Ds : -2.42°
2025-10-17 23:55:36,240 - INFO - Abeille n°72
2025-10-17 23:55:36,240 - INFO - Ci : 1.85, Ds : -3.38°
2025-10-17 23:55:36,240 - INFO - Abeille n°73
2025-10-17 23:55:36,240 - INFO - Ci : 4.49, Ds : +8.83°
2025-10-17 23:55:36,240 - INFO - Abeille n°74
2025-10-17 23:55:36,240 - INFO - Ci : 2.45, Ds : +0.0°
2025-10-17 23:55:36,240 - INFO - Abeille n°75
2025-10-17 23:55:36,241 - INFO - Ci : 2.3, Ds : +5.25°
2025-10-17 23:55:36,241 - INFO - Abeille n°76
2025-10-17 23:55:36,241 - INFO - Ci : 2.46, Ds : +4.08°
2025-10-17 23:55:36,241 - INFO - Abeille n°77
2025-10-17 23:55:36,241 - INFO - Ci : 1.97, Ds : -4.04°
2025-10-17 23:55:36,241 - INFO - Abeille n°78
2025-10-17 23:55:36,241 - INFO - Ci : 1.83, Ds : -0.34°
2025-10-17 23:55:36,241 - INFO - Abeille n°79
2025-10-17 23:55:36,242 - INFO - Ci : 1.75, Ds : -1.81°
2025-10-17 23:55:36,242 - INFO - Abeille n°80
2025-10-17 23:55:36,242 - INFO - Ci : 1.72, Ds : +1.27°
2025-10-17 23:55:36,242 - INFO - Abeille n°81
2025-10-17 23:55:36,242 - INFO - Ci : 2.22, Ds : +2.8°
2025-10-17 23:55:36,242 - INFO - Abeille n°82
2025-10-17 23:55:36,242 - INFO - Ci : 2.74, Ds : +5.35°
2025-10-17 23:55:36,242 - INFO - Abeille n°83
2025-10-17 23:55:36,243 - INFO - Ci : 2.07, Ds : -6.04°
2025-10-17 23:55:36,243 - INFO - Abeille n°84
2025-10-17 23:55:36,243 - INFO - Ci : 1.43, Ds : -0.66°
2025-10-17 23:55:36,243 - INFO - Abeille n°85
2025-10-17 23:55:36,243 - INFO - Ci : 1.79, Ds : -2.08°
2025-10-17 23:55:36,243 - INFO - Abeille n°86
2025-10-17 23:55:36,243 - INFO - Ci : 2.3, Ds : +4.24°
2025-10-17 23:55:36,249 - INFO - Abeille n°87
2025-10-17 23:55:36,249 - INFO - Ci : 1.75, Ds : +2.92°
2025-10-17 23:55:36,249 - INFO - Abeille n°88
2025-10-17 23:55:36,249 - INFO - Ci : 1.4, Ds : +0.41°
2025-10-17 23:55:36,249 - INFO - Abeille n°89
2025-10-17 23:55:36,249 - INFO - Ci : 1.66, Ds : +2.28°
2025-10-17 23:55:36,250 - INFO - Abeille n°90
2025-10-17 23:55:36,250 - INFO - Ci : 1.75, Ds : +1.59°
2025-10-17 23:55:36,250 - INFO - Abeille n°91
2025-10-17 23:55:36,250 - INFO - Ci : 2.64, Ds : +2.34°
2025-10-17 23:55:36,250 - INFO - Abeille n°92
2025-10-17 23:55:36,250 - INFO - Ci : 1.61, Ds : -4.0°
2025-10-17 23:55:36,250 - INFO - Abeille n°93
2025-10-17 23:55:36,250 - INFO - Ci : 1.64, Ds : -0.57°
2025-10-17 23:55:36,250 - INFO - Abeille n°94
2025-10-17 23:55:36,250 - INFO - Ci : 2.74, Ds : +4.37°
2025-10-17 23:55:36,252 - INFO - Abeille n°95
2025-10-17 23:55:36,252 - INFO - Ci : 2.05, Ds : -1.76°
2025-10-17 23:55:36,252 - INFO - Abeille n°96
2025-10-17 23:55:36,252 - INFO - Ci : 2.09, Ds : -2.31°
2025-10-17 23:55:36,252 - INFO - Abeille n°97
2025-10-17 23:55:36,252 - INFO - Ci : 2.13, Ds : -2.7°
2025-10-17 23:55:36,252 - INFO - Abeille n°98
2025-10-17 23:55:36,252 - INFO - Ci : 1.92, Ds : +0.27°
2025-10-17 23:55:36,253 - INFO - Abeille n°99
2025-10-17 23:55:36,253 - INFO - Ci : 2.58, Ds : +5.99°
2025-10-17 23:55:36,253 - INFO - Abeille n°100
2025-10-17 23:55:36,253 - INFO - Ci : 1.62, Ds : +1.53°
2025-10-17 23:55:44,396 - INFO - Load project 'C:/Users/nicol/Documents/ABEILLES/etudes/103/ruche_103_comp_deepwings.zip'
2025-10-17 23:55:45,248 - INFO - Affichage dans l'IHM des valeurs Ci et Ds
2025-10-17 23:55:45,249 - INFO - Abeille n°1
2025-10-17 23:55:45,249 - INFO - Ci : 2.19, Ds : +1.04°
2025-10-17 23:55:45,249 - INFO - Abeille n°2
2025-10-17 23:55:45,249 - INFO - Ci : 1.97, Ds : -2.07°
2025-10-17 23:55:45,249 - INFO - Abeille n°3
2025-10-17 23:55:45,249 - INFO - Ci : 1.91, Ds : +0.79°
2025-10-17 23:55:45,249 - INFO - Abeille n°4
2025-10-17 23:55:45,249 - INFO - Ci : 1.76, Ds : -0.88°
2025-10-17 23:55:45,249 - INFO - Abeille n°5
2025-10-17 23:55:45,251 - INFO - Ci : 2.17, Ds : +3.77°
2025-10-17 23:55:45,251 - INFO - Abeille n°6
2025-10-17 23:55:45,251 - INFO - Ci : 1.75, Ds : -2.83°
2025-10-17 23:55:45,251 - INFO - Abeille n°7
2025-10-17 23:55:45,251 - INFO - Ci : 2.64, Ds : +2.91°
2025-10-17 23:55:45,251 - INFO - Abeille n°8
2025-10-17 23:55:45,251 - INFO - Ci : 2.24, Ds : +0.48°
2025-10-17 23:55:45,252 - INFO - Abeille n°9
2025-10-17 23:55:45,252 - INFO - Ci : 2.26, Ds : -0.46°
2025-10-17 23:55:45,252 - INFO - Abeille n°10
2025-10-17 23:55:45,252 - INFO - Ci : 2.13, Ds : +0.31°
2025-10-17 23:55:45,253 - INFO - Abeille n°11
2025-10-17 23:55:45,253 - INFO - Ci : 1.76, Ds : +0.24°
2025-10-17 23:55:45,254 - INFO - Abeille n°12
2025-10-17 23:55:45,254 - INFO - Ci : 2.06, Ds : +2.26°
2025-10-17 23:55:45,255 - INFO - Abeille n°13
2025-10-17 23:55:45,255 - INFO - Ci : 2.15, Ds : +0.55°
2025-10-17 23:55:45,256 - INFO - Abeille n°14
2025-10-17 23:55:45,256 - INFO - Ci : 1.83, Ds : -1.22°
2025-10-17 23:55:45,257 - INFO - Abeille n°15
2025-10-17 23:55:45,257 - INFO - Ci : 1.79, Ds : -3.32°
2025-10-17 23:55:45,258 - INFO - Abeille n°16
2025-10-17 23:55:45,258 - INFO - Ci : 1.93, Ds : +1.95°
2025-10-17 23:55:45,258 - INFO - Abeille n°17
2025-10-17 23:55:45,258 - INFO - Ci : 2.35, Ds : +0.11°
2025-10-17 23:55:45,258 - INFO - Abeille n°18
2025-10-17 23:55:45,258 - INFO - Ci : 2.36, Ds : +4.72°
2025-10-17 23:55:45,259 - INFO - Abeille n°19
2025-10-17 23:55:45,259 - INFO - Ci : 2.0, Ds : +1.14°
2025-10-17 23:55:45,259 - INFO - Abeille n°20
2025-10-17 23:55:45,259 - INFO - Ci : 2.32, Ds : -0.24°
2025-10-17 23:55:45,259 - INFO - Abeille n°21
2025-10-17 23:55:45,259 - INFO - Ci : 2.41, Ds : +3.11°
2025-10-17 23:55:45,260 - INFO - Abeille n°22
2025-10-17 23:55:45,260 - INFO - Ci : 2.43, Ds : +3.12°
2025-10-17 23:55:45,260 - INFO - Abeille n°23
2025-10-17 23:55:45,260 - INFO - Ci : 1.65, Ds : +0.03°
2025-10-17 23:55:45,260 - INFO - Abeille n°24
2025-10-17 23:55:45,260 - INFO - Ci : 2.1, Ds : -1.67°
2025-10-17 23:55:45,260 - INFO - Abeille n°25
2025-10-17 23:55:45,260 - INFO - Ci : 2.45, Ds : +1.92°
2025-10-17 23:55:45,261 - INFO - Abeille n°26
2025-10-17 23:55:45,261 - INFO - Ci : 2.2, Ds : +0.44°
2025-10-17 23:55:45,261 - INFO - Abeille n°27
2025-10-17 23:55:45,261 - INFO - Ci : 1.64, Ds : +1.42°
2025-10-17 23:55:45,261 - INFO - Abeille n°28
2025-10-17 23:55:45,261 - INFO - Ci : 2.07, Ds : +1.46°
2025-10-17 23:55:45,264 - INFO - Abeille n°29
2025-10-17 23:55:45,264 - INFO - Ci : 1.86, Ds : -0.93°
2025-10-17 23:55:45,264 - INFO - Abeille n°30
2025-10-17 23:55:45,264 - INFO - Ci : 2.01, Ds : +2.17°
2025-10-17 23:55:45,265 - INFO - Abeille n°31
2025-10-17 23:55:45,265 - INFO - Ci : 2.16, Ds : +1.97°
2025-10-17 23:55:45,265 - INFO - Abeille n°32
2025-10-17 23:55:45,265 - INFO - Ci : 1.94, Ds : -2.35°
2025-10-17 23:55:45,265 - INFO - Abeille n°33
2025-10-17 23:55:45,265 - INFO - Ci : 1.94, Ds : -2.99°
2025-10-17 23:55:45,266 - INFO - Abeille n°34
2025-10-17 23:55:45,266 - INFO - Ci : 2.0, Ds : +0.49°
2025-10-17 23:55:45,266 - INFO - Abeille n°36
2025-10-17 23:55:45,266 - INFO - Ci : 1.79, Ds : +0.71°
2025-10-17 23:55:45,267 - INFO - Abeille n°37
2025-10-17 23:55:45,267 - INFO - Ci : 1.82, Ds : -0.88°
2025-10-17 23:55:45,267 - INFO - Abeille n°38
2025-10-17 23:55:45,267 - INFO - Ci : 2.0, Ds : +1.51°
2025-10-17 23:55:45,267 - INFO - Abeille n°39
2025-10-17 23:55:45,267 - INFO - Ci : 2.1, Ds : -0.48°
2025-10-17 23:55:45,268 - INFO - Abeille n°40
2025-10-17 23:55:45,268 - INFO - Ci : 2.52, Ds : +0.52°
2025-10-17 23:55:45,269 - INFO - Abeille n°41
2025-10-17 23:55:45,269 - INFO - Ci : 2.34, Ds : -0.29°
2025-10-17 23:55:45,269 - INFO - Abeille n°42
2025-10-17 23:55:45,269 - INFO - Ci : 1.9, Ds : +0.46°
2025-10-17 23:55:45,269 - INFO - Abeille n°43
2025-10-17 23:55:45,269 - INFO - Ci : 2.32, Ds : +1.18°
2025-10-17 23:55:45,270 - INFO - Abeille n°44
2025-10-17 23:55:45,270 - INFO - Ci : 2.08, Ds : +1.58°
2025-10-17 23:55:45,270 - INFO - Abeille n°45
2025-10-17 23:55:45,270 - INFO - Ci : 1.99, Ds : +2.01°
2025-10-17 23:55:45,271 - INFO - Attention : l'abeille 100 n'a pas été trouvée dans le fichier de résultats
2025-10-17 23:55:46,258 - INFO - Attention : l'abeille 35 n'a pas été trouvée dans le fichier de résultats
2025-10-17 23:55:46,601 - INFO - Attention : l'abeille 46 n'a pas été trouvée dans le fichier de résultats
2025-10-17 23:55:46,602 - INFO - Attention : l'abeille 47 n'a pas été trouvée dans le fichier de résultats
2025-10-17 23:55:46,602 - INFO - Attention : l'abeille 48 n'a pas été trouvée dans le fichier de résultats
2025-10-17 23:55:46,602 - INFO - Attention : l'abeille 49 n'a pas été trouvée dans le fichier de résultats
2025-10-17 23:55:46,639 - INFO - Attention : l'abeille 50 n'a pas été trouvée dans le fichier de résultats
2025-10-17 23:55:46,641 - INFO - Attention : l'abeille 51 n'a pas été trouvée dans le fichier de résultats
2025-10-17 23:55:46,641 - INFO - Attention : l'abeille 52 n'a pas été trouvée dans le fichier de résultats
2025-10-17 23:55:46,641 - INFO - Attention : l'abeille 53 n'a pas été trouvée dans le fichier de résultats
2025-10-17 23:55:46,641 - INFO - Attention : l'abeille 54 n'a pas été trouvée dans le fichier de résultats
2025-10-17 23:55:46,641 - INFO - Attention : l'abeille 55 n'a pas été trouvée dans le fichier de résultats
2025-10-17 23:55:46,641 - INFO - Attention : l'abeille 56 n'a pas été trouvée dans le fichier de résultats
2025-10-17 23:55:46,641 - INFO - Attention : l'abeille 57 n'a pas été trouvée dans le fichier de résultats
2025-10-17 23:55:46,641 - INFO - Attention : l'abeille 58 n'a pas été trouvée dans le fichier de résultats
2025-10-17 23:55:46,641 - INFO - Attention : l'abeille 59 n'a pas été trouvée dans le fichier de résultats
2025-10-17 23:55:46,691 - INFO - Attention : l'abeille 60 n'a pas été trouvée dans le fichier de résultats
2025-10-17 23:55:46,691 - INFO - Attention : l'abeille 61 n'a pas été trouvée dans le fichier de résultats
2025-10-17 23:55:46,691 - INFO - Attention : l'abeille 62 n'a pas été trouvée dans le fichier de résultats
2025-10-17 23:55:46,691 - INFO - Attention : l'abeille 63 n'a pas été trouvée dans le fichier de résultats
2025-10-17 23:55:46,691 - INFO - Attention : l'abeille 64 n'a pas été trouvée dans le fichier de résultats
2025-10-17 23:55:46,691 - INFO - Attention : l'abeille 65 n'a pas été trouvée dans le fichier de résultats
2025-10-17 23:55:46,691 - INFO - Attention : l'abeille 66 n'a pas été trouvée dans le fichier de résultats
2025-10-17 23:55:46,692 - INFO - Attention : l'abeille 67 n'a pas été trouvée dans le fichier de résultats
2025-10-17 23:55:46,692 - INFO - Attention : l'abeille 68 n'a pas été trouvée dans le fichier de résultats
2025-10-17 23:55:46,692 - INFO - Attention : l'abeille 69 n'a pas été trouvée dans le fichier de résultats
2025-10-17 23:55:46,731 - INFO - Attention : l'abeille 70 n'a pas été trouvée dans le fichier de résultats
2025-10-17 23:55:46,731 - INFO - Attention : l'abeille 71 n'a pas été trouvée dans le fichier de résultats
2025-10-17 23:55:46,731 - INFO - Attention : l'abeille 72 n'a pas été trouvée dans le fichier de résultats
2025-10-17 23:55:46,731 - INFO - Attention : l'abeille 73 n'a pas été trouvée dans le fichier de résultats
2025-10-17 23:55:46,731 - INFO - Attention : l'abeille 74 n'a pas été trouvée dans le fichier de résultats
2025-10-17 23:55:46,731 - INFO - Attention : l'abeille 75 n'a pas été trouvée dans le fichier de résultats
2025-10-17 23:55:46,731 - INFO - Attention : l'abeille 76 n'a pas été trouvée dans le fichier de résultats
2025-10-17 23:55:46,731 - INFO - Attention : l'abeille 77 n'a pas été trouvée dans le fichier de résultats
2025-10-17 23:55:46,731 - INFO - Attention : l'abeille 78 n'a pas été trouvée dans le fichier de résultats
2025-10-17 23:55:46,731 - INFO - Attention : l'abeille 79 n'a pas été trouvée dans le fichier de résultats
2025-10-17 23:55:46,777 - INFO - Attention : l'abeille 80 n'a pas été trouvée dans le fichier de résultats
2025-10-17 23:55:46,778 - INFO - Attention : l'abeille 81 n'a pas été trouvée dans le fichier de résultats
2025-10-17 23:55:46,778 - INFO - Attention : l'abeille 82 n'a pas été trouvée dans le fichier de résultats
2025-10-17 23:55:46,778 - INFO - Attention : l'abeille 83 n'a pas été trouvée dans le fichier de résultats
2025-10-17 23:55:46,779 - INFO - Attention : l'abeille 84 n'a pas été trouvée dans le fichier de résultats
2025-10-17 23:55:46,779 - INFO - Attention : l'abeille 85 n'a pas été trouvée dans le fichier de résultats
2025-10-17 23:55:46,779 - INFO - Attention : l'abeille 86 n'a pas été trouvée dans le fichier de résultats
2025-10-17 23:55:46,779 - INFO - Attention : l'abeille 87 n'a pas été trouvée dans le fichier de résultats
2025-10-17 23:55:46,781 - INFO - Attention : l'abeille 88 n'a pas été trouvée dans le fichier de résultats
2025-10-17 23:55:46,781 - INFO - Attention : l'abeille 89 n'a pas été trouvée dans le fichier de résultats
2025-10-17 23:55:46,823 - INFO - Attention : l'abeille 90 n'a pas été trouvée dans le fichier de résultats
2025-10-17 23:55:46,824 - INFO - Attention : l'abeille 91 n'a pas été trouvée dans le fichier de résultats
2025-10-17 23:55:46,824 - INFO - Attention : l'abeille 92 n'a pas été trouvée dans le fichier de résultats
2025-10-17 23:55:46,824 - INFO - Attention : l'abeille 93 n'a pas été trouvée dans le fichier de résultats
2025-10-17 23:55:46,824 - INFO - Attention : l'abeille 94 n'a pas été trouvée dans le fichier de résultats
2025-10-17 23:55:46,825 - INFO - Attention : l'abeille 95 n'a pas été trouvée dans le fichier de résultats
2025-10-17 23:55:46,825 - INFO - Attention : l'abeille 96 n'a pas été trouvée dans le fichier de résultats
2025-10-17 23:55:46,825 - INFO - Attention : l'abeille 97 n'a pas été trouvée dans le fichier de résultats
2025-10-17 23:55:46,825 - INFO - Attention : l'abeille 98 n'a pas été trouvée dans le fichier de résultats
2025-10-17 23:55:46,825 - INFO - Attention : l'abeille 99 n'a pas été trouvée dans le fichier de résultats
2025-10-17 23:55:49,813 - INFO - Lancement de l'analyse : calcul de l'histogramme des indices + scatter plots DS vs CI
2025-10-17 23:55:49,813 - INFO - calcul de l'histogramme de l'indice cubital
2025-10-18 00:19:24,118 - INFO - Load project 'C:/Users/nicol/Documents/ABEILLES/etudes/103/analyse_ruche_103.zip'
2025-10-18 00:19:25,105 - INFO - Affichage dans l'IHM des valeurs Ci et Ds
2025-10-18 00:19:25,105 - INFO - Abeille n°1
2025-10-18 00:19:25,106 - INFO - Ci : 2.19, Ds : +1.04°
2025-10-18 00:19:25,106 - INFO - Abeille n°2
2025-10-18 00:19:25,106 - INFO - Ci : 1.97, Ds : -2.07°
2025-10-18 00:19:25,106 - INFO - Abeille n°3
2025-10-18 00:19:25,106 - INFO - Ci : 1.91, Ds : +0.79°
2025-10-18 00:19:25,106 - INFO - Abeille n°4
2025-10-18 00:19:25,106 - INFO - Ci : 1.76, Ds : -0.88°
2025-10-18 00:19:25,106 - INFO - Abeille n°5
2025-10-18 00:19:25,106 - INFO - Ci : 2.17, Ds : +3.77°
2025-10-18 00:19:25,107 - INFO - Abeille n°6
2025-10-18 00:19:25,107 - INFO - Ci : 1.75, Ds : -2.83°
2025-10-18 00:19:25,107 - INFO - Abeille n°7
2025-10-18 00:19:25,107 - INFO - Ci : 2.64, Ds : +2.91°
2025-10-18 00:19:25,107 - INFO - Abeille n°8
2025-10-18 00:19:25,107 - INFO - Ci : 2.24, Ds : +0.48°
2025-10-18 00:19:25,107 - INFO - Abeille n°9
2025-10-18 00:19:25,107 - INFO - Ci : 2.26, Ds : -0.46°
2025-10-18 00:19:25,108 - INFO - Abeille n°10
2025-10-18 00:19:25,108 - INFO - Ci : 2.13, Ds : +0.31°
2025-10-18 00:19:25,108 - INFO - Abeille n°11
2025-10-18 00:19:25,108 - INFO - Ci : 1.76, Ds : +0.24°
2025-10-18 00:19:25,108 - INFO - Abeille n°12
2025-10-18 00:19:25,108 - INFO - Ci : 2.06, Ds : +2.26°
2025-10-18 00:19:25,108 - INFO - Abeille n°13
2025-10-18 00:19:25,108 - INFO - Ci : 2.15, Ds : +0.55°
2025-10-18 00:19:25,108 - INFO - Abeille n°14
2025-10-18 00:19:25,108 - INFO - Ci : 1.83, Ds : -1.22°
2025-10-18 00:19:25,108 - INFO - Abeille n°15
2025-10-18 00:19:25,108 - INFO - Ci : 1.79, Ds : -3.32°
2025-10-18 00:19:25,109 - INFO - Abeille n°16
2025-10-18 00:19:25,110 - INFO - Ci : 1.93, Ds : +1.95°
2025-10-18 00:19:25,110 - INFO - Abeille n°17
2025-10-18 00:19:25,110 - INFO - Ci : 2.35, Ds : +0.11°
2025-10-18 00:19:25,110 - INFO - Abeille n°18
2025-10-18 00:19:25,110 - INFO - Ci : 2.36, Ds : +4.72°
2025-10-18 00:19:25,111 - INFO - Abeille n°19
2025-10-18 00:19:25,111 - INFO - Ci : 2.0, Ds : +1.14°
2025-10-18 00:19:25,111 - INFO - Abeille n°20
2025-10-18 00:19:25,111 - INFO - Ci : 2.32, Ds : -0.24°
2025-10-18 00:19:25,111 - INFO - Abeille n°21
2025-10-18 00:19:25,111 - INFO - Ci : 2.41, Ds : +3.11°
2025-10-18 00:19:25,111 - INFO - Abeille n°22
2025-10-18 00:19:25,112 - INFO - Ci : 2.43, Ds : +3.12°
2025-10-18 00:19:25,112 - INFO - Abeille n°23
2025-10-18 00:19:25,112 - INFO - Ci : 1.65, Ds : +0.03°
2025-10-18 00:19:25,113 - INFO - Abeille n°24
2025-10-18 00:19:25,113 - INFO - Ci : 2.1, Ds : -1.67°
2025-10-18 00:19:25,113 - INFO - Abeille n°25
2025-10-18 00:19:25,113 - INFO - Ci : 2.45, Ds : +1.92°
2025-10-18 00:19:25,113 - INFO - Abeille n°26
2025-10-18 00:19:25,113 - INFO - Ci : 2.2, Ds : +0.44°
2025-10-18 00:19:25,114 - INFO - Abeille n°27
2025-10-18 00:19:25,114 - INFO - Ci : 1.64, Ds : +1.42°
2025-10-18 00:19:25,114 - INFO - Abeille n°28
2025-10-18 00:19:25,114 - INFO - Ci : 2.07, Ds : +1.46°
2025-10-18 00:19:25,114 - INFO - Abeille n°29
2025-10-18 00:19:25,114 - INFO - Ci : 1.86, Ds : -0.93°
2025-10-18 00:19:25,115 - INFO - Abeille n°30
2025-10-18 00:19:25,115 - INFO - Ci : 2.01, Ds : +2.17°
2025-10-18 00:19:25,115 - INFO - Abeille n°31
2025-10-18 00:19:25,115 - INFO - Ci : 2.16, Ds : +1.97°
2025-10-18 00:19:25,116 - INFO - Abeille n°32
2025-10-18 00:19:25,116 - INFO - Ci : 1.94, Ds : -2.35°
2025-10-18 00:19:25,116 - INFO - Abeille n°33
2025-10-18 00:19:25,116 - INFO - Ci : 1.94, Ds : -2.99°
2025-10-18 00:19:25,116 - INFO - Abeille n°34
2025-10-18 00:19:25,116 - INFO - Ci : 2.0, Ds : +0.49°
2025-10-18 00:19:25,116 - INFO - Abeille n°36
2025-10-18 00:19:25,116 - INFO - Ci : 1.79, Ds : +0.71°
2025-10-18 00:19:25,116 - INFO - Abeille n°37
2025-10-18 00:19:25,116 - INFO - Ci : 1.82, Ds : -0.88°
2025-10-18 00:19:25,116 - INFO - Abeille n°38
2025-10-18 00:19:25,117 - INFO - Ci : 2.0, Ds : +1.51°
2025-10-18 00:19:25,117 - INFO - Abeille n°39
2025-10-18 00:19:25,117 - INFO - Ci : 2.1, Ds : -0.48°
2025-10-18 00:19:25,117 - INFO - Abeille n°40
2025-10-18 00:19:25,117 - INFO - Ci : 2.52, Ds : +0.52°
2025-10-18 00:19:25,117 - INFO - Abeille n°41
2025-10-18 00:19:25,117 - INFO - Ci : 2.34, Ds : -0.29°
2025-10-18 00:19:25,117 - INFO - Abeille n°42
2025-10-18 00:19:25,117 - INFO - Ci : 1.9, Ds : +0.46°
2025-10-18 00:19:25,118 - INFO - Abeille n°43
2025-10-18 00:19:25,118 - INFO - Ci : 2.32, Ds : +1.18°
2025-10-18 00:19:25,118 - INFO - Abeille n°44
2025-10-18 00:19:25,118 - INFO - Ci : 2.08, Ds : +1.58°
2025-10-18 00:19:25,118 - INFO - Abeille n°45
2025-10-18 00:19:25,119 - INFO - Ci : 1.99, Ds : +2.01°
2025-10-18 00:19:25,119 - INFO - Attention : l'abeille 100 n'a pas été trouvée dans le fichier de résultats
2025-10-18 00:19:26,119 - INFO - Attention : l'abeille 35 n'a pas été trouvée dans le fichier de résultats
2025-10-18 00:19:26,456 - INFO - Attention : l'abeille 46 n'a pas été trouvée dans le fichier de résultats
2025-10-18 00:19:26,456 - INFO - Attention : l'abeille 47 n'a pas été trouvée dans le fichier de résultats
2025-10-18 00:19:26,456 - INFO - Attention : l'abeille 48 n'a pas été trouvée dans le fichier de résultats
2025-10-18 00:19:26,456 - INFO - Attention : l'abeille 49 n'a pas été trouvée dans le fichier de résultats
2025-10-18 00:19:26,502 - INFO - Attention : l'abeille 50 n'a pas été trouvée dans le fichier de résultats
2025-10-18 00:19:26,505 - INFO - Attention : l'abeille 51 n'a pas été trouvée dans le fichier de résultats
2025-10-18 00:19:26,506 - INFO - Attention : l'abeille 52 n'a pas été trouvée dans le fichier de résultats
2025-10-18 00:19:26,506 - INFO - Attention : l'abeille 53 n'a pas été trouvée dans le fichier de résultats
2025-10-18 00:19:26,507 - INFO - Attention : l'abeille 54 n'a pas été trouvée dans le fichier de résultats
2025-10-18 00:19:26,508 - INFO - Attention : l'abeille 55 n'a pas été trouvée dans le fichier de résultats
2025-10-18 00:19:26,509 - INFO - Attention : l'abeille 56 n'a pas été trouvée dans le fichier de résultats
2025-10-18 00:19:26,510 - INFO - Attention : l'abeille 57 n'a pas été trouvée dans le fichier de résultats
2025-10-18 00:19:26,510 - INFO - Attention : l'abeille 58 n'a pas été trouvée dans le fichier de résultats
2025-10-18 00:19:26,511 - INFO - Attention : l'abeille 59 n'a pas été trouvée dans le fichier de résultats
2025-10-18 00:19:26,555 - INFO - Attention : l'abeille 60 n'a pas été trouvée dans le fichier de résultats
2025-10-18 00:19:26,556 - INFO - Attention : l'abeille 61 n'a pas été trouvée dans le fichier de résultats
2025-10-18 00:19:26,556 - INFO - Attention : l'abeille 62 n'a pas été trouvée dans le fichier de résultats
2025-10-18 00:19:26,556 - INFO - Attention : l'abeille 63 n'a pas été trouvée dans le fichier de résultats
2025-10-18 00:19:26,556 - INFO - Attention : l'abeille 64 n'a pas été trouvée dans le fichier de résultats
2025-10-18 00:19:26,556 - INFO - Attention : l'abeille 65 n'a pas été trouvée dans le fichier de résultats
2025-10-18 00:19:26,556 - INFO - Attention : l'abeille 66 n'a pas été trouvée dans le fichier de résultats
2025-10-18 00:19:26,556 - INFO - Attention : l'abeille 67 n'a pas été trouvée dans le fichier de résultats
2025-10-18 00:19:26,557 - INFO - Attention : l'abeille 68 n'a pas été trouvée dans le fichier de résultats
2025-10-18 00:19:26,557 - INFO - Attention : l'abeille 69 n'a pas été trouvée dans le fichier de résultats
2025-10-18 00:19:26,593 - INFO - Attention : l'abeille 70 n'a pas été trouvée dans le fichier de résultats
2025-10-18 00:19:26,593 - INFO - Attention : l'abeille 71 n'a pas été trouvée dans le fichier de résultats
2025-10-18 00:19:26,593 - INFO - Attention : l'abeille 72 n'a pas été trouvée dans le fichier de résultats
2025-10-18 00:19:26,593 - INFO - Attention : l'abeille 73 n'a pas été trouvée dans le fichier de résultats
2025-10-18 00:19:26,593 - INFO - Attention : l'abeille 74 n'a pas été trouvée dans le fichier de résultats
2025-10-18 00:19:26,593 - INFO - Attention : l'abeille 75 n'a pas été trouvée dans le fichier de résultats
2025-10-18 00:19:26,594 - INFO - Attention : l'abeille 76 n'a pas été trouvée dans le fichier de résultats
2025-10-18 00:19:26,594 - INFO - Attention : l'abeille 77 n'a pas été trouvée dans le fichier de résultats
2025-10-18 00:19:26,594 - INFO - Attention : l'abeille 78 n'a pas été trouvée dans le fichier de résultats
2025-10-18 00:19:26,594 - INFO - Attention : l'abeille 79 n'a pas été trouvée dans le fichier de résultats
2025-10-18 00:19:26,644 - INFO - Attention : l'abeille 80 n'a pas été trouvée dans le fichier de résultats
2025-10-18 00:19:26,645 - INFO - Attention : l'abeille 81 n'a pas été trouvée dans le fichier de résultats
2025-10-18 00:19:26,645 - INFO - Attention : l'abeille 82 n'a pas été trouvée dans le fichier de résultats
2025-10-18 00:19:26,645 - INFO - Attention : l'abeille 83 n'a pas été trouvée dans le fichier de résultats
2025-10-18 00:19:26,645 - INFO - Attention : l'abeille 84 n'a pas été trouvée dans le fichier de résultats
2025-10-18 00:19:26,645 - INFO - Attention : l'abeille 85 n'a pas été trouvée dans le fichier de résultats
2025-10-18 00:19:26,645 - INFO - Attention : l'abeille 86 n'a pas été trouvée dans le fichier de résultats
2025-10-18 00:19:26,645 - INFO - Attention : l'abeille 87 n'a pas été trouvée dans le fichier de résultats
2025-10-18 00:19:26,645 - INFO - Attention : l'abeille 88 n'a pas été trouvée dans le fichier de résultats
2025-10-18 00:19:26,645 - INFO - Attention : l'abeille 89 n'a pas été trouvée dans le fichier de résultats
2025-10-18 00:19:26,689 - INFO - Attention : l'abeille 90 n'a pas été trouvée dans le fichier de résultats
2025-10-18 00:19:26,689 - INFO - Attention : l'abeille 91 n'a pas été trouvée dans le fichier de résultats
2025-10-18 00:19:26,689 - INFO - Attention : l'abeille 92 n'a pas été trouvée dans le fichier de résultats
2025-10-18 00:19:26,689 - INFO - Attention : l'abeille 93 n'a pas été trouvée dans le fichier de résultats
2025-10-18 00:19:26,689 - INFO - Attention : l'abeille 94 n'a pas été trouvée dans le fichier de résultats
2025-10-18 00:19:26,689 - INFO - Attention : l'abeille 95 n'a pas été trouvée dans le fichier de résultats
2025-10-18 00:19:26,689 - INFO - Attention : l'abeille 96 n'a pas été trouvée dans le fichier de résultats
2025-10-18 00:19:26,689 - INFO - Attention : l'abeille 97 n'a pas été trouvée dans le fichier de résultats
2025-10-18 00:19:26,689 - INFO - Attention : l'abeille 98 n'a pas été trouvée dans le fichier de résultats
2025-10-18 00:19:26,689 - INFO - Attention : l'abeille 99 n'a pas été trouvée dans le fichier de résultats
2025-10-18 00:19:33,702 - INFO - Load project 'C:/Users/nicol/Documents/ABEILLES/etudes/103/analyse_ruche_103.zip'
2025-10-18 00:19:34,631 - INFO - Affichage dans l'IHM des valeurs Ci et Ds
2025-10-18 00:19:34,631 - INFO - Abeille n°1
2025-10-18 00:19:34,631 - INFO - Ci : 2.19, Ds : +1.04°
2025-10-18 00:19:34,631 - INFO - Abeille n°2
2025-10-18 00:19:34,632 - INFO - Ci : 1.97, Ds : -2.07°
2025-10-18 00:19:34,632 - INFO - Abeille n°3
2025-10-18 00:19:34,632 - INFO - Ci : 1.91, Ds : +0.79°
2025-10-18 00:19:34,632 - INFO - Abeille n°4
2025-10-18 00:19:34,632 - INFO - Ci : 1.76, Ds : -0.88°
2025-10-18 00:19:34,632 - INFO - Abeille n°5
2025-10-18 00:19:34,632 - INFO - Ci : 2.17, Ds : +3.77°
2025-10-18 00:19:34,632 - INFO - Abeille n°6
2025-10-18 00:19:34,632 - INFO - Ci : 1.75, Ds : -2.83°
2025-10-18 00:19:34,633 - INFO - Abeille n°7
2025-10-18 00:19:34,633 - INFO - Ci : 2.64, Ds : +2.91°
2025-10-18 00:19:34,633 - INFO - Abeille n°8
2025-10-18 00:19:34,633 - INFO - Ci : 2.24, Ds : +0.48°
2025-10-18 00:19:34,633 - INFO - Abeille n°9
2025-10-18 00:19:34,633 - INFO - Ci : 2.26, Ds : -0.46°
2025-10-18 00:19:34,634 - INFO - Abeille n°10
2025-10-18 00:19:34,634 - INFO - Ci : 2.13, Ds : +0.31°
2025-10-18 00:19:34,634 - INFO - Abeille n°11
2025-10-18 00:19:34,634 - INFO - Ci : 1.76, Ds : +0.24°
2025-10-18 00:19:34,634 - INFO - Abeille n°12
2025-10-18 00:19:34,634 - INFO - Ci : 2.06, Ds : +2.26°
2025-10-18 00:19:34,634 - INFO - Abeille n°13
2025-10-18 00:19:34,634 - INFO - Ci : 2.15, Ds : +0.55°
2025-10-18 00:19:34,635 - INFO - Abeille n°14
2025-10-18 00:19:34,635 - INFO - Ci : 1.83, Ds : -1.22°
2025-10-18 00:19:34,636 - INFO - Abeille n°15
2025-10-18 00:19:34,636 - INFO - Ci : 1.79, Ds : -3.32°
2025-10-18 00:19:34,636 - INFO - Abeille n°16
2025-10-18 00:19:34,636 - INFO - Ci : 1.93, Ds : +1.95°
2025-10-18 00:19:34,636 - INFO - Abeille n°17
2025-10-18 00:19:34,636 - INFO - Ci : 2.35, Ds : +0.11°
2025-10-18 00:19:34,636 - INFO - Abeille n°18
2025-10-18 00:19:34,636 - INFO - Ci : 2.36, Ds : +4.72°
2025-10-18 00:19:34,637 - INFO - Abeille n°19
2025-10-18 00:19:34,637 - INFO - Ci : 2.0, Ds : +1.14°
2025-10-18 00:19:34,637 - INFO - Abeille n°20
2025-10-18 00:19:34,637 - INFO - Ci : 2.32, Ds : -0.24°
2025-10-18 00:19:34,637 - INFO - Abeille n°21
2025-10-18 00:19:34,637 - INFO - Ci : 2.41, Ds : +3.11°
2025-10-18 00:19:34,637 - INFO - Abeille n°22
2025-10-18 00:19:34,637 - INFO - Ci : 2.43, Ds : +3.12°
2025-10-18 00:19:34,638 - INFO - Abeille n°23
2025-10-18 00:19:34,638 - INFO - Ci : 1.65, Ds : +0.03°
2025-10-18 00:19:34,639 - INFO - Abeille n°24
2025-10-18 00:19:34,639 - INFO - Ci : 2.1, Ds : -1.67°
2025-10-18 00:19:34,639 - INFO - Abeille n°25
2025-10-18 00:19:34,639 - INFO - Ci : 2.45, Ds : +1.92°
2025-10-18 00:19:34,639 - INFO - Abeille n°26
2025-10-18 00:19:34,639 - INFO - Ci : 2.2, Ds : +0.44°
2025-10-18 00:19:34,639 - INFO - Abeille n°27
2025-10-18 00:19:34,639 - INFO - Ci : 1.64, Ds : +1.42°
2025-10-18 00:19:34,639 - INFO - Abeille n°28
2025-10-18 00:19:34,639 - INFO - Ci : 2.07, Ds : +1.46°
2025-10-18 00:19:34,640 - INFO - Abeille n°29
2025-10-18 00:19:34,640 - INFO - Ci : 1.86, Ds : -0.93°
2025-10-18 00:19:34,640 - INFO - Abeille n°30
2025-10-18 00:19:34,640 - INFO - Ci : 2.01, Ds : +2.17°
2025-10-18 00:19:34,640 - INFO - Abeille n°31
2025-10-18 00:19:34,640 - INFO - Ci : 2.16, Ds : +1.97°
2025-10-18 00:19:34,641 - INFO - Abeille n°32
2025-10-18 00:19:34,641 - INFO - Ci : 1.94, Ds : -2.35°
2025-10-18 00:19:34,641 - INFO - Abeille n°33
2025-10-18 00:19:34,641 - INFO - Ci : 1.94, Ds : -2.99°
2025-10-18 00:19:34,641 - INFO - Abeille n°34
2025-10-18 00:19:34,641 - INFO - Ci : 2.0, Ds : +0.49°
2025-10-18 00:19:34,641 - INFO - Abeille n°36
2025-10-18 00:19:34,641 - INFO - Ci : 1.79, Ds : +0.71°
2025-10-18 00:19:34,642 - INFO - Abeille n°37
2025-10-18 00:19:34,642 - INFO - Ci : 1.82, Ds : -0.88°
2025-10-18 00:19:34,642 - INFO - Abeille n°38
2025-10-18 00:19:34,642 - INFO - Ci : 2.0, Ds : +1.51°
2025-10-18 00:19:34,642 - INFO - Abeille n°39
2025-10-18 00:19:34,642 - INFO - Ci : 2.1, Ds : -0.48°
2025-10-18 00:19:34,642 - INFO - Abeille n°40
2025-10-18 00:19:34,642 - INFO - Ci : 2.52, Ds : +0.52°
2025-10-18 00:19:34,643 - INFO - Abeille n°41
2025-10-18 00:19:34,643 - INFO - Ci : 2.34, Ds : -0.29°
2025-10-18 00:19:34,643 - INFO - Abeille n°42
2025-10-18 00:19:34,643 - INFO - Ci : 1.9, Ds : +0.46°
2025-10-18 00:19:34,643 - INFO - Abeille n°43
2025-10-18 00:19:34,643 - INFO - Ci : 2.32, Ds : +1.18°
2025-10-18 00:19:34,643 - INFO - Abeille n°44
2025-10-18 00:19:34,643 - INFO - Ci : 2.08, Ds : +1.58°
2025-10-18 00:19:34,643 - INFO - Abeille n°45
2025-10-18 00:19:34,643 - INFO - Ci : 1.99, Ds : +2.01°
2025-10-18 00:19:34,644 - INFO - Attention : l'abeille 100 n'a pas été trouvée dans le fichier de résultats
2025-10-18 00:19:35,624 - INFO - Attention : l'abeille 35 n'a pas été trouvée dans le fichier de résultats
2025-10-18 00:19:35,979 - INFO - Attention : l'abeille 46 n'a pas été trouvée dans le fichier de résultats
2025-10-18 00:19:35,980 - INFO - Attention : l'abeille 47 n'a pas été trouvée dans le fichier de résultats
2025-10-18 00:19:35,980 - INFO - Attention : l'abeille 48 n'a pas été trouvée dans le fichier de résultats
2025-10-18 00:19:35,980 - INFO - Attention : l'abeille 49 n'a pas été trouvée dans le fichier de résultats
2025-10-18 00:19:36,019 - INFO - Attention : l'abeille 50 n'a pas été trouvée dans le fichier de résultats
2025-10-18 00:19:36,019 - INFO - Attention : l'abeille 51 n'a pas été trouvée dans le fichier de résultats
2025-10-18 00:19:36,019 - INFO - Attention : l'abeille 52 n'a pas été trouvée dans le fichier de résultats
2025-10-18 00:19:36,019 - INFO - Attention : l'abeille 53 n'a pas été trouvée dans le fichier de résultats
2025-10-18 00:19:36,019 - INFO - Attention : l'abeille 54 n'a pas été trouvée dans le fichier de résultats
2025-10-18 00:19:36,019 - INFO - Attention : l'abeille 55 n'a pas été trouvée dans le fichier de résultats
2025-10-18 00:19:36,019 - INFO - Attention : l'abeille 56 n'a pas été trouvée dans le fichier de résultats
2025-10-18 00:19:36,019 - INFO - Attention : l'abeille 57 n'a pas été trouvée dans le fichier de résultats
2025-10-18 00:19:36,019 - INFO - Attention : l'abeille 58 n'a pas été trouvée dans le fichier de résultats
2025-10-18 00:19:36,019 - INFO - Attention : l'abeille 59 n'a pas été trouvée dans le fichier de résultats
2025-10-18 00:19:36,059 - INFO - Attention : l'abeille 60 n'a pas été trouvée dans le fichier de résultats
2025-10-18 00:19:36,059 - INFO - Attention : l'abeille 61 n'a pas été trouvée dans le fichier de résultats
2025-10-18 00:19:36,059 - INFO - Attention : l'abeille 62 n'a pas été trouvée dans le fichier de résultats
2025-10-18 00:19:36,060 - INFO - Attention : l'abeille 63 n'a pas été trouvée dans le fichier de résultats
2025-10-18 00:19:36,060 - INFO - Attention : l'abeille 64 n'a pas été trouvée dans le fichier de résultats
2025-10-18 00:19:36,060 - INFO - Attention : l'abeille 65 n'a pas été trouvée dans le fichier de résultats
2025-10-18 00:19:36,060 - INFO - Attention : l'abeille 66 n'a pas été trouvée dans le fichier de résultats
2025-10-18 00:19:36,060 - INFO - Attention : l'abeille 67 n'a pas été trouvée dans le fichier de résultats
2025-10-18 00:19:36,060 - INFO - Attention : l'abeille 68 n'a pas été trouvée dans le fichier de résultats
2025-10-18 00:19:36,060 - INFO - Attention : l'abeille 69 n'a pas été trouvée dans le fichier de résultats
2025-10-18 00:19:36,098 - INFO - Attention : l'abeille 70 n'a pas été trouvée dans le fichier de résultats
2025-10-18 00:19:36,099 - INFO - Attention : l'abeille 71 n'a pas été trouvée dans le fichier de résultats
2025-10-18 00:19:36,102 - INFO - Attention : l'abeille 72 n'a pas été trouvée dans le fichier de résultats
2025-10-18 00:19:36,102 - INFO - Attention : l'abeille 73 n'a pas été trouvée dans le fichier de résultats
2025-10-18 00:19:36,102 - INFO - Attention : l'abeille 74 n'a pas été trouvée dans le fichier de résultats
2025-10-18 00:19:36,102 - INFO - Attention : l'abeille 75 n'a pas été trouvée dans le fichier de résultats
2025-10-18 00:19:36,104 - INFO - Attention : l'abeille 76 n'a pas été trouvée dans le fichier de résultats
2025-10-18 00:19:36,105 - INFO - Attention : l'abeille 77 n'a pas été trouvée dans le fichier de résultats
2025-10-18 00:19:36,105 - INFO - Attention : l'abeille 78 n'a pas été trouvée dans le fichier de résultats
2025-10-18 00:19:36,105 - INFO - Attention : l'abeille 79 n'a pas été trouvée dans le fichier de résultats
2025-10-18 00:19:36,153 - INFO - Attention : l'abeille 80 n'a pas été trouvée dans le fichier de résultats
2025-10-18 00:19:36,153 - INFO - Attention : l'abeille 81 n'a pas été trouvée dans le fichier de résultats
2025-10-18 00:19:36,153 - INFO - Attention : l'abeille 82 n'a pas été trouvée dans le fichier de résultats
2025-10-18 00:19:36,153 - INFO - Attention : l'abeille 83 n'a pas été trouvée dans le fichier de résultats
2025-10-18 00:19:36,153 - INFO - Attention : l'abeille 84 n'a pas été trouvée dans le fichier de résultats
2025-10-18 00:19:36,153 - INFO - Attention : l'abeille 85 n'a pas été trouvée dans le fichier de résultats
2025-10-18 00:19:36,153 - INFO - Attention : l'abeille 86 n'a pas été trouvée dans le fichier de résultats
2025-10-18 00:19:36,153 - INFO - Attention : l'abeille 87 n'a pas été trouvée dans le fichier de résultats
2025-10-18 00:19:36,153 - INFO - Attention : l'abeille 88 n'a pas été trouvée dans le fichier de résultats
2025-10-18 00:19:36,153 - INFO - Attention : l'abeille 89 n'a pas été trouvée dans le fichier de résultats
2025-10-18 00:19:36,195 - INFO - Attention : l'abeille 90 n'a pas été trouvée dans le fichier de résultats
2025-10-18 00:19:36,196 - INFO - Attention : l'abeille 91 n'a pas été trouvée dans le fichier de résultats
2025-10-18 00:19:36,196 - INFO - Attention : l'abeille 92 n'a pas été trouvée dans le fichier de résultats
2025-10-18 00:19:36,197 - INFO - Attention : l'abeille 93 n'a pas été trouvée dans le fichier de résultats
2025-10-18 00:19:36,198 - INFO - Attention : l'abeille 94 n'a pas été trouvée dans le fichier de résultats
2025-10-18 00:19:36,198 - INFO - Attention : l'abeille 95 n'a pas été trouvée dans le fichier de résultats
2025-10-18 00:19:36,199 - INFO - Attention : l'abeille 96 n'a pas été trouvée dans le fichier de résultats
2025-10-18 00:19:36,199 - INFO - Attention : l'abeille 97 n'a pas été trouvée dans le fichier de résultats
2025-10-18 00:19:36,200 - INFO - Attention : l'abeille 98 n'a pas été trouvée dans le fichier de résultats
2025-10-18 00:19:36,201 - INFO - Attention : l'abeille 99 n'a pas été trouvée dans le fichier de résultats
2025-10-18 00:19:36,797 - INFO - Lancement de l'analyse : calcul de l'histogramme des indices + scatter plots DS vs CI
2025-10-18 00:19:36,797 - INFO - calcul de l'histogramme de l'indice cubital
