2025-08-27 22:47:59,205 - INFO - Démarrage du programme
2025-08-27 22:47:59,205 - INFO - nettoyage du dossier 'out' : c:\Users\nicol\Documents\ABEILLES\beeReal\out\
2025-08-27 22:47:59,205 - INFO - suppression du fichier c:\Users\nicol\Documents\ABEILLES\beeReal\out\\0_histogramme_RUTTNER_mellifera.png
2025-08-27 22:47:59,208 - INFO - suppression du fichier c:\Users\nicol\Documents\ABEILLES\beeReal\out\\10_out.jpg
2025-08-27 22:47:59,208 - INFO - suppression du fichier c:\Users\nicol\Documents\ABEILLES\beeReal\out\\11_out.jpg
2025-08-27 22:47:59,208 - INFO - suppression du fichier c:\Users\nicol\Documents\ABEILLES\beeReal\out\\12_out.jpg
2025-08-27 22:47:59,209 - INFO - suppression du fichier c:\Users\nicol\Documents\ABEILLES\beeReal\out\\13_out.jpg
2025-08-27 22:47:59,209 - INFO - suppression du fichier c:\Users\nicol\Documents\ABEILLES\beeReal\out\\14_out.jpg
2025-08-27 22:47:59,209 - INFO - suppression du fichier c:\Users\nicol\Documents\ABEILLES\beeReal\out\\15_out.jpg
2025-08-27 22:47:59,209 - INFO - suppression du fichier c:\Users\nicol\Documents\ABEILLES\beeReal\out\\16_out.jpg
2025-08-27 22:47:59,209 - INFO - suppression du fichier c:\Users\nicol\Documents\ABEILLES\beeReal\out\\17_out.jpg
2025-08-27 22:47:59,209 - INFO - suppression du fichier c:\Users\nicol\Documents\ABEILLES\beeReal\out\\18_out.jpg
2025-08-27 22:47:59,209 - INFO - suppression du fichier c:\Users\nicol\Documents\ABEILLES\beeReal\out\\19_out.jpg
2025-08-27 22:47:59,209 - INFO - suppression du fichier c:\Users\nicol\Documents\ABEILLES\beeReal\out\\1_histogramme_RUTTNER_caucasica.png
2025-08-27 22:47:59,209 - INFO - suppression du fichier c:\Users\nicol\Documents\ABEILLES\beeReal\out\\1_out.jpg
2025-08-27 22:47:59,209 - INFO - suppression du fichier c:\Users\nicol\Documents\ABEILLES\beeReal\out\\20_out.jpg
2025-08-27 22:47:59,212 - INFO - suppression du fichier c:\Users\nicol\Documents\ABEILLES\beeReal\out\\21_out.jpg
2025-08-27 22:47:59,212 - INFO - suppression du fichier c:\Users\nicol\Documents\ABEILLES\beeReal\out\\22_out.jpg
2025-08-27 22:47:59,212 - INFO - suppression du fichier c:\Users\nicol\Documents\ABEILLES\beeReal\out\\23_out.jpg
2025-08-27 22:47:59,212 - INFO - suppression du fichier c:\Users\nicol\Documents\ABEILLES\beeReal\out\\24_out.jpg
2025-08-27 22:47:59,212 - INFO - suppression du fichier c:\Users\nicol\Documents\ABEILLES\beeReal\out\\25_out.jpg
2025-08-27 22:47:59,212 - INFO - suppression du fichier c:\Users\nicol\Documents\ABEILLES\beeReal\out\\26_out.jpg
2025-08-27 22:47:59,212 - INFO - suppression du fichier c:\Users\nicol\Documents\ABEILLES\beeReal\out\\27_out.jpg
2025-08-27 22:47:59,212 - INFO - suppression du fichier c:\Users\nicol\Documents\ABEILLES\beeReal\out\\28_out.jpg
2025-08-27 22:47:59,212 - INFO - suppression du fichier c:\Users\nicol\Documents\ABEILLES\beeReal\out\\29_out.jpg
2025-08-27 22:47:59,212 - INFO - suppression du fichier c:\Users\nicol\Documents\ABEILLES\beeReal\out\\2_histogramme_RUTTNER_ligustica.png
2025-08-27 22:47:59,212 - INFO - suppression du fichier c:\Users\nicol\Documents\ABEILLES\beeReal\out\\2_out.jpg
2025-08-27 22:47:59,212 - INFO - suppression du fichier c:\Users\nicol\Documents\ABEILLES\beeReal\out\\30_out.jpg
2025-08-27 22:47:59,212 - INFO - suppression du fichier c:\Users\nicol\Documents\ABEILLES\beeReal\out\\31_out.jpg
2025-08-27 22:47:59,212 - INFO - suppression du fichier c:\Users\nicol\Documents\ABEILLES\beeReal\out\\32_out.jpg
2025-08-27 22:47:59,212 - INFO - suppression du fichier c:\Users\nicol\Documents\ABEILLES\beeReal\out\\33_out.jpg
2025-08-27 22:47:59,212 - INFO - suppression du fichier c:\Users\nicol\Documents\ABEILLES\beeReal\out\\34_out.jpg
2025-08-27 22:47:59,216 - INFO - suppression du fichier c:\Users\nicol\Documents\ABEILLES\beeReal\out\\35_out.jpg
2025-08-27 22:47:59,216 - INFO - suppression du fichier c:\Users\nicol\Documents\ABEILLES\beeReal\out\\36_out.jpg
2025-08-27 22:47:59,216 - INFO - suppression du fichier c:\Users\nicol\Documents\ABEILLES\beeReal\out\\37_out.jpg
2025-08-27 22:47:59,216 - INFO - suppression du fichier c:\Users\nicol\Documents\ABEILLES\beeReal\out\\38_out.jpg
2025-08-27 22:47:59,216 - INFO - suppression du fichier c:\Users\nicol\Documents\ABEILLES\beeReal\out\\39_out.jpg
2025-08-27 22:47:59,216 - INFO - suppression du fichier c:\Users\nicol\Documents\ABEILLES\beeReal\out\\3_histogramme_RUTTNER_carnica.png
2025-08-27 22:47:59,216 - INFO - suppression du fichier c:\Users\nicol\Documents\ABEILLES\beeReal\out\\3_out.jpg
2025-08-27 22:47:59,216 - INFO - suppression du fichier c:\Users\nicol\Documents\ABEILLES\beeReal\out\\40_out.jpg
2025-08-27 22:47:59,216 - INFO - suppression du fichier c:\Users\nicol\Documents\ABEILLES\beeReal\out\\41_out.jpg
2025-08-27 22:47:59,216 - INFO - suppression du fichier c:\Users\nicol\Documents\ABEILLES\beeReal\out\\42_out.jpg
2025-08-27 22:47:59,216 - INFO - suppression du fichier c:\Users\nicol\Documents\ABEILLES\beeReal\out\\43_out.jpg
2025-08-27 22:47:59,216 - INFO - suppression du fichier c:\Users\nicol\Documents\ABEILLES\beeReal\out\\44_out.jpg
2025-08-27 22:47:59,216 - INFO - suppression du fichier c:\Users\nicol\Documents\ABEILLES\beeReal\out\\45_out.jpg
2025-08-27 22:47:59,216 - INFO - suppression du fichier c:\Users\nicol\Documents\ABEILLES\beeReal\out\\46_out.jpg
2025-08-27 22:47:59,216 - INFO - suppression du fichier c:\Users\nicol\Documents\ABEILLES\beeReal\out\\47_out.jpg
2025-08-27 22:47:59,216 - INFO - suppression du fichier c:\Users\nicol\Documents\ABEILLES\beeReal\out\\48_out.jpg
2025-08-27 22:47:59,216 - INFO - suppression du fichier c:\Users\nicol\Documents\ABEILLES\beeReal\out\\49_out.jpg
2025-08-27 22:47:59,216 - INFO - suppression du fichier c:\Users\nicol\Documents\ABEILLES\beeReal\out\\4_out.jpg
2025-08-27 22:47:59,222 - INFO - suppression du fichier c:\Users\nicol\Documents\ABEILLES\beeReal\out\\50_out.jpg
2025-08-27 22:47:59,222 - INFO - suppression du fichier c:\Users\nicol\Documents\ABEILLES\beeReal\out\\51_out.jpg
2025-08-27 22:47:59,222 - INFO - suppression du fichier c:\Users\nicol\Documents\ABEILLES\beeReal\out\\52_out.jpg
2025-08-27 22:47:59,222 - INFO - suppression du fichier c:\Users\nicol\Documents\ABEILLES\beeReal\out\\53_out.jpg
2025-08-27 22:47:59,222 - INFO - suppression du fichier c:\Users\nicol\Documents\ABEILLES\beeReal\out\\54_out.jpg
2025-08-27 22:47:59,222 - INFO - suppression du fichier c:\Users\nicol\Documents\ABEILLES\beeReal\out\\55_out.jpg
2025-08-27 22:47:59,222 - INFO - suppression du fichier c:\Users\nicol\Documents\ABEILLES\beeReal\out\\56_out.jpg
2025-08-27 22:47:59,224 - INFO - suppression du fichier c:\Users\nicol\Documents\ABEILLES\beeReal\out\\57_out.jpg
2025-08-27 22:47:59,224 - INFO - suppression du fichier c:\Users\nicol\Documents\ABEILLES\beeReal\out\\58_out.jpg
2025-08-27 22:47:59,224 - INFO - suppression du fichier c:\Users\nicol\Documents\ABEILLES\beeReal\out\\59_out.jpg
2025-08-27 22:47:59,224 - INFO - suppression du fichier c:\Users\nicol\Documents\ABEILLES\beeReal\out\\5_out.jpg
2025-08-27 22:47:59,226 - INFO - suppression du fichier c:\Users\nicol\Documents\ABEILLES\beeReal\out\\60_out.jpg
2025-08-27 22:47:59,226 - INFO - suppression du fichier c:\Users\nicol\Documents\ABEILLES\beeReal\out\\61_out.jpg
2025-08-27 22:47:59,227 - INFO - suppression du fichier c:\Users\nicol\Documents\ABEILLES\beeReal\out\\62_out.jpg
2025-08-27 22:47:59,227 - INFO - suppression du fichier c:\Users\nicol\Documents\ABEILLES\beeReal\out\\63_out.jpg
2025-08-27 22:47:59,228 - INFO - suppression du fichier c:\Users\nicol\Documents\ABEILLES\beeReal\out\\64_out.jpg
2025-08-27 22:47:59,228 - INFO - suppression du fichier c:\Users\nicol\Documents\ABEILLES\beeReal\out\\65_out.jpg
2025-08-27 22:47:59,228 - INFO - suppression du fichier c:\Users\nicol\Documents\ABEILLES\beeReal\out\\66_out.jpg
2025-08-27 22:47:59,228 - INFO - suppression du fichier c:\Users\nicol\Documents\ABEILLES\beeReal\out\\67_out.jpg
2025-08-27 22:47:59,228 - INFO - suppression du fichier c:\Users\nicol\Documents\ABEILLES\beeReal\out\\69_out.jpg
2025-08-27 22:47:59,228 - INFO - suppression du fichier c:\Users\nicol\Documents\ABEILLES\beeReal\out\\6_out.jpg
2025-08-27 22:47:59,230 - INFO - suppression du fichier c:\Users\nicol\Documents\ABEILLES\beeReal\out\\70_out.jpg
2025-08-27 22:47:59,230 - INFO - suppression du fichier c:\Users\nicol\Documents\ABEILLES\beeReal\out\\7_out.jpg
2025-08-27 22:47:59,230 - INFO - suppression du fichier c:\Users\nicol\Documents\ABEILLES\beeReal\out\\8_out.jpg
2025-08-27 22:47:59,230 - INFO - suppression du fichier c:\Users\nicol\Documents\ABEILLES\beeReal\out\\9_out.jpg
2025-08-27 22:47:59,230 - INFO - suppression du fichier c:\Users\nicol\Documents\ABEILLES\beeReal\out\\abacus_RUTTNER.txt
2025-08-27 22:47:59,232 - INFO - suppression du fichier c:\Users\nicol\Documents\ABEILLES\beeReal\out\\results.txt
2025-08-27 22:47:59,232 - INFO - suppression du fichier c:\Users\nicol\Documents\ABEILLES\beeReal\out\\scatter_plot.png
2025-08-27 22:47:59,232 - INFO - nettoyage du dossier 'in' : c:\Users\nicol\Documents\ABEILLES\beeReal\in\
2025-08-27 22:47:59,232 - INFO - suppression du fichier c:\Users\nicol\Documents\ABEILLES\beeReal\in\\10_in.jpg
2025-08-27 22:47:59,232 - INFO - suppression du fichier c:\Users\nicol\Documents\ABEILLES\beeReal\in\\11_in.jpg
2025-08-27 22:47:59,232 - INFO - suppression du fichier c:\Users\nicol\Documents\ABEILLES\beeReal\in\\12_in.jpg
2025-08-27 22:47:59,232 - INFO - suppression du fichier c:\Users\nicol\Documents\ABEILLES\beeReal\in\\13_in.jpg
2025-08-27 22:47:59,232 - INFO - suppression du fichier c:\Users\nicol\Documents\ABEILLES\beeReal\in\\14_in.jpg
2025-08-27 22:47:59,232 - INFO - suppression du fichier c:\Users\nicol\Documents\ABEILLES\beeReal\in\\15_in.jpg
2025-08-27 22:47:59,232 - INFO - suppression du fichier c:\Users\nicol\Documents\ABEILLES\beeReal\in\\16_in.jpg
2025-08-27 22:47:59,232 - INFO - suppression du fichier c:\Users\nicol\Documents\ABEILLES\beeReal\in\\17_in.jpg
2025-08-27 22:47:59,232 - INFO - suppression du fichier c:\Users\nicol\Documents\ABEILLES\beeReal\in\\18_in.jpg
2025-08-27 22:47:59,232 - INFO - suppression du fichier c:\Users\nicol\Documents\ABEILLES\beeReal\in\\19_in.jpg
2025-08-27 22:47:59,232 - INFO - suppression du fichier c:\Users\nicol\Documents\ABEILLES\beeReal\in\\1_in.jpg
2025-08-27 22:47:59,232 - INFO - suppression du fichier c:\Users\nicol\Documents\ABEILLES\beeReal\in\\20_in.jpg
2025-08-27 22:47:59,232 - INFO - suppression du fichier c:\Users\nicol\Documents\ABEILLES\beeReal\in\\21_in.jpg
2025-08-27 22:47:59,232 - INFO - suppression du fichier c:\Users\nicol\Documents\ABEILLES\beeReal\in\\22_in.jpg
2025-08-27 22:47:59,232 - INFO - suppression du fichier c:\Users\nicol\Documents\ABEILLES\beeReal\in\\23_in.jpg
2025-08-27 22:47:59,232 - INFO - suppression du fichier c:\Users\nicol\Documents\ABEILLES\beeReal\in\\24_in.jpg
2025-08-27 22:47:59,236 - INFO - suppression du fichier c:\Users\nicol\Documents\ABEILLES\beeReal\in\\25_in.jpg
2025-08-27 22:47:59,237 - INFO - suppression du fichier c:\Users\nicol\Documents\ABEILLES\beeReal\in\\26_in.jpg
2025-08-27 22:47:59,237 - INFO - suppression du fichier c:\Users\nicol\Documents\ABEILLES\beeReal\in\\27_in.jpg
2025-08-27 22:47:59,237 - INFO - suppression du fichier c:\Users\nicol\Documents\ABEILLES\beeReal\in\\28_in.jpg
2025-08-27 22:47:59,237 - INFO - suppression du fichier c:\Users\nicol\Documents\ABEILLES\beeReal\in\\29_in.jpg
2025-08-27 22:47:59,237 - INFO - suppression du fichier c:\Users\nicol\Documents\ABEILLES\beeReal\in\\2_in.jpg
2025-08-27 22:47:59,237 - INFO - suppression du fichier c:\Users\nicol\Documents\ABEILLES\beeReal\in\\30_in.jpg
2025-08-27 22:47:59,237 - INFO - suppression du fichier c:\Users\nicol\Documents\ABEILLES\beeReal\in\\31_in.jpg
2025-08-27 22:47:59,237 - INFO - suppression du fichier c:\Users\nicol\Documents\ABEILLES\beeReal\in\\32_in.jpg
2025-08-27 22:47:59,237 - INFO - suppression du fichier c:\Users\nicol\Documents\ABEILLES\beeReal\in\\33_in.jpg
2025-08-27 22:47:59,241 - INFO - suppression du fichier c:\Users\nicol\Documents\ABEILLES\beeReal\in\\34_in.jpg
2025-08-27 22:47:59,241 - INFO - suppression du fichier c:\Users\nicol\Documents\ABEILLES\beeReal\in\\35_in.jpg
2025-08-27 22:47:59,241 - INFO - suppression du fichier c:\Users\nicol\Documents\ABEILLES\beeReal\in\\36_in.jpg
2025-08-27 22:47:59,242 - INFO - suppression du fichier c:\Users\nicol\Documents\ABEILLES\beeReal\in\\37_in.jpg
2025-08-27 22:47:59,242 - INFO - suppression du fichier c:\Users\nicol\Documents\ABEILLES\beeReal\in\\38_in.jpg
2025-08-27 22:47:59,242 - INFO - suppression du fichier c:\Users\nicol\Documents\ABEILLES\beeReal\in\\39_in.jpg
2025-08-27 22:47:59,242 - INFO - suppression du fichier c:\Users\nicol\Documents\ABEILLES\beeReal\in\\3_in.jpg
2025-08-27 22:47:59,242 - INFO - suppression du fichier c:\Users\nicol\Documents\ABEILLES\beeReal\in\\40_in.jpg
2025-08-27 22:47:59,242 - INFO - suppression du fichier c:\Users\nicol\Documents\ABEILLES\beeReal\in\\41_in.jpg
2025-08-27 22:47:59,242 - INFO - suppression du fichier c:\Users\nicol\Documents\ABEILLES\beeReal\in\\42_in.jpg
2025-08-27 22:47:59,242 - INFO - suppression du fichier c:\Users\nicol\Documents\ABEILLES\beeReal\in\\43_in.jpg
2025-08-27 22:47:59,242 - INFO - suppression du fichier c:\Users\nicol\Documents\ABEILLES\beeReal\in\\44_in.jpg
2025-08-27 22:47:59,242 - INFO - suppression du fichier c:\Users\nicol\Documents\ABEILLES\beeReal\in\\45_in.jpg
2025-08-27 22:47:59,242 - INFO - suppression du fichier c:\Users\nicol\Documents\ABEILLES\beeReal\in\\46_in.jpg
2025-08-27 22:47:59,242 - INFO - suppression du fichier c:\Users\nicol\Documents\ABEILLES\beeReal\in\\47_in.jpg
2025-08-27 22:47:59,242 - INFO - suppression du fichier c:\Users\nicol\Documents\ABEILLES\beeReal\in\\48_in.jpg
2025-08-27 22:47:59,242 - INFO - suppression du fichier c:\Users\nicol\Documents\ABEILLES\beeReal\in\\49_in.jpg
2025-08-27 22:47:59,242 - INFO - suppression du fichier c:\Users\nicol\Documents\ABEILLES\beeReal\in\\4_in.jpg
2025-08-27 22:47:59,242 - INFO - suppression du fichier c:\Users\nicol\Documents\ABEILLES\beeReal\in\\50_in.jpg
2025-08-27 22:47:59,242 - INFO - suppression du fichier c:\Users\nicol\Documents\ABEILLES\beeReal\in\\51_in.jpg
2025-08-27 22:47:59,242 - INFO - suppression du fichier c:\Users\nicol\Documents\ABEILLES\beeReal\in\\52_in.jpg
2025-08-27 22:47:59,247 - INFO - suppression du fichier c:\Users\nicol\Documents\ABEILLES\beeReal\in\\53_in.jpg
2025-08-27 22:47:59,247 - INFO - suppression du fichier c:\Users\nicol\Documents\ABEILLES\beeReal\in\\54_in.jpg
2025-08-27 22:47:59,247 - INFO - suppression du fichier c:\Users\nicol\Documents\ABEILLES\beeReal\in\\55_in.jpg
2025-08-27 22:47:59,247 - INFO - suppression du fichier c:\Users\nicol\Documents\ABEILLES\beeReal\in\\56_in.jpg
2025-08-27 22:47:59,247 - INFO - suppression du fichier c:\Users\nicol\Documents\ABEILLES\beeReal\in\\57_in.jpg
2025-08-27 22:47:59,247 - INFO - suppression du fichier c:\Users\nicol\Documents\ABEILLES\beeReal\in\\58_in.jpg
2025-08-27 22:47:59,247 - INFO - suppression du fichier c:\Users\nicol\Documents\ABEILLES\beeReal\in\\59_in.jpg
2025-08-27 22:47:59,247 - INFO - suppression du fichier c:\Users\nicol\Documents\ABEILLES\beeReal\in\\5_in.jpg
2025-08-27 22:47:59,247 - INFO - suppression du fichier c:\Users\nicol\Documents\ABEILLES\beeReal\in\\60_in.jpg
2025-08-27 22:47:59,247 - INFO - suppression du fichier c:\Users\nicol\Documents\ABEILLES\beeReal\in\\61_in.jpg
2025-08-27 22:47:59,247 - INFO - suppression du fichier c:\Users\nicol\Documents\ABEILLES\beeReal\in\\62_in.jpg
2025-08-27 22:47:59,247 - INFO - suppression du fichier c:\Users\nicol\Documents\ABEILLES\beeReal\in\\63_in.jpg
2025-08-27 22:47:59,247 - INFO - suppression du fichier c:\Users\nicol\Documents\ABEILLES\beeReal\in\\64_in.jpg
2025-08-27 22:47:59,247 - INFO - suppression du fichier c:\Users\nicol\Documents\ABEILLES\beeReal\in\\65_in.jpg
2025-08-27 22:47:59,251 - INFO - suppression du fichier c:\Users\nicol\Documents\ABEILLES\beeReal\in\\66_in.jpg
2025-08-27 22:47:59,251 - INFO - suppression du fichier c:\Users\nicol\Documents\ABEILLES\beeReal\in\\67_in.jpg
2025-08-27 22:47:59,251 - INFO - suppression du fichier c:\Users\nicol\Documents\ABEILLES\beeReal\in\\68_in.jpg
2025-08-27 22:47:59,251 - INFO - suppression du fichier c:\Users\nicol\Documents\ABEILLES\beeReal\in\\69_in.jpg
2025-08-27 22:47:59,251 - INFO - suppression du fichier c:\Users\nicol\Documents\ABEILLES\beeReal\in\\6_in.jpg
2025-08-27 22:47:59,251 - INFO - suppression du fichier c:\Users\nicol\Documents\ABEILLES\beeReal\in\\70_in.jpg
2025-08-27 22:47:59,251 - INFO - suppression du fichier c:\Users\nicol\Documents\ABEILLES\beeReal\in\\7_in.jpg
2025-08-27 22:47:59,251 - INFO - suppression du fichier c:\Users\nicol\Documents\ABEILLES\beeReal\in\\8_in.jpg
2025-08-27 22:47:59,251 - INFO - suppression du fichier c:\Users\nicol\Documents\ABEILLES\beeReal\in\\9_in.jpg
2025-08-27 22:47:59,251 - INFO - nettoyage du dossier 'tmp' : c:\Users\nicol\Documents\ABEILLES\beeReal\tmp\
2025-08-27 22:47:59,261 - INFO - suppression du fichier c:\Users\nicol\Documents\ABEILLES\beeReal\tmp\\in
2025-08-27 22:47:59,263 - INFO - suppression du fichier c:\Users\nicol\Documents\ABEILLES\beeReal\tmp\\logs
2025-08-27 22:47:59,264 - INFO - suppression du fichier c:\Users\nicol\Documents\ABEILLES\beeReal\tmp\\out
2025-08-27 22:47:59,272 - INFO - Génération du fichier de résultats c:\Users\nicol\Documents\ABEILLES\beeReal\out\\results.txt
2025-08-27 22:48:10,680 - INFO - Chargement du projet 'C:/Users/nicol/Documents/ABEILLES/etudes/ma_ruche_v1_70.zip'
2025-08-27 22:48:11,636 - INFO - Affichage dans l'IHM des valeurs Ci et Ds
2025-08-27 22:48:11,636 - INFO - Abeille n°1
2025-08-27 22:48:11,636 - INFO - Ci : 1.77, Ds : +3.88°
2025-08-27 22:48:11,637 - INFO - Abeille n°2
2025-08-27 22:48:11,637 - INFO - Ci : 2.38, Ds : +1.05°
2025-08-27 22:48:11,638 - INFO - Abeille n°3
2025-08-27 22:48:11,638 - INFO - Ci : 2.91, Ds : +0.26°
2025-08-27 22:48:11,638 - INFO - Abeille n°4
2025-08-27 22:48:11,638 - INFO - Ci : 2.56, Ds : -2.08°
2025-08-27 22:48:11,638 - INFO - Abeille n°5
2025-08-27 22:48:11,638 - INFO - Ci : 2.07, Ds : +2.16°
2025-08-27 22:48:11,639 - INFO - Abeille n°6
2025-08-27 22:48:11,640 - INFO - Ci : 2.29, Ds : -1.51°
2025-08-27 22:48:11,640 - INFO - Abeille n°7
2025-08-27 22:48:11,640 - INFO - Ci : 2.48, Ds : +4.39°
2025-08-27 22:48:11,642 - INFO - Abeille n°8
2025-08-27 22:48:11,642 - INFO - Ci : 2.13, Ds : +2.5°
2025-08-27 22:48:11,643 - INFO - Abeille n°9
2025-08-27 22:48:11,643 - INFO - Ci : 2.16, Ds : +0.97°
2025-08-27 22:48:11,644 - INFO - Abeille n°10
2025-08-27 22:48:11,644 - INFO - Ci : 2.21, Ds : +4.0°
2025-08-27 22:48:11,644 - INFO - Abeille n°11
2025-08-27 22:48:11,644 - INFO - Ci : 1.99, Ds : +4.34°
2025-08-27 22:48:11,644 - INFO - Abeille n°12
2025-08-27 22:48:11,644 - INFO - Ci : 1.65, Ds : +2.03°
2025-08-27 22:48:11,644 - INFO - Abeille n°13
2025-08-27 22:48:11,644 - INFO - Ci : 2.97, Ds : +5.75°
2025-08-27 22:48:11,646 - INFO - Abeille n°14
2025-08-27 22:48:11,646 - INFO - Ci : 2.42, Ds : -2.05°
2025-08-27 22:48:11,646 - INFO - Abeille n°15
2025-08-27 22:48:11,646 - INFO - Ci : 2.75, Ds : +1.32°
2025-08-27 22:48:11,646 - INFO - Abeille n°16
2025-08-27 22:48:11,646 - INFO - Ci : 2.72, Ds : +3.06°
2025-08-27 22:48:11,647 - INFO - Abeille n°17
2025-08-27 22:48:11,647 - INFO - Ci : 1.96, Ds : -1.93°
2025-08-27 22:48:11,647 - INFO - Abeille n°18
2025-08-27 22:48:11,647 - INFO - Ci : 2.03, Ds : +0.07°
2025-08-27 22:48:11,647 - INFO - Abeille n°19
2025-08-27 22:48:11,647 - INFO - Ci : 2.91, Ds : -0.5°
2025-08-27 22:48:11,648 - INFO - Abeille n°20
2025-08-27 22:48:11,648 - INFO - Ci : 2.27, Ds : +0.06°
2025-08-27 22:48:11,648 - INFO - Abeille n°21
2025-08-27 22:48:11,648 - INFO - Ci : 2.82, Ds : +5.07°
2025-08-27 22:48:11,648 - INFO - Abeille n°22
2025-08-27 22:48:11,648 - INFO - Ci : 0.64, Ds : +3.17°
2025-08-27 22:48:11,649 - INFO - Abeille n°23
2025-08-27 22:48:11,649 - INFO - Ci : 1.85, Ds : +2.2°
2025-08-27 22:48:11,649 - INFO - Abeille n°24
2025-08-27 22:48:11,649 - INFO - Ci : 2.77, Ds : +8.26°
2025-08-27 22:48:11,649 - INFO - Abeille n°25
2025-08-27 22:48:11,649 - INFO - Ci : 2.35, Ds : -1.28°
2025-08-27 22:48:11,649 - INFO - Abeille n°26
2025-08-27 22:48:11,649 - INFO - Ci : 2.06, Ds : +0.0°
2025-08-27 22:48:11,650 - INFO - Abeille n°27
2025-08-27 22:48:11,650 - INFO - Ci : 2.47, Ds : -1.63°
2025-08-27 22:48:11,650 - INFO - Abeille n°28
2025-08-27 22:48:11,650 - INFO - Ci : 1.69, Ds : +3.34°
2025-08-27 22:48:11,650 - INFO - Abeille n°29
2025-08-27 22:48:11,650 - INFO - Ci : 1.7, Ds : +2.44°
2025-08-27 22:48:11,650 - INFO - Abeille n°30
2025-08-27 22:48:11,650 - INFO - Ci : 1.77, Ds : +1.65°
2025-08-27 22:48:11,650 - INFO - Abeille n°31
2025-08-27 22:48:11,650 - INFO - Ci : 2.28, Ds : +2.6°
2025-08-27 22:48:11,650 - INFO - Abeille n°32
2025-08-27 22:48:11,650 - INFO - Ci : 2.03, Ds : +1.84°
2025-08-27 22:48:11,651 - INFO - Abeille n°33
2025-08-27 22:48:11,651 - INFO - Ci : 2.35, Ds : -1.92°
2025-08-27 22:48:11,651 - INFO - Abeille n°34
2025-08-27 22:48:11,651 - INFO - Ci : 1.71, Ds : +1.17°
2025-08-27 22:48:11,652 - INFO - Abeille n°35
2025-08-27 22:48:11,652 - INFO - Ci : 1.69, Ds : +2.81°
2025-08-27 22:48:11,652 - INFO - Abeille n°36
2025-08-27 22:48:11,652 - INFO - Ci : 2.3, Ds : -1.58°
2025-08-27 22:48:11,652 - INFO - Abeille n°37
2025-08-27 22:48:11,652 - INFO - Ci : 2.38, Ds : -0.94°
2025-08-27 22:48:11,652 - INFO - Abeille n°38
2025-08-27 22:48:11,652 - INFO - Ci : 1.98, Ds : +1.74°
2025-08-27 22:48:11,653 - INFO - Abeille n°39
2025-08-27 22:48:11,653 - INFO - Ci : 1.7, Ds : +3.24°
2025-08-27 22:48:11,653 - INFO - Abeille n°40
2025-08-27 22:48:11,653 - INFO - Ci : 2.47, Ds : +5.56°
2025-08-27 22:48:11,653 - INFO - Abeille n°41
2025-08-27 22:48:11,653 - INFO - Ci : 1.95, Ds : +4.9°
2025-08-27 22:48:11,653 - INFO - Abeille n°42
2025-08-27 22:48:11,653 - INFO - Ci : 2.86, Ds : +5.54°
2025-08-27 22:48:11,654 - INFO - Abeille n°43
2025-08-27 22:48:11,654 - INFO - Ci : 2.04, Ds : +1.07°
2025-08-27 22:48:11,654 - INFO - Abeille n°44
2025-08-27 22:48:11,654 - INFO - Ci : 2.5, Ds : -0.5°
2025-08-27 22:48:11,654 - INFO - Abeille n°45
2025-08-27 22:48:11,654 - INFO - Ci : 1.85, Ds : +3.88°
2025-08-27 22:48:11,655 - INFO - Abeille n°46
2025-08-27 22:48:11,655 - INFO - Ci : 2.17, Ds : -2.52°
2025-08-27 22:48:11,655 - INFO - Abeille n°47
2025-08-27 22:48:11,655 - INFO - Ci : 2.78, Ds : +0.84°
2025-08-27 22:48:11,656 - INFO - Abeille n°48
2025-08-27 22:48:11,656 - INFO - Ci : 2.76, Ds : +6.19°
2025-08-27 22:48:11,657 - INFO - Abeille n°49
2025-08-27 22:48:11,657 - INFO - Ci : 2.18, Ds : -3.04°
2025-08-27 22:48:11,657 - INFO - Abeille n°50
2025-08-27 22:48:11,658 - INFO - Ci : 2.8, Ds : +2.7°
2025-08-27 22:48:11,658 - INFO - Abeille n°51
2025-08-27 22:48:11,658 - INFO - Ci : 2.09, Ds : -1.83°
2025-08-27 22:48:11,658 - INFO - Abeille n°52
2025-08-27 22:48:11,658 - INFO - Ci : 2.38, Ds : -1.5°
2025-08-27 22:48:11,658 - INFO - Abeille n°53
2025-08-27 22:48:11,658 - INFO - Ci : 2.18, Ds : +0.04°
2025-08-27 22:48:11,660 - INFO - Abeille n°54
2025-08-27 22:48:11,660 - INFO - Ci : 2.56, Ds : +2.99°
2025-08-27 22:48:11,660 - INFO - Abeille n°55
2025-08-27 22:48:11,660 - INFO - Ci : 2.21, Ds : -0.3°
2025-08-27 22:48:11,661 - INFO - Abeille n°56
2025-08-27 22:48:11,661 - INFO - Ci : 2.22, Ds : -4.1°
2025-08-27 22:48:11,661 - INFO - Abeille n°57
2025-08-27 22:48:11,661 - INFO - Ci : 2.31, Ds : +6.08°
2025-08-27 22:48:11,661 - INFO - Abeille n°58
2025-08-27 22:48:11,661 - INFO - Ci : 2.18, Ds : +1.09°
2025-08-27 22:48:11,662 - INFO - Abeille n°59
2025-08-27 22:48:11,662 - INFO - Ci : 2.62, Ds : +0.4°
2025-08-27 22:48:11,662 - INFO - Abeille n°60
2025-08-27 22:48:11,662 - INFO - Ci : 2.0, Ds : +5.55°
2025-08-27 22:48:11,663 - INFO - Abeille n°61
2025-08-27 22:48:11,663 - INFO - Ci : 2.8, Ds : +6.58°
2025-08-27 22:48:11,663 - INFO - Abeille n°62
2025-08-27 22:48:11,663 - INFO - Ci : 1.34, Ds : +1.0°
2025-08-27 22:48:11,663 - INFO - Abeille n°63
2025-08-27 22:48:11,663 - INFO - Ci : 2.14, Ds : +2.75°
2025-08-27 22:48:11,664 - INFO - Abeille n°64
2025-08-27 22:48:11,664 - INFO - Ci : 2.56, Ds : +4.53°
2025-08-27 22:48:11,664 - INFO - Abeille n°65
2025-08-27 22:48:11,664 - INFO - Ci : 2.11, Ds : +0.52°
2025-08-27 22:48:11,664 - INFO - Abeille n°66
2025-08-27 22:48:11,664 - INFO - Ci : 2.91, Ds : +3.15°
2025-08-27 22:48:11,665 - INFO - Abeille n°67
2025-08-27 22:48:11,665 - INFO - Ci : 1.54, Ds : +4.19°
2025-08-27 22:48:11,665 - INFO - Abeille n°69
2025-08-27 22:48:11,665 - INFO - Ci : 2.25, Ds : -1.89°
2025-08-27 22:48:11,665 - INFO - Abeille n°70
2025-08-27 22:48:11,665 - INFO - Ci : 1.87, Ds : -3.33°
2025-08-27 22:48:13,415 - INFO - Attention : l'abeille 68 n'a pas été trouvée dans le fichier de résultats
