2025-08-02 22:44:39,372 - INFO - Démarrage du programme
2025-08-02 22:44:39,372 - INFO - nettoyage du dossier 'out' : c:\Users\nicol\Documents\ABEILLES\logiciel\blackBeeID\\out
2025-08-02 22:44:39,372 - INFO - suppression du fichier c:\Users\nicol\Documents\ABEILLES\logiciel\blackBeeID\\out\results.txt
2025-08-02 22:44:39,372 - INFO - nettoyage du dossier 'in' : c:\Users\nicol\Documents\ABEILLES\logiciel\blackBeeID\\in
2025-08-02 22:44:39,373 - INFO - suppression du fichier c:\Users\nicol\Documents\ABEILLES\logiciel\blackBeeID\\in\6_in.jpg
2025-08-02 22:44:39,373 - INFO - nettoyage du dossier 'tmp' : c:\Users\nicol\Documents\ABEILLES\logiciel\blackBeeID\\tmp
2025-08-02 22:44:39,373 - INFO - Génération du fichier de résultats c:\Users\nicol\Documents\ABEILLES\logiciel\blackBeeID\\out\results.txt
2025-08-02 22:44:46,499 - INFO - Image n°1 : c:\Users\nicol\Documents\ABEILLES\logiciel\blackBeeID\\in\1_in.jpg
2025-08-02 22:44:47,224 - INFO - Edition de l'image : 1_in.jpg
2025-08-02 22:44:47,231 - INFO - Copie du fichier : c:\Users\nicol\Documents\ABEILLES\logiciel\blackBeeID\\in\1_in.jpg >> c:\Users\nicol\Documents\ABEILLES\logiciel\blackBeeID\\tmp\1_in___02_08_2025___22_44_47.jpg
2025-08-02 22:44:47,265 - INFO - Edition de l'image n°1
2025-08-02 22:44:47,265 - INFO - ----------------------
2025-08-02 22:44:57,625 - INFO - Point Ci n°1 : (i,j)=(367, 484)
2025-08-02 22:44:57,625 - INFO - Point Ci n°2 : (i,j)=(368, 656)
2025-08-02 22:44:57,625 - INFO - Point Ci n°3 : (i,j)=(338, 819)
2025-08-02 22:44:57,625 - INFO - ----------------------
2025-08-02 22:44:57,625 - INFO - Point Ds n°1 : (i,j)=(243, 421)
2025-08-02 22:44:57,625 - INFO - Point Ds n°2 : (i,j)=(248, 630)
2025-08-02 22:44:57,625 - INFO - Point Ds n°3 : (i,j)=(260, 924)
2025-08-02 22:44:57,625 - INFO - Point Ds n°4 : (i,j)=(494, 661)
2025-08-02 22:44:57,657 - INFO - Indice cubital Abeille #1) : 0.963575253359207
2025-08-02 22:44:57,657 - INFO - Shift discoidal Abeille #1) : -97.18234077°
2025-08-02 22:44:57,670 - INFO - Image sauvegardée : c:\Users\nicol\Documents\ABEILLES\logiciel\blackBeeID\\out\1_out.jpg
2025-08-02 22:44:57,685 - INFO - Les infos ont été ajoutées sur l'image.
