2025-08-19 21:03:37,306 - INFO - Démarrage du programme
2025-08-19 21:03:37,307 - INFO - nettoyage du dossier 'out' : c:\Users\nicol\Documents\ABEILLES\beeReal\out\
2025-08-19 21:03:37,307 - INFO - suppression du fichier c:\Users\nicol\Documents\ABEILLES\beeReal\out\\results.txt
2025-08-19 21:03:37,307 - INFO - nettoyage du dossier 'in' : c:\Users\nicol\Documents\ABEILLES\beeReal\in\
2025-08-19 21:03:37,308 - INFO - nettoyage du dossier 'tmp' : c:\Users\nicol\Documents\ABEILLES\beeReal\tmp\
2025-08-19 21:03:37,308 - INFO - Génération du fichier de résultats c:\Users\nicol\Documents\ABEILLES\beeReal\out\\results.txt
2025-08-19 21:03:49,968 - INFO - Image 26 : c:\Users\nicol\Documents\ABEILLES\beeReal\in\\26_in.jpg
2025-08-19 21:03:50,518 - INFO - Edition de l'image : 26_in.jpg
2025-08-19 21:03:50,519 - INFO - Copie du fichier : c:\Users\nicol\Documents\ABEILLES\beeReal\in\\26_in.jpg >> c:\Users\nicol\Documents\ABEILLES\beeReal\tmp\\26_in___19_08_2025___21_03_50.jpg
2025-08-19 21:03:50,561 - INFO - Edition de l'image 26
2025-08-19 21:03:50,561 - INFO - ----------------------
2025-08-19 21:04:15,687 - INFO - Point Ci n°1 : (i,j)=(277, 571)
2025-08-19 21:04:15,687 - INFO - Point Ci n°2 : (i,j)=(363, 685)
2025-08-19 21:04:15,688 - INFO - Point Ci n°3 : (i,j)=(316, 895)
2025-08-19 21:04:15,688 - INFO - ----------------------
2025-08-19 21:04:15,688 - INFO - Point Ds n°1 : (i,j)=(313, 498)
2025-08-19 21:04:15,688 - INFO - Point Ds n°2 : (i,j)=(412, 729)
2025-08-19 21:04:15,688 - INFO - Point Ds n°3 : (i,j)=(311, 905)
2025-08-19 21:04:15,688 - INFO - Point Ds n°4 : (i,j)=(546, 773)
2025-08-19 21:04:15,722 - INFO - Indice cubital Abeille #26) : 0.6635859921339196
2025-08-19 21:04:15,722 - INFO - Shift discoidal Abeille #26) : 17.73729073°
2025-08-19 21:04:15,737 - INFO - Image sauvegardée : c:\Users\nicol\Documents\ABEILLES\beeReal\out\\26_out.jpg
2025-08-19 21:04:15,753 - INFO - Les infos ont été ajoutées sur l'image.
